<?xml version="1.0" encoding="utf-8"?><testsuites name="pytest tests"><testsuite name="pytest" errors="0" failures="0" skipped="0" tests="14" time="1.048" timestamp="2026-09-10T20:37:04.373630-03:00" hostname="Leo"><testcase classname="tests.test_resolution_live_settlement" name="test_rejects_wrong_event" time="0.002" /><testcase classname="tests.test_resolution_live_settlement" name="test_rejects_invalid_score[True]" time="0.001" /><testcase classname="tests.test_resolution_live_settlement" name="test_rejects_invalid_score[-1]" time="0.002" /><testcase classname="tests.test_resolution_live_settlement" name="test_rejects_invalid_probability_vector[nan]" time="0.001" /><testcase classname="tests.test_resolution_live_settlement" name="test_rejects_invalid_probability_vector[-0.1]" time="0.001" /><testcase classname="tests.test_resolution_live_settlement" name="test_rejects_invalid_probability_vector[1.1]" time="0.004" /><testcase classname="tests.test_resolution_live_settlement" name="test_rejects_invalid_probability_vector[True]" time="0.001" /><testcase classname="tests.test_resolution_live_settlement" name="test_rejects_invalid_probability_vector[0.2]" time="0.002" /><testcase classname="tests.test_resolution_live_settlement" name="test_retry_retains_first_receipt_and_changed_result_conflicts" time="0.045" /><testcase classname="tests.test_resolution_live_settlement" name="test_writer_lock_is_respected" time="0.015" /><testcase classname="tests.test_resolution_live_settlement" name="test_cli_retry_reports_persisted_receipt_in_stdout_and_run_log" time="0.064" /><testcase classname="tests.test_settle_live_prediction" name="test_settlement_is_separate_linked_append_only_and_diagnostic" time="0.034" /><testcase classname="tests.test_settle_live_prediction" name="test_settlement_refuses_unfinished_event_and_naive_clock" time="0.003" /><testcase classname="tests.test_settle_live_prediction" name="test_load_prediction_requires_exactly_one_original" time="0.025" /></testsuite></testsuites>