<?xml version="1.0" encoding="utf-8"?><testsuites name="pytest tests"><testsuite name="pytest" errors="0" failures="1" skipped="0" tests="4" time="6.081" timestamp="2026-09-10T12:39:56.370931-03:00" hostname="Leo"><testcase classname="tests.test_completion_source_budget" name="test_missing_pagination_does_not_prove_complete_coverage" time="0.003"><failure message="Failed: DID NOT RAISE DataUnavailableError">..\..\..\brasileirao-predictor\tests\test_completion_source_budget.py:10: in test_missing_pagination_does_not_prove_complete_coverage
    with pytest.raises(DataUnavailableError, match="paginação"):
         ^^^^^^^^^^^^^^^^^^^^^^^^^^^^^^^^^^^^^^^^^^^^^^^^^^^^^^
E   Failed: DID NOT RAISE DataUnavailableError</failure></testcase><testcase classname="tests.test_completion_source_budget" name="test_cursor_is_encoded_and_does_not_follow_external_next_page" time="0.012" /><testcase classname="tests.test_completion_source_budget" name="test_budget_is_enforced_without_an_extra_request" time="0.007" /><testcase classname="tests.test_completion_source_budget" name="test_provider_error_cannot_echo_credentials" time="0.021" /></testsuite></testsuites>