<?xml version="1.0" encoding="utf-8"?><testsuites name="pytest tests"><testsuite name="pytest" errors="0" failures="32" skipped="0" tests="33" time="18.839" timestamp="2026-09-10T13:32:18.154806-03:00" hostname="Leo"><testcase classname="tests.test_closeout_integrity" name="test_score_cannot_be_truncated_or_boolean[True]" time="13.788"><failure message="Failed: DID NOT RAISE ValueError">..\..\..\brasileirao-predictor\tests\test_closeout_integrity.py:19: in test_score_cannot_be_truncated_or_boolean
    with pytest.raises(ValueError):
         ^^^^^^^^^^^^^^^^^^^^^^^^^
E   Failed: DID NOT RAISE ValueError</failure></testcase><testcase classname="tests.test_closeout_integrity" name="test_score_cannot_be_truncated_or_boolean[1.9_0]" time="0.047"><failure message="Failed: DID NOT RAISE ValueError">..\..\..\brasileirao-predictor\tests\test_closeout_integrity.py:19: in test_score_cannot_be_truncated_or_boolean
    with pytest.raises(ValueError):
         ^^^^^^^^^^^^^^^^^^^^^^^^^
E   Failed: DID NOT RAISE ValueError</failure></testcase><testcase classname="tests.test_closeout_integrity" name="test_score_cannot_be_truncated_or_boolean[1.9_1]" time="0.039" /><testcase classname="tests.test_closeout_integrity" name="test_score_cannot_be_truncated_or_boolean[inf]" time="0.037"><failure message="OverflowError: cannot convert float infinity to integer">..\..\..\brasileirao-predictor\tests\test_closeout_integrity.py:20: in test_score_cannot_be_truncated_or_boolean
    bet_log.settle_bet("A", "B", score, 0, path=path)
..\..\..\brasileirao-predictor\brasileirao_predictor\bet_log.py:289: in settle_bet
    home_score, away_score = int(home_score), int(away_score)
                             ^^^^^^^^^^^^^^^
E   OverflowError: cannot convert float infinity to integer</failure></testcase><testcase classname="tests.test_closeout_integrity" name="test_half_time_requires_two_integer_counts[ht0]" time="0.065"><failure message="Failed: DID NOT RAISE ValueError">..\..\..\brasileirao-predictor\tests\test_closeout_integrity.py:28: in test_half_time_requires_two_integer_counts
    with pytest.raises(ValueError):
         ^^^^^^^^^^^^^^^^^^^^^^^^^
E   Failed: DID NOT RAISE ValueError</failure></testcase><testcase classname="tests.test_closeout_integrity" name="test_half_time_requires_two_integer_counts[ht1]" time="0.033"><failure message="Failed: DID NOT RAISE ValueError">..\..\..\brasileirao-predictor\tests\test_closeout_integrity.py:28: in test_half_time_requires_two_integer_counts
    with pytest.raises(ValueError):
         ^^^^^^^^^^^^^^^^^^^^^^^^^
E   Failed: DID NOT RAISE ValueError</failure></testcase><testcase classname="tests.test_closeout_integrity" name="test_half_time_requires_two_integer_counts[ht2]" time="0.015"><failure message="IndexError: tuple index out of range">..\..\..\brasileirao-predictor\tests\test_closeout_integrity.py:29: in test_half_time_requires_two_integer_counts
    bet_log.settle_bet("A", "B", 2, 0, ht=ht, path=path)
..\..\..\brasileirao-predictor\brasileirao_predictor\bet_log.py:292: in settle_bet
    if home_score &lt; 0 or away_score &lt; 0 or (ht is not None and (int(ht[0]) &lt; 0 or int(ht[1]) &lt; 0)):
                                                                                      ^^^^^
E   IndexError: tuple index out of range</failure></testcase><testcase classname="tests.test_closeout_integrity" name="test_half_time_requires_two_integer_counts[ht3]" time="0.042"><failure message="Failed: DID NOT RAISE ValueError">..\..\..\brasileirao-predictor\tests\test_closeout_integrity.py:28: in test_half_time_requires_two_integer_counts
    with pytest.raises(ValueError):
         ^^^^^^^^^^^^^^^^^^^^^^^^^
E   Failed: DID NOT RAISE ValueError</failure></testcase><testcase classname="tests.test_closeout_integrity" name="test_summary_rejects_duplicate_settlement" time="0.078"><failure message="Failed: DID NOT RAISE ValueError">..\..\..\brasileirao-predictor\tests\test_closeout_integrity.py:43: in test_summary_rejects_duplicate_settlement
    with pytest.raises(ValueError):
         ^^^^^^^^^^^^^^^^^^^^^^^^^
E   Failed: DID NOT RAISE ValueError</failure></testcase><testcase classname="tests.test_closeout_integrity" name="test_summary_rejects_orphan_and_changed_amount" time="0.049"><failure message="Failed: DID NOT RAISE ValueError">..\..\..\brasileirao-predictor\tests\test_closeout_integrity.py:51: in test_summary_rejects_orphan_and_changed_amount
    with pytest.raises(ValueError):
         ^^^^^^^^^^^^^^^^^^^^^^^^^
E   Failed: DID NOT RAISE ValueError</failure></testcase><testcase classname="tests.test_closeout_integrity" name="test_imported_duplicate_bet_id_is_rejected" time="0.037"><failure message="Failed: DID NOT RAISE ValueError">..\..\..\brasileirao-predictor\tests\test_closeout_integrity.py:58: in test_imported_duplicate_bet_id_is_rejected
    with pytest.raises(ValueError):
         ^^^^^^^^^^^^^^^^^^^^^^^^^
E   Failed: DID NOT RAISE ValueError</failure></testcase><testcase classname="tests.test_closeout_integrity" name="test_malformed_json_journal_refused[{&quot;kind&quot;:&quot;bet&quot;,&quot;stake&quot;:NaN}]" time="0.028"><failure message="Failed: DID NOT RAISE ValueError">..\..\..\brasileirao-predictor\tests\test_closeout_integrity.py:66: in test_malformed_json_journal_refused
    with pytest.raises(ValueError):
         ^^^^^^^^^^^^^^^^^^^^^^^^^
E   Failed: DID NOT RAISE ValueError</failure></testcase><testcase classname="tests.test_closeout_integrity" name="test_malformed_json_journal_refused[{&quot;kind&quot;:&quot;bet&quot;,&quot;kind&quot;:&quot;settlement&quot;}]" time="0.031"><failure message="Failed: DID NOT RAISE ValueError">..\..\..\brasileirao-predictor\tests\test_closeout_integrity.py:66: in test_malformed_json_journal_refused
    with pytest.raises(ValueError):
         ^^^^^^^^^^^^^^^^^^^^^^^^^
E   Failed: DID NOT RAISE ValueError</failure></testcase><testcase classname="tests.test_closeout_integrity" name="test_last_unusable_state_must_not_resurrect_price[changes0]" time="0.003"><failure message="AssertionError: assert {'source': 'synthetic', 'source_match_id': 'event1', 'canonical_match_id': 'match1', 'bookmaker': 'A', ...} is None&#10; +  where {'source': 'synthetic', 'source_match_id': 'event1', 'canonical_match_id': 'match1', 'bookmaker': 'A', ...} = closing([{'source': 'synthetic', 'source_match_id': 'event1', 'canonical_match_id': 'match1', 'bookmaker': 'A', ...}, {'source': 'synthetic', 'source_match_id': 'event1', 'canonical_match_id': 'match1', 'bookmaker': 'A', ...}])">..\..\..\brasileirao-predictor\tests\test_closeout_integrity.py:85: in test_last_unusable_state_must_not_resurrect_price
    assert closing([quote(), quote(captured_at="2024-05-01T19:00:00Z", **changes)]) is None
E   AssertionError: assert {'source': 'synthetic', 'source_match_id': 'event1', 'canonical_match_id': 'match1', 'bookmaker': 'A', ...} is None
E    +  where {'source': 'synthetic', 'source_match_id': 'event1', 'canonical_match_id': 'match1', 'bookmaker': 'A', ...} = closing([{'source': 'synthetic', 'source_match_id': 'event1', 'canonical_match_id': 'match1', 'bookmaker': 'A', ...}, {'source': 'synthetic', 'source_match_id': 'event1', 'canonical_match_id': 'match1', 'bookmaker': 'A', ...}])</failure></testcase><testcase classname="tests.test_closeout_integrity" name="test_last_unusable_state_must_not_resurrect_price[changes1]" time="0.002"><failure message="AssertionError: assert {'source': 'synthetic', 'source_match_id': 'event1', 'canonical_match_id': 'match1', 'bookmaker': 'A', ...} is None&#10; +  where {'source': 'synthetic', 'source_match_id': 'event1', 'canonical_match_id': 'match1', 'bookmaker': 'A', ...} = closing([{'source': 'synthetic', 'source_match_id': 'event1', 'canonical_match_id': 'match1', 'bookmaker': 'A', ...}, {'source': 'synthetic', 'source_match_id': 'event1', 'canonical_match_id': 'match1', 'bookmaker': 'A', ...}])">..\..\..\brasileirao-predictor\tests\test_closeout_integrity.py:85: in test_last_unusable_state_must_not_resurrect_price
    assert closing([quote(), quote(captured_at="2024-05-01T19:00:00Z", **changes)]) is None
E   AssertionError: assert {'source': 'synthetic', 'source_match_id': 'event1', 'canonical_match_id': 'match1', 'bookmaker': 'A', ...} is None
E    +  where {'source': 'synthetic', 'source_match_id': 'event1', 'canonical_match_id': 'match1', 'bookmaker': 'A', ...} = closing([{'source': 'synthetic', 'source_match_id': 'event1', 'canonical_match_id': 'match1', 'bookmaker': 'A', ...}, {'source': 'synthetic', 'source_match_id': 'event1', 'canonical_match_id': 'match1', 'bookmaker': 'A', ...}])</failure></testcase><testcase classname="tests.test_closeout_integrity" name="test_last_unusable_state_must_not_resurrect_price[changes2]" time="0.009"><failure message="AssertionError: assert {'source': 'synthetic', 'source_match_id': 'event1', 'canonical_match_id': 'match1', 'bookmaker': 'A', ...} is None&#10; +  where {'source': 'synthetic', 'source_match_id': 'event1', 'canonical_match_id': 'match1', 'bookmaker': 'A', ...} = closing([{'source': 'synthetic', 'source_match_id': 'event1', 'canonical_match_id': 'match1', 'bookmaker': 'A', ...}, {'source': 'synthetic', 'source_match_id': 'event1', 'canonical_match_id': 'match1', 'bookmaker': 'A', ...}])">..\..\..\brasileirao-predictor\tests\test_closeout_integrity.py:85: in test_last_unusable_state_must_not_resurrect_price
    assert closing([quote(), quote(captured_at="2024-05-01T19:00:00Z", **changes)]) is None
E   AssertionError: assert {'source': 'synthetic', 'source_match_id': 'event1', 'canonical_match_id': 'match1', 'bookmaker': 'A', ...} is None
E    +  where {'source': 'synthetic', 'source_match_id': 'event1', 'canonical_match_id': 'match1', 'bookmaker': 'A', ...} = closing([{'source': 'synthetic', 'source_match_id': 'event1', 'canonical_match_id': 'match1', 'bookmaker': 'A', ...}, {'source': 'synthetic', 'source_match_id': 'event1', 'canonical_match_id': 'match1', 'bookmaker': 'A', ...}])</failure></testcase><testcase classname="tests.test_closeout_integrity" name="test_closing_conflicting_latest_tie_abstains" time="0.002"><failure message="AssertionError: assert {'source': 'synthetic', 'source_match_id': 'event1', 'canonical_match_id': 'match1', 'bookmaker': 'A', ...} is None&#10; +  where {'source': 'synthetic', 'source_match_id': 'event1', 'canonical_match_id': 'match1', 'bookmaker': 'A', ...} = closing([{'source': 'synthetic', 'source_match_id': 'event1', 'canonical_match_id': 'match1', 'bookmaker': 'A', ...}, {'source': 'synthetic', 'source_match_id': 'event1', 'canonical_match_id': 'match1', 'bookmaker': 'A', ...}])">..\..\..\brasileirao-predictor\tests\test_closeout_integrity.py:89: in test_closing_conflicting_latest_tie_abstains
    assert closing([quote(), quote(raw_odds=2.2)]) is None
E   AssertionError: assert {'source': 'synthetic', 'source_match_id': 'event1', 'canonical_match_id': 'match1', 'bookmaker': 'A', ...} is None
E    +  where {'source': 'synthetic', 'source_match_id': 'event1', 'canonical_match_id': 'match1', 'bookmaker': 'A', ...} = closing([{'source': 'synthetic', 'source_match_id': 'event1', 'canonical_match_id': 'match1', 'bookmaker': 'A', ...}, {'source': 'synthetic', 'source_match_id': 'event1', 'canonical_match_id': 'match1', 'bookmaker': 'A', ...}])</failure></testcase><testcase classname="tests.test_closeout_integrity" name="test_closing_cannot_mix_event_source_or_contract[changes0]" time="0.001"><failure message="Failed: DID NOT RAISE ValueError">..\..\..\brasileirao-predictor\tests\test_closeout_integrity.py:94: in test_closing_cannot_mix_event_source_or_contract
    with pytest.raises(ValueError):
         ^^^^^^^^^^^^^^^^^^^^^^^^^
E   Failed: DID NOT RAISE ValueError</failure></testcase><testcase classname="tests.test_closeout_integrity" name="test_closing_cannot_mix_event_source_or_contract[changes1]" time="0.002"><failure message="Failed: DID NOT RAISE ValueError">..\..\..\brasileirao-predictor\tests\test_closeout_integrity.py:94: in test_closing_cannot_mix_event_source_or_contract
    with pytest.raises(ValueError):
         ^^^^^^^^^^^^^^^^^^^^^^^^^
E   Failed: DID NOT RAISE ValueError</failure></testcase><testcase classname="tests.test_closeout_integrity" name="test_closing_cannot_mix_event_source_or_contract[changes2]" time="0.002"><failure message="Failed: DID NOT RAISE ValueError">..\..\..\brasileirao-predictor\tests\test_closeout_integrity.py:94: in test_closing_cannot_mix_event_source_or_contract
    with pytest.raises(ValueError):
         ^^^^^^^^^^^^^^^^^^^^^^^^^
E   Failed: DID NOT RAISE ValueError</failure></testcase><testcase classname="tests.test_closeout_integrity" name="test_closing_cannot_mix_event_source_or_contract[changes3]" time="0.003"><failure message="Failed: DID NOT RAISE ValueError">..\..\..\brasileirao-predictor\tests\test_closeout_integrity.py:94: in test_closing_cannot_mix_event_source_or_contract
    with pytest.raises(ValueError):
         ^^^^^^^^^^^^^^^^^^^^^^^^^
E   Failed: DID NOT RAISE ValueError</failure></testcase><testcase classname="tests.test_closeout_integrity" name="test_curated_clock_cannot_follow_receipt[observed_at]" time="0.108"><failure message="Failed: DID NOT RAISE ValueError">..\..\..\brasileirao-predictor\tests\test_closeout_integrity.py:105: in test_curated_clock_cannot_follow_receipt
    with pytest.raises(ValueError):
         ^^^^^^^^^^^^^^^^^^^^^^^^^
E   Failed: DID NOT RAISE ValueError</failure></testcase><testcase classname="tests.test_closeout_integrity" name="test_curated_clock_cannot_follow_receipt[published_at]" time="0.051"><failure message="Failed: DID NOT RAISE ValueError">..\..\..\brasileirao-predictor\tests\test_closeout_integrity.py:105: in test_curated_clock_cannot_follow_receipt
    with pytest.raises(ValueError):
         ^^^^^^^^^^^^^^^^^^^^^^^^^
E   Failed: DID NOT RAISE ValueError</failure></testcase><testcase classname="tests.test_closeout_integrity" name="test_readiness_rejects_coerced_or_blank_input[changes0]" time="0.012"><failure message="Failed: DID NOT RAISE ValueError">..\..\..\brasileirao-predictor\tests\test_closeout_integrity.py:118: in test_readiness_rejects_coerced_or_blank_input
    with pytest.raises(ValueError):
         ^^^^^^^^^^^^^^^^^^^^^^^^^
E   Failed: DID NOT RAISE ValueError</failure></testcase><testcase classname="tests.test_closeout_integrity" name="test_readiness_rejects_coerced_or_blank_input[changes1]" time="0.003"><failure message="Failed: DID NOT RAISE ValueError">..\..\..\brasileirao-predictor\tests\test_closeout_integrity.py:118: in test_readiness_rejects_coerced_or_blank_input
    with pytest.raises(ValueError):
         ^^^^^^^^^^^^^^^^^^^^^^^^^
E   Failed: DID NOT RAISE ValueError</failure></testcase><testcase classname="tests.test_closeout_integrity" name="test_readiness_rejects_coerced_or_blank_input[changes2]" time="0.003"><failure message="Failed: DID NOT RAISE ValueError">..\..\..\brasileirao-predictor\tests\test_closeout_integrity.py:118: in test_readiness_rejects_coerced_or_blank_input
    with pytest.raises(ValueError):
         ^^^^^^^^^^^^^^^^^^^^^^^^^
E   Failed: DID NOT RAISE ValueError</failure></testcase><testcase classname="tests.test_closeout_integrity" name="test_readiness_rejects_coerced_or_blank_input[changes3]" time="0.001"><failure message="Failed: DID NOT RAISE ValueError">..\..\..\brasileirao-predictor\tests\test_closeout_integrity.py:118: in test_readiness_rejects_coerced_or_blank_input
    with pytest.raises(ValueError):
         ^^^^^^^^^^^^^^^^^^^^^^^^^
E   Failed: DID NOT RAISE ValueError</failure></testcase><testcase classname="tests.test_closeout_integrity" name="test_readiness_rejects_coerced_or_blank_input[changes4]" time="0.002"><failure message="Failed: DID NOT RAISE ValueError">..\..\..\brasileirao-predictor\tests\test_closeout_integrity.py:118: in test_readiness_rejects_coerced_or_blank_input
    with pytest.raises(ValueError):
         ^^^^^^^^^^^^^^^^^^^^^^^^^
E   Failed: DID NOT RAISE ValueError</failure></testcase><testcase classname="tests.test_closeout_integrity" name="test_declarations_do_not_certify_prospective_evidence" time="0.002"><failure message="AssertionError: assert not True&#10; +  where True = PredictionReadinessReport(protocol_version='prediction-readiness/1', ready=True, designation='OFFICIAL_PRE_MATCH', blo... no point-in-time market comparison is possible')], pre_match_evidence_eligible=True, economic_evidence_eligible=False).pre_match_evidence_eligible">..\..\..\brasileirao-predictor\tests\test_closeout_integrity.py:125: in test_declarations_do_not_certify_prospective_evidence
    assert not report.pre_match_evidence_eligible
E   AssertionError: assert not True
E    +  where True = PredictionReadinessReport(protocol_version='prediction-readiness/1', ready=True, designation='OFFICIAL_PRE_MATCH', blo... no point-in-time market comparison is possible')], pre_match_evidence_eligible=True, economic_evidence_eligible=False).pre_match_evidence_eligible</failure></testcase><testcase classname="tests.test_closeout_integrity" name="test_inconsistent_chronology_blocks_contract[changes0]" time="0.002"><failure message="AssertionError: assert not True&#10; +  where True = PredictionReadinessReport(protocol_version='prediction-readiness/1', ready=True, designation='OFFICIAL_PRE_MATCH', blo... no point-in-time market comparison is possible')], pre_match_evidence_eligible=True, economic_evidence_eligible=False).ready&#10; +    where PredictionReadinessReport(protocol_version='prediction-readiness/1', ready=True, designation='OFFICIAL_PRE_MATCH', blo... no point-in-time market comparison is possible')], pre_match_evidence_eligible=True, economic_evidence_eligible=False) = assess_prediction_readiness({'prediction_kind': 'PRE_MATCH', 'event_id': '123', 'home': 'A', 'away': 'B', ...})&#10; +      where {'prediction_kind': 'PRE_MATCH', 'event_id': '123', 'home': 'A', 'away': 'B', ...} = candidate(**{'historical_data_cutoff': datetime.datetime(2026, 8, 20, 20, 0, tzinfo=datetime.timezone.utc)})">..\..\..\brasileirao-predictor\tests\test_closeout_integrity.py:137: in test_inconsistent_chronology_blocks_contract
    assert not assess_prediction_readiness(candidate(**changes)).ready
E   AssertionError: assert not True
E    +  where True = PredictionReadinessReport(protocol_version='prediction-readiness/1', ready=True, designation='OFFICIAL_PRE_MATCH', blo... no point-in-time market comparison is possible')], pre_match_evidence_eligible=True, economic_evidence_eligible=False).ready
E    +    where PredictionReadinessReport(protocol_version='prediction-readiness/1', ready=True, designation='OFFICIAL_PRE_MATCH', blo... no point-in-time market comparison is possible')], pre_match_evidence_eligible=True, economic_evidence_eligible=False) = assess_prediction_readiness({'prediction_kind': 'PRE_MATCH', 'event_id': '123', 'home': 'A', 'away': 'B', ...})
E    +      where {'prediction_kind': 'PRE_MATCH', 'event_id': '123', 'home': 'A', 'away': 'B', ...} = candidate(**{'historical_data_cutoff': datetime.datetime(2026, 8, 20, 20, 0, tzinfo=datetime.timezone.utc)})</failure></testcase><testcase classname="tests.test_closeout_integrity" name="test_inconsistent_chronology_blocks_contract[changes1]" time="0.004"><failure message="AssertionError: assert not True&#10; +  where True = PredictionReadinessReport(protocol_version='prediction-readiness/1', ready=True, designation='OFFICIAL_PRE_MATCH', blo... no point-in-time market comparison is possible')], pre_match_evidence_eligible=True, economic_evidence_eligible=False).ready&#10; +    where PredictionReadinessReport(protocol_version='prediction-readiness/1', ready=True, designation='OFFICIAL_PRE_MATCH', blo... no point-in-time market comparison is possible')], pre_match_evidence_eligible=True, economic_evidence_eligible=False) = assess_prediction_readiness({'prediction_kind': 'PRE_MATCH', 'event_id': '123', 'home': 'A', 'away': 'B', ...})&#10; +      where {'prediction_kind': 'PRE_MATCH', 'event_id': '123', 'home': 'A', 'away': 'B', ...} = candidate(**{'latest_training_result_available_at': datetime.datetime(2026, 8, 20, 20, 0, tzinfo=datetime.timezone.utc)})">..\..\..\brasileirao-predictor\tests\test_closeout_integrity.py:137: in test_inconsistent_chronology_blocks_contract
    assert not assess_prediction_readiness(candidate(**changes)).ready
E   AssertionError: assert not True
E    +  where True = PredictionReadinessReport(protocol_version='prediction-readiness/1', ready=True, designation='OFFICIAL_PRE_MATCH', blo... no point-in-time market comparison is possible')], pre_match_evidence_eligible=True, economic_evidence_eligible=False).ready
E    +    where PredictionReadinessReport(protocol_version='prediction-readiness/1', ready=True, designation='OFFICIAL_PRE_MATCH', blo... no point-in-time market comparison is possible')], pre_match_evidence_eligible=True, economic_evidence_eligible=False) = assess_prediction_readiness({'prediction_kind': 'PRE_MATCH', 'event_id': '123', 'home': 'A', 'away': 'B', ...})
E    +      where {'prediction_kind': 'PRE_MATCH', 'event_id': '123', 'home': 'A', 'away': 'B', ...} = candidate(**{'latest_training_result_available_at': datetime.datetime(2026, 8, 20, 20, 0, tzinfo=datetime.timezone.utc)})</failure></testcase><testcase classname="tests.test_closeout_integrity" name="test_inconsistent_chronology_blocks_contract[changes2]" time="0.007"><failure message="AssertionError: assert not True&#10; +  where True = PredictionReadinessReport(protocol_version='prediction-readiness/1', ready=True, designation='OFFICIAL_PRE_MATCH', blo... no point-in-time market comparison is possible')], pre_match_evidence_eligible=True, economic_evidence_eligible=False).ready&#10; +    where PredictionReadinessReport(protocol_version='prediction-readiness/1', ready=True, designation='OFFICIAL_PRE_MATCH', blo... no point-in-time market comparison is possible')], pre_match_evidence_eligible=True, economic_evidence_eligible=False) = assess_prediction_readiness({'prediction_kind': 'PRE_MATCH', 'event_id': '123', 'home': 'A', 'away': 'B', ...})&#10; +      where {'prediction_kind': 'PRE_MATCH', 'event_id': '123', 'home': 'A', 'away': 'B', ...} = candidate(**{'lineup_confirmed': True, 'lineup_captured_at': None})">..\..\..\brasileirao-predictor\tests\test_closeout_integrity.py:137: in test_inconsistent_chronology_blocks_contract
    assert not assess_prediction_readiness(candidate(**changes)).ready
E   AssertionError: assert not True
E    +  where True = PredictionReadinessReport(protocol_version='prediction-readiness/1', ready=True, designation='OFFICIAL_PRE_MATCH', blo... no point-in-time market comparison is possible')], pre_match_evidence_eligible=True, economic_evidence_eligible=False).ready
E    +    where PredictionReadinessReport(protocol_version='prediction-readiness/1', ready=True, designation='OFFICIAL_PRE_MATCH', blo... no point-in-time market comparison is possible')], pre_match_evidence_eligible=True, economic_evidence_eligible=False) = assess_prediction_readiness({'prediction_kind': 'PRE_MATCH', 'event_id': '123', 'home': 'A', 'away': 'B', ...})
E    +      where {'prediction_kind': 'PRE_MATCH', 'event_id': '123', 'home': 'A', 'away': 'B', ...} = candidate(**{'lineup_confirmed': True, 'lineup_captured_at': None})</failure></testcase><testcase classname="tests.test_closeout_integrity" name="test_inconsistent_chronology_blocks_contract[changes3]" time="0.004"><failure message="AssertionError: assert not True&#10; +  where True = PredictionReadinessReport(protocol_version='prediction-readiness/1', ready=True, designation='OFFICIAL_LIVE', blockers...no point-in-time market comparison is possible')], pre_match_evidence_eligible=False, economic_evidence_eligible=False).ready&#10; +    where PredictionReadinessReport(protocol_version='prediction-readiness/1', ready=True, designation='OFFICIAL_LIVE', blockers...no point-in-time market comparison is possible')], pre_match_evidence_eligible=False, economic_evidence_eligible=False) = assess_prediction_readiness({'prediction_kind': 'LIVE', 'event_id': '123', 'home': 'A', 'away': 'B', ...})&#10; +      where {'prediction_kind': 'LIVE', 'event_id': '123', 'home': 'A', 'away': 'B', ...} = candidate(**{'prediction_kind': 'LIVE', 'kickoff_at': datetime.datetime(2026, 8, 22, 19, 50, tzinfo=datetime.timezone.utc), 'live_observed_at': datetime.datetime(2026, 8, 22, 19, 40, tzinfo=datetime.timezone.utc), 'observed_minute': 5, ...})">..\..\..\brasileirao-predictor\tests\test_closeout_integrity.py:137: in test_inconsistent_chronology_blocks_contract
    assert not assess_prediction_readiness(candidate(**changes)).ready
E   AssertionError: assert not True
E    +  where True = PredictionReadinessReport(protocol_version='prediction-readiness/1', ready=True, designation='OFFICIAL_LIVE', blockers...no point-in-time market comparison is possible')], pre_match_evidence_eligible=False, economic_evidence_eligible=False).ready
E    +    where PredictionReadinessReport(protocol_version='prediction-readiness/1', ready=True, designation='OFFICIAL_LIVE', blockers...no point-in-time market comparison is possible')], pre_match_evidence_eligible=False, economic_evidence_eligible=False) = assess_prediction_readiness({'prediction_kind': 'LIVE', 'event_id': '123', 'home': 'A', 'away': 'B', ...})
E    +      where {'prediction_kind': 'LIVE', 'event_id': '123', 'home': 'A', 'away': 'B', ...} = candidate(**{'prediction_kind': 'LIVE', 'kickoff_at': datetime.datetime(2026, 8, 22, 19, 50, tzinfo=datetime.timezone.utc), 'live_observed_at': datetime.datetime(2026, 8, 22, 19, 40, tzinfo=datetime.timezone.utc), 'observed_minute': 5, ...})</failure></testcase></testsuite></testsuites>