<?xml version="1.0" encoding="utf-8"?><testsuites name="pytest tests"><testsuite name="pytest" errors="0" failures="0" skipped="0" tests="30" time="2.846" timestamp="2026-09-10T11:26:09.321955-03:00" hostname="Leo"><testcase classname="tests.test_source_temporal_regressions" name="test_lineup_published_before_cut_but_received_after_is_excluded" time="0.002" /><testcase classname="tests.test_source_temporal_regressions" name="test_lineup_without_receipt_is_not_point_in_time_evidence" time="0.005" /><testcase classname="tests.test_source_temporal_regressions" name="test_consensus_cannot_pool_different_fixtures" time="0.002" /><testcase classname="tests.test_source_temporal_regressions" name="test_api_lineup_does_not_fabricate_publisher_timestamp" time="0.002" /><testcase classname="tests.test_source_temporal_regressions" name="test_sportmonks_naive_start_is_utc_only_under_explicit_timezone_contract" time="0.003" /><testcase classname="tests.test_api_football_provider" name="test_api_football_normalizes_historical_fixture_and_hides_key" time="0.005" /><testcase classname="tests.test_api_football_provider" name="test_api_football_allows_2026_when_subscription_exposes_it" time="0.002" /><testcase classname="tests.test_api_football_provider" name="test_api_football_surfaces_provider_errors" time="0.002" /><testcase classname="tests.test_api_football_provider" name="test_api_football_requires_environment_secret" time="0.004" /><testcase classname="tests.test_api_football_provider" name="test_api_football_validates_league_and_filters_malformed_fixtures" time="0.002" /><testcase classname="tests.test_api_football_provider" name="test_api_football_rejects_invalid_provider_payloads[payload0]" time="0.003" /><testcase classname="tests.test_api_football_provider" name="test_api_football_rejects_invalid_provider_payloads[payload1]" time="0.005" /><testcase classname="tests.test_api_football_provider" name="test_api_football_rejects_invalid_provider_payloads[payload2]" time="0.002" /><testcase classname="tests.test_api_football_provider" name="test_api_football_rejects_naive_observation_time" time="0.001" /><testcase classname="tests.test_api_football_provider" name="test_api_football_normalizes_lineup_vintage" time="0.002" /><testcase classname="tests.test_sportmonks_provider" name="test_sportmonks_uses_raw_authorization_and_hides_token" time="0.002" /><testcase classname="tests.test_sportmonks_provider" name="test_sportmonks_reports_league_outside_subscription" time="0.002" /><testcase classname="tests.test_sportmonks_provider" name="test_sportmonks_requires_environment_secret" time="0.002" /><testcase classname="tests.test_sportmonks_provider" name="test_sportmonks_resolves_unique_league_and_filters_invalid_rows" time="0.005" /><testcase classname="tests.test_sportmonks_provider" name="test_sportmonks_rejects_invalid_payloads[payload0]" time="0.002" /><testcase classname="tests.test_sportmonks_provider" name="test_sportmonks_rejects_invalid_payloads[payload1]" time="0.002" /><testcase classname="tests.test_sportmonks_provider" name="test_sportmonks_rejects_invalid_payloads[payload2]" time="0.002" /><testcase classname="tests.test_sportmonks_provider" name="test_sportmonks_rejects_naive_observation_time" time="0.004" /><testcase classname="tests.test_market_anchor" name="test_remove_overround_returns_complete_distribution" time="0.003" /><testcase classname="tests.test_market_anchor" name="test_remove_overround_rejects_incomplete_or_invalid_market" time="0.004" /><testcase classname="tests.test_market_anchor" name="test_consensus_uses_complete_books_and_best_executable_price" time="0.003" /><testcase classname="tests.test_market_anchor" name="test_research_persistence_marks_collection_only" time="0.040" /><testcase classname="tests.test_residual_features" name="test_lineup_state_uses_latest_vintage_available_asof" time="0.004" /><testcase classname="tests.test_residual_features" name="test_residual_features_capture_dispersion_time_and_lineup_change" time="0.020" /><testcase classname="tests.test_residual_features" name="test_residual_features_reject_post_kickoff_observation" time="0.003" /></testsuite></testsuites>