<?xml version="1.0" encoding="utf-8"?><testsuites name="pytest tests"><testsuite name="pytest" errors="0" failures="0" skipped="0" tests="52" time="5.173" timestamp="2026-09-10T15:02:28.160053-03:00" hostname="Leo"><testcase classname="tests.test_residual_artifact_integrity" name="test_invalid_artifact_cannot_be_loaded[change0]" time="0.003" /><testcase classname="tests.test_residual_artifact_integrity" name="test_invalid_artifact_cannot_be_loaded[change1]" time="0.001" /><testcase classname="tests.test_residual_artifact_integrity" name="test_invalid_artifact_cannot_be_loaded[change2]" time="0.001" /><testcase classname="tests.test_residual_artifact_integrity" name="test_invalid_artifact_cannot_be_loaded[change3]" time="0.001" /><testcase classname="tests.test_residual_artifact_integrity" name="test_invalid_artifact_cannot_be_loaded[change4]" time="0.001" /><testcase classname="tests.test_residual_artifact_integrity" name="test_invalid_artifact_cannot_be_loaded[change5]" time="0.004" /><testcase classname="tests.test_residual_artifact_integrity" name="test_invalid_artifact_cannot_be_loaded[change6]" time="0.006" /><testcase classname="tests.test_residual_artifact_integrity" name="test_invalid_artifact_cannot_be_loaded[change7]" time="0.001" /><testcase classname="tests.test_residual_artifact_integrity" name="test_invalid_artifact_cannot_be_loaded[change8]" time="0.001" /><testcase classname="tests.test_residual_artifact_integrity" name="test_invalid_artifact_cannot_be_loaded[change9]" time="0.002" /><testcase classname="tests.test_residual_artifact_integrity" name="test_invalid_artifact_cannot_be_loaded[change10]" time="0.001" /><testcase classname="tests.test_residual_artifact_integrity" name="test_invalid_artifact_cannot_be_loaded[change11]" time="0.001" /><testcase classname="tests.test_residual_artifact_integrity" name="test_duplicate_feature_names_are_rejected" time="0.001" /><testcase classname="tests.test_residual_artifact_integrity" name="test_interval_multiplier_must_be_finite_nonnegative[-1.0]" time="0.002" /><testcase classname="tests.test_residual_artifact_integrity" name="test_interval_multiplier_must_be_finite_nonnegative[nan]" time="0.001" /><testcase classname="tests.test_residual_artifact_integrity" name="test_interval_multiplier_must_be_finite_nonnegative[inf]" time="0.002" /><testcase classname="tests.test_residual_artifact_integrity" name="test_interval_multiplier_must_be_finite_nonnegative[True]" time="0.001" /><testcase classname="tests.test_residual_artifact_integrity" name="test_sigmoid_handles_extreme_logits_without_overflow" time="0.002" /><testcase classname="tests.test_residual_artifact_integrity" name="test_predict_and_export_reject_mutated_invalid_state" time="0.003" /><testcase classname="tests.test_residual_artifact_integrity" name="test_loading_copies_arrays_instead_of_borrowing_mutable_payload" time="0.003" /><testcase classname="tests.test_residual_artifact_integrity" name="test_failed_optimizer_never_publishes_model[binary]" time="0.005" /><testcase classname="tests.test_residual_artifact_integrity" name="test_failed_optimizer_never_publishes_model[multinomial]" time="0.002" /><testcase classname="tests.test_residual_artifact_integrity" name="test_invalid_refit_does_not_replace_existing_model" time="0.002" /><testcase classname="tests.test_residual_artifact_integrity" name="test_multinomial_outcome_cannot_be_silently_truncated" time="0.001" /><testcase classname="tests.test_residual_artifact_integrity" name="test_analytic_gradient_agrees_with_independent_central_difference[binary]" time="0.013" /><testcase classname="tests.test_residual_artifact_integrity" name="test_analytic_gradient_agrees_with_independent_central_difference[multinomial]" time="0.006" /><testcase classname="tests.test_market_residual" name="test_residual_model_learns_signal_around_market_offset" time="0.010" /><testcase classname="tests.test_market_residual" name="test_residual_model_rejects_small_sample" time="0.001" /><testcase classname="tests.test_market_residual" name="test_shadow_decision_uses_lower_confidence_bound_and_never_enables_capital" time="0.001" /><testcase classname="tests.test_market_residual" name="test_shadow_decision_subtracts_friction_and_can_choose_under" time="0.001" /><testcase classname="tests.test_market_residual" name="test_friction_can_turn_apparent_edge_into_no_bet" time="0.001" /><testcase classname="tests.test_market_residual" name="test_fractional_kelly_uses_post_friction_win_and_loss_payoffs" time="0.001" /><testcase classname="tests.test_market_residual" name="test_residual_artifact_roundtrip_is_shadow_only" time="0.006" /><testcase classname="tests.test_market_residual" name="test_multinomial_residual_learns_sports_signal_around_market" time="0.032" /><testcase classname="tests.test_market_residual" name="test_multinomial_residual_rejects_market_probabilities_not_normalized" time="0.001" /><testcase classname="tests.test_market_residual" name="test_multinomial_residual_rejects_invalid_prediction_market" time="0.007" /><testcase classname="tests.test_closeout_research_inputs" name="test_shadow_policy_rejects_nonfinite_or_negative_stake[changes0]" time="0.001" /><testcase classname="tests.test_closeout_research_inputs" name="test_shadow_policy_rejects_nonfinite_or_negative_stake[changes1]" time="0.001" /><testcase classname="tests.test_closeout_research_inputs" name="test_shadow_policy_rejects_nonfinite_or_negative_stake[changes2]" time="0.001" /><testcase classname="tests.test_closeout_research_inputs" name="test_shadow_policy_rejects_nonfinite_or_negative_stake[changes3]" time="0.001" /><testcase classname="tests.test_closeout_research_inputs" name="test_shadow_policy_rejects_nonfinite_or_negative_stake[changes4]" time="0.001" /><testcase classname="tests.test_closeout_research_inputs" name="test_shadow_policy_rejects_nonfinite_or_negative_stake[changes5]" time="0.001" /><testcase classname="tests.test_closeout_research_inputs" name="test_shadow_probability_requires_ordered_finite_bounds[prediction0]" time="0.001" /><testcase classname="tests.test_closeout_research_inputs" name="test_shadow_probability_requires_ordered_finite_bounds[prediction1]" time="0.001" /><testcase classname="tests.test_closeout_research_inputs" name="test_shadow_probability_requires_ordered_finite_bounds[prediction2]" time="0.003" /><testcase classname="tests.test_closeout_research_inputs" name="test_coordinates_require_physical_bounds[payload0]" time="0.004" /><testcase classname="tests.test_closeout_research_inputs" name="test_coordinates_require_physical_bounds[payload1]" time="0.001" /><testcase classname="tests.test_closeout_research_inputs" name="test_surface_false_string_is_not_true" time="0.001" /><testcase classname="tests.test_closeout_research_inputs" name="test_coach_counts_and_publication_must_match_vintage[changes0]" time="0.001" /><testcase classname="tests.test_closeout_research_inputs" name="test_coach_counts_and_publication_must_match_vintage[changes1]" time="0.001" /><testcase classname="tests.test_closeout_research_inputs" name="test_coach_counts_and_publication_must_match_vintage[changes2]" time="0.001" /><testcase classname="tests.test_closeout_research_inputs" name="test_pre_match_evidence_cannot_be_received_after_kickoff" time="0.001" /></testsuite></testsuites>