<?xml version="1.0" encoding="utf-8"?>
<coverage line-rate="0.8637" branch-rate="0.8184999999999999" version="1.9" timestamp="1789059387" lines-covered="843" lines-valid="976" branches-covered="424" branches-valid="518">
  <sources>
    <source>C:\BRASILEIRAO\work\closeout-2026-09-10\latency-after\source\dotnet\LineupWorker\</source>
  </sources>
  <packages>
    <package name="LineupWorker" line-rate="0.8637" branch-rate="0.8184999999999999" complexity="641">
      <classes>
        <class name="Program/&lt;&lt;Main&gt;$&gt;d__0" filename="Program.cs" line-rate="0.0833" branch-rate="0.25" complexity="4">
          <methods>
            <method name="MoveNext" signature="()" line-rate="0.0833" branch-rate="0.25" complexity="4">
              <lines>
                <line number="5" hits="4" branch="False" />
                <line number="7" hits="4" branch="True" condition-coverage="50% (1/2)">
                  <conditions>
                    <condition number="56" type="jump" coverage="50%" />
                  </conditions>
                </line>
                <line number="11" hits="4" branch="False" />
                <line number="12" hits="4" branch="False" />
                <line number="14" hits="0" branch="False" />
                <line number="17" hits="0" branch="False" />
                <line number="18" hits="0" branch="False" />
                <line number="19" hits="0" branch="False" />
                <line number="20" hits="0" branch="False" />
                <line number="21" hits="0" branch="False" />
                <line number="22" hits="0" branch="False" />
                <line number="23" hits="0" branch="False" />
                <line number="24" hits="0" branch="False" />
                <line number="25" hits="0" branch="False" />
                <line number="26" hits="0" branch="False" />
                <line number="27" hits="0" branch="False" />
                <line number="28" hits="0" branch="True" condition-coverage="0% (0/2)">
                  <conditions>
                    <condition number="21" type="jump" coverage="0%" />
                  </conditions>
                </line>
                <line number="29" hits="0" branch="False" />
                <line number="30" hits="0" branch="False" />
                <line number="31" hits="0" branch="False" />
                <line number="32" hits="0" branch="False" />
                <line number="33" hits="0" branch="False" />
                <line number="34" hits="0" branch="False" />
                <line number="35" hits="0" branch="False" />
                <line number="36" hits="0" branch="False" />
                <line number="37" hits="0" branch="False" />
                <line number="38" hits="0" branch="False" />
                <line number="39" hits="0" branch="False" />
                <line number="40" hits="0" branch="False" />
                <line number="41" hits="0" branch="False" />
                <line number="42" hits="0" branch="False" />
                <line number="43" hits="0" branch="False" />
                <line number="44" hits="0" branch="False" />
                <line number="45" hits="0" branch="False" />
                <line number="46" hits="0" branch="False" />
                <line number="47" hits="0" branch="False" />
                <line number="48" hits="0" branch="False" />
                <line number="49" hits="0" branch="False" />
                <line number="50" hits="0" branch="False" />
                <line number="51" hits="0" branch="False" />
                <line number="52" hits="0" branch="False" />
                <line number="53" hits="0" branch="False" />
                <line number="54" hits="0" branch="False" />
                <line number="55" hits="0" branch="False" />
                <line number="56" hits="0" branch="False" />
                <line number="57" hits="0" branch="False" />
                <line number="59" hits="0" branch="False" />
                <line number="60" hits="0" branch="False" />
              </lines>
            </method>
          </methods>
          <lines>
            <line number="5" hits="4" branch="False" />
            <line number="7" hits="4" branch="True" condition-coverage="50% (1/2)">
              <conditions>
                <condition number="56" type="jump" coverage="50%" />
              </conditions>
            </line>
            <line number="11" hits="4" branch="False" />
            <line number="12" hits="4" branch="False" />
            <line number="14" hits="0" branch="False" />
            <line number="17" hits="0" branch="False" />
            <line number="18" hits="0" branch="False" />
            <line number="19" hits="0" branch="False" />
            <line number="20" hits="0" branch="False" />
            <line number="21" hits="0" branch="False" />
            <line number="22" hits="0" branch="False" />
            <line number="23" hits="0" branch="False" />
            <line number="24" hits="0" branch="False" />
            <line number="25" hits="0" branch="False" />
            <line number="26" hits="0" branch="False" />
            <line number="27" hits="0" branch="False" />
            <line number="28" hits="0" branch="True" condition-coverage="0% (0/2)">
              <conditions>
                <condition number="21" type="jump" coverage="0%" />
              </conditions>
            </line>
            <line number="29" hits="0" branch="False" />
            <line number="30" hits="0" branch="False" />
            <line number="31" hits="0" branch="False" />
            <line number="32" hits="0" branch="False" />
            <line number="33" hits="0" branch="False" />
            <line number="34" hits="0" branch="False" />
            <line number="35" hits="0" branch="False" />
            <line number="36" hits="0" branch="False" />
            <line number="37" hits="0" branch="False" />
            <line number="38" hits="0" branch="False" />
            <line number="39" hits="0" branch="False" />
            <line number="40" hits="0" branch="False" />
            <line number="41" hits="0" branch="False" />
            <line number="42" hits="0" branch="False" />
            <line number="43" hits="0" branch="False" />
            <line number="44" hits="0" branch="False" />
            <line number="45" hits="0" branch="False" />
            <line number="46" hits="0" branch="False" />
            <line number="47" hits="0" branch="False" />
            <line number="48" hits="0" branch="False" />
            <line number="49" hits="0" branch="False" />
            <line number="50" hits="0" branch="False" />
            <line number="51" hits="0" branch="False" />
            <line number="52" hits="0" branch="False" />
            <line number="53" hits="0" branch="False" />
            <line number="54" hits="0" branch="False" />
            <line number="55" hits="0" branch="False" />
            <line number="56" hits="0" branch="False" />
            <line number="57" hits="0" branch="False" />
            <line number="59" hits="0" branch="False" />
            <line number="60" hits="0" branch="False" />
          </lines>
        </class>
        <class name="LineupWorker.LatencyReporterService" filename="Program.cs" line-rate="0" branch-rate="1" complexity="1">
          <methods>
            <method name=".ctor" signature="(LineupWorker.Services.LatencyAuditService,Microsoft.Extensions.Logging.ILogger`1&lt;LineupWorker.LatencyReporterService&gt;)" line-rate="0" branch-rate="1" complexity="1">
              <lines>
                <line number="72" hits="0" branch="False" />
                <line number="73" hits="0" branch="False" />
                <line number="75" hits="0" branch="False" />
                <line number="76" hits="0" branch="False" />
                <line number="77" hits="0" branch="False" />
              </lines>
            </method>
          </methods>
          <lines>
            <line number="72" hits="0" branch="False" />
            <line number="73" hits="0" branch="False" />
            <line number="75" hits="0" branch="False" />
            <line number="76" hits="0" branch="False" />
            <line number="77" hits="0" branch="False" />
          </lines>
        </class>
        <class name="LineupWorker.LatencyReporterService/&lt;ExecuteAsync&gt;d__3" filename="Program.cs" line-rate="0" branch-rate="0" complexity="4">
          <methods>
            <method name="MoveNext" signature="()" line-rate="0" branch-rate="0" complexity="4">
              <lines>
                <line number="81" hits="0" branch="True" condition-coverage="0% (0/2)">
                  <conditions>
                    <condition number="396" type="jump" coverage="0%" />
                  </conditions>
                </line>
                <line number="83" hits="0" branch="False" />
                <line number="84" hits="0" branch="False" />
                <line number="85" hits="0" branch="True" condition-coverage="0% (0/2)">
                  <conditions>
                    <condition number="354" type="jump" coverage="0%" />
                  </conditions>
                </line>
                <line number="86" hits="0" branch="False" />
                <line number="87" hits="0" branch="False" />
                <line number="88" hits="0" branch="False" />
                <line number="89" hits="0" branch="False" />
                <line number="91" hits="0" branch="False" />
              </lines>
            </method>
          </methods>
          <lines>
            <line number="81" hits="0" branch="True" condition-coverage="0% (0/2)">
              <conditions>
                <condition number="396" type="jump" coverage="0%" />
              </conditions>
            </line>
            <line number="83" hits="0" branch="False" />
            <line number="84" hits="0" branch="False" />
            <line number="85" hits="0" branch="True" condition-coverage="0% (0/2)">
              <conditions>
                <condition number="354" type="jump" coverage="0%" />
              </conditions>
            </line>
            <line number="86" hits="0" branch="False" />
            <line number="87" hits="0" branch="False" />
            <line number="88" hits="0" branch="False" />
            <line number="89" hits="0" branch="False" />
            <line number="91" hits="0" branch="False" />
          </lines>
        </class>
        <class name="LineupWorker.OperationalSettings" filename="OperationalSettings.cs" line-rate="1" branch-rate="1" complexity="42">
          <methods>
            <method name="get_RedisUrl" signature="()" line-rate="1" branch-rate="1" complexity="1">
              <lines>
                <line number="6" hits="16" branch="False" />
              </lines>
            </method>
            <method name="get_VorpArtifactPath" signature="()" line-rate="1" branch-rate="1" complexity="1">
              <lines>
                <line number="7" hits="17" branch="False" />
              </lines>
            </method>
            <method name="get_TitularidadePath" signature="()" line-rate="1" branch-rate="1" complexity="1">
              <lines>
                <line number="8" hits="17" branch="False" />
              </lines>
            </method>
            <method name="get_SportsDatabasePath" signature="()" line-rate="1" branch-rate="1" complexity="1">
              <lines>
                <line number="9" hits="2" branch="False" />
              </lines>
            </method>
            <method name="get_MarketDatabasePath" signature="()" line-rate="1" branch-rate="1" complexity="1">
              <lines>
                <line number="10" hits="34" branch="False" />
              </lines>
            </method>
            <method name="FromEnvironment" signature="()" line-rate="1" branch-rate="1" complexity="2">
              <lines>
                <line number="25" hits="9" branch="False" />
                <line number="26" hits="8" branch="False" />
                <line number="27" hits="8" branch="True" condition-coverage="100% (2/2)">
                  <conditions>
                    <condition number="34" type="jump" coverage="100%" />
                  </conditions>
                </line>
                <line number="28" hits="1" branch="False" />
                <line number="30" hits="7" branch="False" />
                <line number="31" hits="7" branch="False" />
              </lines>
            </method>
            <method name="RedisConfiguration" signature="()" line-rate="1" branch-rate="1" complexity="30">
              <lines>
                <line number="36" hits="15" branch="True" condition-coverage="100% (12/12)">
                  <conditions>
                    <condition number="14" type="jump" coverage="100%" />
                    <condition number="32" type="jump" coverage="100%" />
                    <condition number="50" type="jump" coverage="100%" />
                    <condition number="63" type="jump" coverage="100%" />
                    <condition number="81" type="jump" coverage="100%" />
                    <condition number="99" type="jump" coverage="100%" />
                  </conditions>
                </line>
                <line number="37" hits="15" branch="False" />
                <line number="38" hits="15" branch="False" />
                <line number="39" hits="3" branch="False" />
                <line number="41" hits="12" branch="False" />
                <line number="42" hits="12" branch="False" />
                <line number="43" hits="12" branch="True" condition-coverage="100% (6/6)">
                  <conditions>
                    <condition number="135" type="jump" coverage="100%" />
                    <condition number="174" type="jump" coverage="100%" />
                    <condition number="184" type="jump" coverage="100%" />
                  </conditions>
                </line>
                <line number="44" hits="37" branch="True" condition-coverage="100% (4/4)">
                  <conditions>
                    <condition number="3" type="jump" coverage="100%" />
                    <condition number="8" type="jump" coverage="100%" />
                  </conditions>
                </line>
                <line number="45" hits="4" branch="False" />
                <line number="47" hits="8" branch="False" />
                <line number="48" hits="8" branch="False" />
                <line number="49" hits="8" branch="False" />
                <line number="50" hits="8" branch="False" />
                <line number="51" hits="8" branch="False" />
                <line number="52" hits="8" branch="False" />
                <line number="53" hits="8" branch="False" />
                <line number="54" hits="8" branch="False" />
                <line number="55" hits="8" branch="False" />
                <line number="56" hits="8" branch="True" condition-coverage="100% (2/2)">
                  <conditions>
                    <condition number="300" type="jump" coverage="100%" />
                  </conditions>
                </line>
                <line number="57" hits="8" branch="True" condition-coverage="100% (2/2)">
                  <conditions>
                    <condition number="331" type="jump" coverage="100%" />
                  </conditions>
                </line>
                <line number="59" hits="2" branch="False" />
                <line number="60" hits="4" branch="True" condition-coverage="100% (2/2)">
                  <conditions>
                    <condition number="360" type="jump" coverage="100%" />
                  </conditions>
                </line>
                <line number="61" hits="4" branch="True" condition-coverage="100% (2/2)">
                  <conditions>
                    <condition number="382" type="jump" coverage="100%" />
                  </conditions>
                </line>
                <line number="63" hits="8" branch="False" />
              </lines>
            </method>
            <method name="&lt;FromEnvironment&gt;g__Required|23_0" signature="(System.String)" line-rate="1" branch-rate="1" complexity="2">
              <lines>
                <line number="14" hits="36" branch="True" condition-coverage="100% (2/2)">
                  <conditions>
                    <condition number="7" type="jump" coverage="100%" />
                  </conditions>
                </line>
                <line number="15" hits="36" branch="False" />
              </lines>
            </method>
            <method name="&lt;FromEnvironment&gt;g__Absolute|23_1" signature="(System.String)" line-rate="1" branch-rate="1" complexity="2">
              <lines>
                <line number="19" hits="29" branch="False" />
                <line number="20" hits="29" branch="True" condition-coverage="100% (2/2)">
                  <conditions>
                    <condition number="13" type="jump" coverage="100%" />
                  </conditions>
                </line>
                <line number="21" hits="1" branch="False" />
                <line number="22" hits="28" branch="False" />
              </lines>
            </method>
            <method name=".ctor" signature="(System.String,System.String,System.String,System.String,System.String)" line-rate="1" branch-rate="1" complexity="1">
              <lines>
                <line number="5" hits="33" branch="False" />
              </lines>
            </method>
          </methods>
          <lines>
            <line number="6" hits="16" branch="False" />
            <line number="7" hits="17" branch="False" />
            <line number="8" hits="17" branch="False" />
            <line number="9" hits="2" branch="False" />
            <line number="10" hits="34" branch="False" />
            <line number="25" hits="9" branch="False" />
            <line number="26" hits="8" branch="False" />
            <line number="27" hits="8" branch="True" condition-coverage="100% (2/2)">
              <conditions>
                <condition number="34" type="jump" coverage="100%" />
              </conditions>
            </line>
            <line number="28" hits="1" branch="False" />
            <line number="30" hits="7" branch="False" />
            <line number="31" hits="7" branch="False" />
            <line number="36" hits="15" branch="True" condition-coverage="100% (12/12)">
              <conditions>
                <condition number="14" type="jump" coverage="100%" />
                <condition number="32" type="jump" coverage="100%" />
                <condition number="50" type="jump" coverage="100%" />
                <condition number="63" type="jump" coverage="100%" />
                <condition number="81" type="jump" coverage="100%" />
                <condition number="99" type="jump" coverage="100%" />
              </conditions>
            </line>
            <line number="37" hits="15" branch="False" />
            <line number="38" hits="15" branch="False" />
            <line number="39" hits="3" branch="False" />
            <line number="41" hits="12" branch="False" />
            <line number="42" hits="12" branch="False" />
            <line number="43" hits="12" branch="True" condition-coverage="100% (6/6)">
              <conditions>
                <condition number="135" type="jump" coverage="100%" />
                <condition number="174" type="jump" coverage="100%" />
                <condition number="184" type="jump" coverage="100%" />
              </conditions>
            </line>
            <line number="44" hits="37" branch="True" condition-coverage="100% (4/4)">
              <conditions>
                <condition number="3" type="jump" coverage="100%" />
                <condition number="8" type="jump" coverage="100%" />
              </conditions>
            </line>
            <line number="45" hits="4" branch="False" />
            <line number="47" hits="8" branch="False" />
            <line number="48" hits="8" branch="False" />
            <line number="49" hits="8" branch="False" />
            <line number="50" hits="8" branch="False" />
            <line number="51" hits="8" branch="False" />
            <line number="52" hits="8" branch="False" />
            <line number="53" hits="8" branch="False" />
            <line number="54" hits="8" branch="False" />
            <line number="55" hits="8" branch="False" />
            <line number="56" hits="8" branch="True" condition-coverage="100% (2/2)">
              <conditions>
                <condition number="300" type="jump" coverage="100%" />
              </conditions>
            </line>
            <line number="57" hits="8" branch="True" condition-coverage="100% (2/2)">
              <conditions>
                <condition number="331" type="jump" coverage="100%" />
              </conditions>
            </line>
            <line number="59" hits="2" branch="False" />
            <line number="60" hits="4" branch="True" condition-coverage="100% (2/2)">
              <conditions>
                <condition number="360" type="jump" coverage="100%" />
              </conditions>
            </line>
            <line number="61" hits="4" branch="True" condition-coverage="100% (2/2)">
              <conditions>
                <condition number="382" type="jump" coverage="100%" />
              </conditions>
            </line>
            <line number="63" hits="8" branch="False" />
            <line number="14" hits="36" branch="True" condition-coverage="100% (2/2)">
              <conditions>
                <condition number="7" type="jump" coverage="100%" />
              </conditions>
            </line>
            <line number="15" hits="36" branch="False" />
            <line number="19" hits="29" branch="False" />
            <line number="20" hits="29" branch="True" condition-coverage="100% (2/2)">
              <conditions>
                <condition number="13" type="jump" coverage="100%" />
              </conditions>
            </line>
            <line number="21" hits="1" branch="False" />
            <line number="22" hits="28" branch="False" />
            <line number="5" hits="33" branch="False" />
          </lines>
        </class>
        <class name="LineupWorker.LineupWorkerService" filename="Worker.cs" line-rate="0.84" branch-rate="0.8332999999999999" complexity="10">
          <methods>
            <method name="OnLineupDropped" signature="(System.ValueTuple`2&lt;LineupWorker.Models.LineupEvent,System.DateTimeOffset&gt;)" line-rate="0.8332999999999999" branch-rate="1" complexity="1">
              <lines>
                <line number="181" hits="1" branch="False" />
                <line number="182" hits="1" branch="False" />
                <line number="183" hits="1" branch="False" />
                <line number="184" hits="0" branch="False" />
                <line number="185" hits="1" branch="False" />
                <line number="186" hits="1" branch="False" />
              </lines>
            </method>
            <method name="&lt;ExecuteAsync&gt;b__15_0" signature="(StackExchange.Redis.ChannelMessage)" line-rate="0.6875" branch-rate="0.8332999999999999" complexity="6">
              <lines>
                <line number="98" hits="6" branch="False" />
                <line number="99" hits="6" branch="False" />
                <line number="100" hits="7" branch="True" condition-coverage="100% (2/2)">
                  <conditions>
                    <condition number="21" type="jump" coverage="100%" />
                  </conditions>
                </line>
                <line number="103" hits="5" branch="False" />
                <line number="104" hits="5" branch="True" condition-coverage="100% (2/2)">
                  <conditions>
                    <condition number="46" type="jump" coverage="100%" />
                  </conditions>
                </line>
                <line number="108" hits="3" branch="True" condition-coverage="50% (1/2)">
                  <conditions>
                    <condition number="73" type="jump" coverage="50%" />
                  </conditions>
                </line>
                <line number="110" hits="0" branch="False" />
                <line number="111" hits="0" branch="False" />
                <line number="112" hits="0" branch="False" />
                <line number="113" hits="0" branch="False" />
                <line number="114" hits="0" branch="False" />
                <line number="116" hits="3" branch="False" />
                <line number="117" hits="1" branch="False" />
                <line number="119" hits="1" branch="False" />
                <line number="120" hits="1" branch="False" />
                <line number="121" hits="8" branch="False" />
              </lines>
            </method>
            <method name="&lt;ExecuteAsync&gt;b__15_1" signature="()" line-rate="0" branch-rate="1" complexity="1">
              <lines>
                <line number="132" hits="0" branch="False" />
              </lines>
            </method>
            <method name="&lt;HandleLineupAsync&gt;b__18_1" signature="(System.Threading.Tasks.Task)" line-rate="0" branch-rate="1" complexity="1">
              <lines>
                <line number="263" hits="0" branch="False" />
              </lines>
            </method>
            <method name=".ctor" signature="(Microsoft.Extensions.Logging.ILogger`1&lt;LineupWorker.LineupWorkerService&gt;,LineupWorker.Services.VorpStateService,LineupWorker.Services.LatencyAuditService,LineupWorker.Services.MarketStateEngine,StackExchange.Redis.IConnectionMultiplexer,Microsoft.Extensions.Configuration.IConfiguration,LineupWorker.Services.WorkerHealth)" line-rate="1" branch-rate="1" complexity="1">
              <lines>
                <line number="52" hits="17" branch="False" />
                <line number="53" hits="17" branch="False" />
                <line number="54" hits="17" branch="False" />
                <line number="55" hits="17" branch="False" />
                <line number="56" hits="17" branch="False" />
                <line number="57" hits="17" branch="False" />
                <line number="58" hits="17" branch="False" />
                <line number="59" hits="17" branch="False" />
                <line number="61" hits="17" branch="False" />
                <line number="62" hits="17" branch="False" />
                <line number="63" hits="17" branch="False" />
                <line number="64" hits="17" branch="False" />
                <line number="65" hits="17" branch="False" />
                <line number="66" hits="17" branch="False" />
                <line number="67" hits="17" branch="False" />
                <line number="68" hits="17" branch="False" />
                <line number="69" hits="17" branch="False" />
                <line number="70" hits="17" branch="False" />
                <line number="72" hits="17" branch="False" />
                <line number="73" hits="17" branch="False" />
                <line number="74" hits="17" branch="False" />
                <line number="75" hits="17" branch="False" />
                <line number="76" hits="17" branch="False" />
                <line number="77" hits="17" branch="False" />
                <line number="78" hits="17" branch="False" />
                <line number="79" hits="17" branch="False" />
              </lines>
            </method>
          </methods>
          <lines>
            <line number="181" hits="1" branch="False" />
            <line number="182" hits="1" branch="False" />
            <line number="183" hits="1" branch="False" />
            <line number="184" hits="0" branch="False" />
            <line number="185" hits="1" branch="False" />
            <line number="186" hits="1" branch="False" />
            <line number="98" hits="6" branch="False" />
            <line number="99" hits="6" branch="False" />
            <line number="100" hits="7" branch="True" condition-coverage="100% (2/2)">
              <conditions>
                <condition number="21" type="jump" coverage="100%" />
              </conditions>
            </line>
            <line number="103" hits="5" branch="False" />
            <line number="104" hits="5" branch="True" condition-coverage="100% (2/2)">
              <conditions>
                <condition number="46" type="jump" coverage="100%" />
              </conditions>
            </line>
            <line number="108" hits="3" branch="True" condition-coverage="50% (1/2)">
              <conditions>
                <condition number="73" type="jump" coverage="50%" />
              </conditions>
            </line>
            <line number="110" hits="0" branch="False" />
            <line number="111" hits="0" branch="False" />
            <line number="112" hits="0" branch="False" />
            <line number="113" hits="0" branch="False" />
            <line number="114" hits="0" branch="False" />
            <line number="116" hits="3" branch="False" />
            <line number="117" hits="1" branch="False" />
            <line number="119" hits="1" branch="False" />
            <line number="120" hits="1" branch="False" />
            <line number="121" hits="8" branch="False" />
            <line number="132" hits="0" branch="False" />
            <line number="263" hits="0" branch="False" />
            <line number="52" hits="17" branch="False" />
            <line number="53" hits="17" branch="False" />
            <line number="54" hits="17" branch="False" />
            <line number="55" hits="17" branch="False" />
            <line number="56" hits="17" branch="False" />
            <line number="57" hits="17" branch="False" />
            <line number="58" hits="17" branch="False" />
            <line number="59" hits="17" branch="False" />
            <line number="61" hits="17" branch="False" />
            <line number="62" hits="17" branch="False" />
            <line number="63" hits="17" branch="False" />
            <line number="64" hits="17" branch="False" />
            <line number="65" hits="17" branch="False" />
            <line number="66" hits="17" branch="False" />
            <line number="67" hits="17" branch="False" />
            <line number="68" hits="17" branch="False" />
            <line number="69" hits="17" branch="False" />
            <line number="70" hits="17" branch="False" />
            <line number="72" hits="17" branch="False" />
            <line number="73" hits="17" branch="False" />
            <line number="74" hits="17" branch="False" />
            <line number="75" hits="17" branch="False" />
            <line number="76" hits="17" branch="False" />
            <line number="77" hits="17" branch="False" />
            <line number="78" hits="17" branch="False" />
            <line number="79" hits="17" branch="False" />
          </lines>
        </class>
        <class name="LineupWorker.LineupWorkerService/&lt;&gt;c" filename="Worker.cs" line-rate="1" branch-rate="1" complexity="2">
          <methods>
            <method name="&lt;HandleLineupAsync&gt;b__18_0" signature="(System.String)" line-rate="1" branch-rate="1" complexity="1">
              <lines>
                <line number="193" hits="360" branch="False" />
              </lines>
            </method>
            <method name="&lt;ApplyTimeoutAsync&gt;b__21_0" signature="(LineupWorker.Models.VarianceWideningSignal)" line-rate="1" branch-rate="1" complexity="1">
              <lines>
                <line number="361" hits="4" branch="False" />
              </lines>
            </method>
          </methods>
          <lines>
            <line number="193" hits="360" branch="False" />
            <line number="361" hits="4" branch="False" />
          </lines>
        </class>
        <class name="LineupWorker.LineupWorkerService/&lt;ApplyTimeoutAsync&gt;d__21" filename="Worker.cs" line-rate="0.9068999999999999" branch-rate="0.6666" complexity="36">
          <methods>
            <method name="MoveNext" signature="()" line-rate="0.9068999999999999" branch-rate="0.6666" complexity="36">
              <lines>
                <line number="323" hits="2" branch="False" />
                <line number="324" hits="2" branch="False" />
                <line number="325" hits="2" branch="True" condition-coverage="50% (1/2)">
                  <conditions>
                    <condition number="308" type="jump" coverage="50%" />
                  </conditions>
                </line>
                <line number="327" hits="0" branch="False" />
                <line number="328" hits="0" branch="False" />
                <line number="330" hits="2" branch="True" condition-coverage="50% (1/2)">
                  <conditions>
                    <condition number="453" type="jump" coverage="50%" />
                  </conditions>
                </line>
                <line number="331" hits="2" branch="False" />
                <line number="332" hits="2" branch="True" condition-coverage="50% (1/2)">
                  <conditions>
                    <condition number="494" type="jump" coverage="50%" />
                  </conditions>
                </line>
                <line number="333" hits="2" branch="False" />
                <line number="334" hits="2" branch="False" />
                <line number="335" hits="2" branch="True" condition-coverage="58.33% (7/12)">
                  <conditions>
                    <condition number="539" type="jump" coverage="100%" />
                    <condition number="543" type="jump" coverage="50%" />
                    <condition number="565" type="jump" coverage="50%" />
                    <condition number="612" type="jump" coverage="50%" />
                    <condition number="621" type="jump" coverage="50%" />
                    <condition number="647" type="jump" coverage="50%" />
                  </conditions>
                </line>
                <line number="336" hits="2" branch="False" />
                <line number="337" hits="2" branch="False" />
                <line number="339" hits="0" branch="False" />
                <line number="340" hits="0" branch="False" />
                <line number="342" hits="2" branch="False" />
                <line number="343" hits="2" branch="False" />
                <line number="344" hits="12" branch="True" condition-coverage="83.33% (5/6)">
                  <conditions>
                    <condition number="863" type="jump" coverage="50%" />
                    <condition number="911" type="jump" coverage="100%" />
                    <condition number="1042" type="jump" coverage="100%" />
                  </conditions>
                </line>
                <line number="345" hits="2" branch="False" />
                <line number="346" hits="2" branch="False" />
                <line number="347" hits="2" branch="False" />
                <line number="348" hits="2" branch="False" />
                <line number="350" hits="4" branch="True" condition-coverage="100% (2/2)">
                  <conditions>
                    <condition number="970" type="jump" coverage="100%" />
                  </conditions>
                </line>
                <line number="351" hits="2" branch="True" condition-coverage="100% (2/2)">
                  <conditions>
                    <condition number="1006" type="jump" coverage="100%" />
                  </conditions>
                </line>
                <line number="352" hits="2" branch="False" />
                <line number="354" hits="2" branch="False" />
                <line number="355" hits="2" branch="True" condition-coverage="50% (2/4)">
                  <conditions>
                    <condition number="1105" type="jump" coverage="50%" />
                    <condition number="1137" type="jump" coverage="50%" />
                  </conditions>
                </line>
                <line number="356" hits="2" branch="False" />
                <line number="357" hits="2" branch="False" />
                <line number="358" hits="2" branch="False" />
                <line number="359" hits="2" branch="False" />
                <line number="360" hits="2" branch="False" />
                <line number="362" hits="2" branch="False" />
                <line number="363" hits="2" branch="False" />
                <line number="364" hits="2" branch="False" />
                <line number="365" hits="2" branch="False" />
                <line number="366" hits="2" branch="False" />
                <line number="367" hits="2" branch="True" condition-coverage="50% (1/2)">
                  <conditions>
                    <condition number="1570" type="jump" coverage="50%" />
                  </conditions>
                </line>
                <line number="368" hits="8" branch="True" condition-coverage="100% (2/2)">
                  <conditions>
                    <condition number="1705" type="jump" coverage="100%" />
                  </conditions>
                </line>
                <line number="370" hits="2" branch="False" />
                <line number="371" hits="2" branch="False" />
                <line number="372" hits="2" branch="False" />
                <line number="374" hits="2" branch="False" />
              </lines>
            </method>
          </methods>
          <lines>
            <line number="323" hits="2" branch="False" />
            <line number="324" hits="2" branch="False" />
            <line number="325" hits="2" branch="True" condition-coverage="50% (1/2)">
              <conditions>
                <condition number="308" type="jump" coverage="50%" />
              </conditions>
            </line>
            <line number="327" hits="0" branch="False" />
            <line number="328" hits="0" branch="False" />
            <line number="330" hits="2" branch="True" condition-coverage="50% (1/2)">
              <conditions>
                <condition number="453" type="jump" coverage="50%" />
              </conditions>
            </line>
            <line number="331" hits="2" branch="False" />
            <line number="332" hits="2" branch="True" condition-coverage="50% (1/2)">
              <conditions>
                <condition number="494" type="jump" coverage="50%" />
              </conditions>
            </line>
            <line number="333" hits="2" branch="False" />
            <line number="334" hits="2" branch="False" />
            <line number="335" hits="2" branch="True" condition-coverage="58.33% (7/12)">
              <conditions>
                <condition number="539" type="jump" coverage="100%" />
                <condition number="543" type="jump" coverage="50%" />
                <condition number="565" type="jump" coverage="50%" />
                <condition number="612" type="jump" coverage="50%" />
                <condition number="621" type="jump" coverage="50%" />
                <condition number="647" type="jump" coverage="50%" />
              </conditions>
            </line>
            <line number="336" hits="2" branch="False" />
            <line number="337" hits="2" branch="False" />
            <line number="339" hits="0" branch="False" />
            <line number="340" hits="0" branch="False" />
            <line number="342" hits="2" branch="False" />
            <line number="343" hits="2" branch="False" />
            <line number="344" hits="12" branch="True" condition-coverage="83.33% (5/6)">
              <conditions>
                <condition number="863" type="jump" coverage="50%" />
                <condition number="911" type="jump" coverage="100%" />
                <condition number="1042" type="jump" coverage="100%" />
              </conditions>
            </line>
            <line number="345" hits="2" branch="False" />
            <line number="346" hits="2" branch="False" />
            <line number="347" hits="2" branch="False" />
            <line number="348" hits="2" branch="False" />
            <line number="350" hits="4" branch="True" condition-coverage="100% (2/2)">
              <conditions>
                <condition number="970" type="jump" coverage="100%" />
              </conditions>
            </line>
            <line number="351" hits="2" branch="True" condition-coverage="100% (2/2)">
              <conditions>
                <condition number="1006" type="jump" coverage="100%" />
              </conditions>
            </line>
            <line number="352" hits="2" branch="False" />
            <line number="354" hits="2" branch="False" />
            <line number="355" hits="2" branch="True" condition-coverage="50% (2/4)">
              <conditions>
                <condition number="1105" type="jump" coverage="50%" />
                <condition number="1137" type="jump" coverage="50%" />
              </conditions>
            </line>
            <line number="356" hits="2" branch="False" />
            <line number="357" hits="2" branch="False" />
            <line number="358" hits="2" branch="False" />
            <line number="359" hits="2" branch="False" />
            <line number="360" hits="2" branch="False" />
            <line number="362" hits="2" branch="False" />
            <line number="363" hits="2" branch="False" />
            <line number="364" hits="2" branch="False" />
            <line number="365" hits="2" branch="False" />
            <line number="366" hits="2" branch="False" />
            <line number="367" hits="2" branch="True" condition-coverage="50% (1/2)">
              <conditions>
                <condition number="1570" type="jump" coverage="50%" />
              </conditions>
            </line>
            <line number="368" hits="8" branch="True" condition-coverage="100% (2/2)">
              <conditions>
                <condition number="1705" type="jump" coverage="100%" />
              </conditions>
            </line>
            <line number="370" hits="2" branch="False" />
            <line number="371" hits="2" branch="False" />
            <line number="372" hits="2" branch="False" />
            <line number="374" hits="2" branch="False" />
          </lines>
        </class>
        <class name="LineupWorker.LineupWorkerService/&lt;ExecuteAsync&gt;d__15" filename="Worker.cs" line-rate="0.862" branch-rate="0.625" complexity="8">
          <methods>
            <method name="MoveNext" signature="()" line-rate="0.862" branch-rate="0.625" complexity="8">
              <lines>
                <line number="83" hits="4" branch="True" condition-coverage="100% (2/2)">
                  <conditions>
                    <condition number="178" type="jump" coverage="100%" />
                  </conditions>
                </line>
                <line number="85" hits="1" branch="False" />
                <line number="86" hits="1" branch="False" />
                <line number="89" hits="3" branch="False" />
                <line number="94" hits="3" branch="False" />
                <line number="95" hits="3" branch="False" />
                <line number="96" hits="3" branch="False" />
                <line number="97" hits="3" branch="False" />
                <line number="101" hits="3" branch="False" />
                <line number="102" hits="3" branch="False" />
                <line number="105" hits="3" branch="False" />
                <line number="106" hits="3" branch="False" />
                <line number="107" hits="3" branch="False" />
                <line number="109" hits="3" branch="False" />
                <line number="115" hits="3" branch="False" />
                <line number="118" hits="3" branch="False" />
                <line number="123" hits="3" branch="False" />
                <line number="127" hits="3" branch="True" condition-coverage="50% (1/2)">
                  <conditions>
                    <condition number="493" type="jump" coverage="50%" />
                  </conditions>
                </line>
                <line number="128" hits="3" branch="False" />
                <line number="129" hits="3" branch="False" />
                <line number="130" hits="3" branch="False" />
                <line number="131" hits="3" branch="False" />
                <line number="133" hits="3" branch="False" />
                <line number="137" hits="3" branch="True" condition-coverage="50% (1/2)">
                  <conditions>
                    <condition number="648" type="jump" coverage="50%" />
                  </conditions>
                </line>
                <line number="139" hits="0" branch="False" />
                <line number="140" hits="0" branch="False" />
                <line number="142" hits="6" branch="False" />
                <line number="143" hits="0" branch="True" condition-coverage="50% (1/2)">
                  <conditions>
                    <condition number="929" type="jump" coverage="50%" />
                  </conditions>
                </line>
                <line number="145" hits="0" branch="False" />
              </lines>
            </method>
          </methods>
          <lines>
            <line number="83" hits="4" branch="True" condition-coverage="100% (2/2)">
              <conditions>
                <condition number="178" type="jump" coverage="100%" />
              </conditions>
            </line>
            <line number="85" hits="1" branch="False" />
            <line number="86" hits="1" branch="False" />
            <line number="89" hits="3" branch="False" />
            <line number="94" hits="3" branch="False" />
            <line number="95" hits="3" branch="False" />
            <line number="96" hits="3" branch="False" />
            <line number="97" hits="3" branch="False" />
            <line number="101" hits="3" branch="False" />
            <line number="102" hits="3" branch="False" />
            <line number="105" hits="3" branch="False" />
            <line number="106" hits="3" branch="False" />
            <line number="107" hits="3" branch="False" />
            <line number="109" hits="3" branch="False" />
            <line number="115" hits="3" branch="False" />
            <line number="118" hits="3" branch="False" />
            <line number="123" hits="3" branch="False" />
            <line number="127" hits="3" branch="True" condition-coverage="50% (1/2)">
              <conditions>
                <condition number="493" type="jump" coverage="50%" />
              </conditions>
            </line>
            <line number="128" hits="3" branch="False" />
            <line number="129" hits="3" branch="False" />
            <line number="130" hits="3" branch="False" />
            <line number="131" hits="3" branch="False" />
            <line number="133" hits="3" branch="False" />
            <line number="137" hits="3" branch="True" condition-coverage="50% (1/2)">
              <conditions>
                <condition number="648" type="jump" coverage="50%" />
              </conditions>
            </line>
            <line number="139" hits="0" branch="False" />
            <line number="140" hits="0" branch="False" />
            <line number="142" hits="6" branch="False" />
            <line number="143" hits="0" branch="True" condition-coverage="50% (1/2)">
              <conditions>
                <condition number="929" type="jump" coverage="50%" />
              </conditions>
            </line>
            <line number="145" hits="0" branch="False" />
          </lines>
        </class>
        <class name="LineupWorker.LineupWorkerService/&lt;HandleLineupAsync&gt;d__18" filename="Worker.cs" line-rate="0.9841" branch-rate="0.8823000000000001" complexity="34">
          <methods>
            <method name="MoveNext" signature="()" line-rate="0.9841" branch-rate="0.8823000000000001" complexity="34">
              <lines>
                <line number="190" hits="30" branch="True" condition-coverage="50% (1/2)">
                  <conditions>
                    <condition number="47" type="jump" coverage="50%" />
                  </conditions>
                </line>
                <line number="191" hits="0" branch="False" />
                <line number="194" hits="30" branch="False" />
                <line number="195" hits="30" branch="False" />
                <line number="197" hits="30" branch="False" />
                <line number="198" hits="30" branch="False" />
                <line number="199" hits="30" branch="False" />
                <line number="200" hits="30" branch="False" />
                <line number="204" hits="31" branch="False" />
                <line number="205" hits="31" branch="False" />
                <line number="206" hits="31" branch="True" condition-coverage="75% (3/4)">
                  <conditions>
                    <condition number="376" type="jump" coverage="100%" />
                    <condition number="462" type="jump" coverage="50%" />
                  </conditions>
                </line>
                <line number="207" hits="31" branch="False" />
                <line number="208" hits="31" branch="False" />
                <line number="209" hits="31" branch="False" />
                <line number="210" hits="31" branch="True" condition-coverage="50% (1/2)">
                  <conditions>
                    <condition number="501" type="jump" coverage="50%" />
                  </conditions>
                </line>
                <line number="211" hits="31" branch="True" condition-coverage="100% (2/2)">
                  <conditions>
                    <condition number="535" type="jump" coverage="100%" />
                  </conditions>
                </line>
                <line number="212" hits="31" branch="True" condition-coverage="100% (2/2)">
                  <conditions>
                    <condition number="576" type="jump" coverage="100%" />
                  </conditions>
                </line>
                <line number="213" hits="31" branch="True" condition-coverage="100% (4/4)">
                  <conditions>
                    <condition number="603" type="jump" coverage="100%" />
                    <condition number="631" type="jump" coverage="100%" />
                  </conditions>
                </line>
                <line number="215" hits="6" branch="True" condition-coverage="100% (4/4)">
                  <conditions>
                    <condition number="660" type="jump" coverage="100%" />
                    <condition number="675" type="jump" coverage="100%" />
                  </conditions>
                </line>
                <line number="216" hits="6" branch="False" />
                <line number="217" hits="6" branch="True" condition-coverage="100% (2/2)">
                  <conditions>
                    <condition number="717" type="jump" coverage="100%" />
                  </conditions>
                </line>
                <line number="219" hits="6" branch="False" />
                <line number="220" hits="6" branch="True" condition-coverage="100% (2/2)">
                  <conditions>
                    <condition number="976" type="jump" coverage="100%" />
                  </conditions>
                </line>
                <line number="222" hits="6" branch="False" />
                <line number="223" hits="6" branch="False" />
                <line number="225" hits="25" branch="True" condition-coverage="100% (2/2)">
                  <conditions>
                    <condition number="1061" type="jump" coverage="100%" />
                  </conditions>
                </line>
                <line number="226" hits="25" branch="False" />
                <line number="227" hits="25" branch="True" condition-coverage="100% (2/2)">
                  <conditions>
                    <condition number="1127" type="jump" coverage="100%" />
                  </conditions>
                </line>
                <line number="228" hits="25" branch="False" />
                <line number="229" hits="25" branch="False" />
                <line number="230" hits="25" branch="False" />
                <line number="231" hits="25" branch="False" />
                <line number="232" hits="25" branch="False" />
                <line number="233" hits="25" branch="False" />
                <line number="234" hits="25" branch="False" />
                <line number="235" hits="25" branch="False" />
                <line number="238" hits="25" branch="True" condition-coverage="100% (2/2)">
                  <conditions>
                    <condition number="1383" type="jump" coverage="100%" />
                  </conditions>
                </line>
                <line number="239" hits="25" branch="False" />
                <line number="240" hits="25" branch="False" />
                <line number="241" hits="18" branch="True" condition-coverage="100% (2/2)">
                  <conditions>
                    <condition number="1544" type="jump" coverage="100%" />
                  </conditions>
                </line>
                <line number="242" hits="17" branch="True" condition-coverage="50% (1/2)">
                  <conditions>
                    <condition number="1566" type="jump" coverage="50%" />
                  </conditions>
                </line>
                <line number="246" hits="17" branch="False" />
                <line number="249" hits="17" branch="False" />
                <line number="250" hits="17" branch="False" />
                <line number="251" hits="17" branch="False" />
                <line number="252" hits="17" branch="False" />
                <line number="253" hits="17" branch="False" />
                <line number="254" hits="17" branch="False" />
                <line number="255" hits="17" branch="False" />
                <line number="256" hits="17" branch="False" />
                <line number="257" hits="17" branch="False" />
                <line number="258" hits="17" branch="False" />
                <line number="259" hits="17" branch="False" />
                <line number="260" hits="17" branch="False" />
                <line number="262" hits="17" branch="False" />
                <line number="264" hits="17" branch="False" />
                <line number="266" hits="17" branch="False" />
                <line number="267" hits="17" branch="False" />
                <line number="268" hits="17" branch="False" />
                <line number="269" hits="17" branch="False" />
                <line number="270" hits="17" branch="False" />
                <line number="271" hits="17" branch="False" />
                <line number="272" hits="23" branch="False" />
              </lines>
            </method>
          </methods>
          <lines>
            <line number="190" hits="30" branch="True" condition-coverage="50% (1/2)">
              <conditions>
                <condition number="47" type="jump" coverage="50%" />
              </conditions>
            </line>
            <line number="191" hits="0" branch="False" />
            <line number="194" hits="30" branch="False" />
            <line number="195" hits="30" branch="False" />
            <line number="197" hits="30" branch="False" />
            <line number="198" hits="30" branch="False" />
            <line number="199" hits="30" branch="False" />
            <line number="200" hits="30" branch="False" />
            <line number="204" hits="31" branch="False" />
            <line number="205" hits="31" branch="False" />
            <line number="206" hits="31" branch="True" condition-coverage="75% (3/4)">
              <conditions>
                <condition number="376" type="jump" coverage="100%" />
                <condition number="462" type="jump" coverage="50%" />
              </conditions>
            </line>
            <line number="207" hits="31" branch="False" />
            <line number="208" hits="31" branch="False" />
            <line number="209" hits="31" branch="False" />
            <line number="210" hits="31" branch="True" condition-coverage="50% (1/2)">
              <conditions>
                <condition number="501" type="jump" coverage="50%" />
              </conditions>
            </line>
            <line number="211" hits="31" branch="True" condition-coverage="100% (2/2)">
              <conditions>
                <condition number="535" type="jump" coverage="100%" />
              </conditions>
            </line>
            <line number="212" hits="31" branch="True" condition-coverage="100% (2/2)">
              <conditions>
                <condition number="576" type="jump" coverage="100%" />
              </conditions>
            </line>
            <line number="213" hits="31" branch="True" condition-coverage="100% (4/4)">
              <conditions>
                <condition number="603" type="jump" coverage="100%" />
                <condition number="631" type="jump" coverage="100%" />
              </conditions>
            </line>
            <line number="215" hits="6" branch="True" condition-coverage="100% (4/4)">
              <conditions>
                <condition number="660" type="jump" coverage="100%" />
                <condition number="675" type="jump" coverage="100%" />
              </conditions>
            </line>
            <line number="216" hits="6" branch="False" />
            <line number="217" hits="6" branch="True" condition-coverage="100% (2/2)">
              <conditions>
                <condition number="717" type="jump" coverage="100%" />
              </conditions>
            </line>
            <line number="219" hits="6" branch="False" />
            <line number="220" hits="6" branch="True" condition-coverage="100% (2/2)">
              <conditions>
                <condition number="976" type="jump" coverage="100%" />
              </conditions>
            </line>
            <line number="222" hits="6" branch="False" />
            <line number="223" hits="6" branch="False" />
            <line number="225" hits="25" branch="True" condition-coverage="100% (2/2)">
              <conditions>
                <condition number="1061" type="jump" coverage="100%" />
              </conditions>
            </line>
            <line number="226" hits="25" branch="False" />
            <line number="227" hits="25" branch="True" condition-coverage="100% (2/2)">
              <conditions>
                <condition number="1127" type="jump" coverage="100%" />
              </conditions>
            </line>
            <line number="228" hits="25" branch="False" />
            <line number="229" hits="25" branch="False" />
            <line number="230" hits="25" branch="False" />
            <line number="231" hits="25" branch="False" />
            <line number="232" hits="25" branch="False" />
            <line number="233" hits="25" branch="False" />
            <line number="234" hits="25" branch="False" />
            <line number="235" hits="25" branch="False" />
            <line number="238" hits="25" branch="True" condition-coverage="100% (2/2)">
              <conditions>
                <condition number="1383" type="jump" coverage="100%" />
              </conditions>
            </line>
            <line number="239" hits="25" branch="False" />
            <line number="240" hits="25" branch="False" />
            <line number="241" hits="18" branch="True" condition-coverage="100% (2/2)">
              <conditions>
                <condition number="1544" type="jump" coverage="100%" />
              </conditions>
            </line>
            <line number="242" hits="17" branch="True" condition-coverage="50% (1/2)">
              <conditions>
                <condition number="1566" type="jump" coverage="50%" />
              </conditions>
            </line>
            <line number="246" hits="17" branch="False" />
            <line number="249" hits="17" branch="False" />
            <line number="250" hits="17" branch="False" />
            <line number="251" hits="17" branch="False" />
            <line number="252" hits="17" branch="False" />
            <line number="253" hits="17" branch="False" />
            <line number="254" hits="17" branch="False" />
            <line number="255" hits="17" branch="False" />
            <line number="256" hits="17" branch="False" />
            <line number="257" hits="17" branch="False" />
            <line number="258" hits="17" branch="False" />
            <line number="259" hits="17" branch="False" />
            <line number="260" hits="17" branch="False" />
            <line number="262" hits="17" branch="False" />
            <line number="264" hits="17" branch="False" />
            <line number="266" hits="17" branch="False" />
            <line number="267" hits="17" branch="False" />
            <line number="268" hits="17" branch="False" />
            <line number="269" hits="17" branch="False" />
            <line number="270" hits="17" branch="False" />
            <line number="271" hits="17" branch="False" />
            <line number="272" hits="23" branch="False" />
          </lines>
        </class>
        <class name="LineupWorker.LineupWorkerService/&lt;ProcessQueueAsync&gt;d__16" filename="Worker.cs" line-rate="0.9229999999999999" branch-rate="1" complexity="4">
          <methods>
            <method name="MoveNext" signature="()" line-rate="0.9229999999999999" branch-rate="1" complexity="4">
              <lines>
                <line number="155" hits="28" branch="True" condition-coverage="100% (2/2)">
                  <conditions>
                    <condition number="776" type="jump" coverage="100%" />
                  </conditions>
                </line>
                <line number="157" hits="22" branch="True" condition-coverage="100% (2/2)">
                  <conditions>
                    <condition number="657" type="jump" coverage="100%" />
                  </conditions>
                </line>
                <line number="161" hits="11" branch="False" />
                <line number="162" hits="5" branch="False" />
                <line number="164" hits="0" branch="False" />
                <line number="165" hits="6" branch="False" />
                <line number="167" hits="4" branch="False" />
                <line number="168" hits="4" branch="False" />
                <line number="170" hits="2" branch="False" />
                <line number="172" hits="2" branch="False" />
                <line number="173" hits="2" branch="False" />
                <line number="176" hits="7" branch="False" />
                <line number="177" hits="4" branch="False" />
              </lines>
            </method>
          </methods>
          <lines>
            <line number="155" hits="28" branch="True" condition-coverage="100% (2/2)">
              <conditions>
                <condition number="776" type="jump" coverage="100%" />
              </conditions>
            </line>
            <line number="157" hits="22" branch="True" condition-coverage="100% (2/2)">
              <conditions>
                <condition number="657" type="jump" coverage="100%" />
              </conditions>
            </line>
            <line number="161" hits="11" branch="False" />
            <line number="162" hits="5" branch="False" />
            <line number="164" hits="0" branch="False" />
            <line number="165" hits="6" branch="False" />
            <line number="167" hits="4" branch="False" />
            <line number="168" hits="4" branch="False" />
            <line number="170" hits="2" branch="False" />
            <line number="172" hits="2" branch="False" />
            <line number="173" hits="2" branch="False" />
            <line number="176" hits="7" branch="False" />
            <line number="177" hits="4" branch="False" />
          </lines>
        </class>
        <class name="LineupWorker.LineupWorkerService/&lt;SynchronizeWatchdogAsync&gt;d__19" filename="Worker.cs" line-rate="1" branch-rate="0.5" complexity="8">
          <methods>
            <method name="MoveNext" signature="()" line-rate="1" branch-rate="0.5" complexity="8">
              <lines>
                <line number="280" hits="6" branch="True" condition-coverage="50% (4/8)">
                  <conditions>
                    <condition number="122" type="jump" coverage="50%" />
                    <condition number="159" type="jump" coverage="50%" />
                    <condition number="197" type="jump" coverage="50%" />
                    <condition number="234" type="jump" coverage="50%" />
                  </conditions>
                </line>
                <line number="281" hits="6" branch="False" />
                <line number="282" hits="6" branch="False" />
                <line number="283" hits="6" branch="False" />
              </lines>
            </method>
          </methods>
          <lines>
            <line number="280" hits="6" branch="True" condition-coverage="50% (4/8)">
              <conditions>
                <condition number="122" type="jump" coverage="50%" />
                <condition number="159" type="jump" coverage="50%" />
                <condition number="197" type="jump" coverage="50%" />
                <condition number="234" type="jump" coverage="50%" />
              </conditions>
            </line>
            <line number="281" hits="6" branch="False" />
            <line number="282" hits="6" branch="False" />
            <line number="283" hits="6" branch="False" />
          </lines>
        </class>
        <class name="LineupWorker.LineupWorkerService/&lt;TimeoutWatchdogAsync&gt;d__20" filename="Worker.cs" line-rate="0.6666" branch-rate="0.625" complexity="8">
          <methods>
            <method name="MoveNext" signature="()" line-rate="0.6666" branch-rate="0.625" complexity="8">
              <lines>
                <line number="287" hits="4" branch="False" />
                <line number="288" hits="6" branch="True" condition-coverage="50% (1/2)">
                  <conditions>
                    <condition number="878" type="jump" coverage="50%" />
                  </conditions>
                </line>
                <line number="292" hits="6" branch="False" />
                <line number="293" hits="6" branch="True" condition-coverage="50% (1/2)">
                  <conditions>
                    <condition number="234" type="jump" coverage="50%" />
                  </conditions>
                </line>
                <line number="294" hits="6" branch="False" />
                <line number="295" hits="6" branch="False" />
                <line number="296" hits="6" branch="False" />
                <line number="297" hits="6" branch="False" />
                <line number="298" hits="16" branch="True" condition-coverage="100% (2/2)">
                  <conditions>
                    <condition number="586" type="jump" coverage="100%" />
                  </conditions>
                </line>
                <line number="300" hits="2" branch="False" />
                <line number="301" hits="2" branch="False" />
                <line number="302" hits="4" branch="False" />
                <line number="303" hits="0" branch="False" />
                <line number="305" hits="0" branch="False" />
                <line number="306" hits="0" branch="False" />
                <line number="307" hits="2" branch="False" />
                <line number="308" hits="6" branch="False" />
                <line number="309" hits="0" branch="False" />
                <line number="311" hits="0" branch="False" />
                <line number="312" hits="0" branch="False" />
                <line number="313" hits="0" branch="False" />
                <line number="316" hits="6" branch="True" condition-coverage="50% (1/2)">
                  <conditions>
                    <condition number="747" type="jump" coverage="50%" />
                  </conditions>
                </line>
                <line number="317" hits="6" branch="False" />
                <line number="319" hits="0" branch="False" />
              </lines>
            </method>
          </methods>
          <lines>
            <line number="287" hits="4" branch="False" />
            <line number="288" hits="6" branch="True" condition-coverage="50% (1/2)">
              <conditions>
                <condition number="878" type="jump" coverage="50%" />
              </conditions>
            </line>
            <line number="292" hits="6" branch="False" />
            <line number="293" hits="6" branch="True" condition-coverage="50% (1/2)">
              <conditions>
                <condition number="234" type="jump" coverage="50%" />
              </conditions>
            </line>
            <line number="294" hits="6" branch="False" />
            <line number="295" hits="6" branch="False" />
            <line number="296" hits="6" branch="False" />
            <line number="297" hits="6" branch="False" />
            <line number="298" hits="16" branch="True" condition-coverage="100% (2/2)">
              <conditions>
                <condition number="586" type="jump" coverage="100%" />
              </conditions>
            </line>
            <line number="300" hits="2" branch="False" />
            <line number="301" hits="2" branch="False" />
            <line number="302" hits="4" branch="False" />
            <line number="303" hits="0" branch="False" />
            <line number="305" hits="0" branch="False" />
            <line number="306" hits="0" branch="False" />
            <line number="307" hits="2" branch="False" />
            <line number="308" hits="6" branch="False" />
            <line number="309" hits="0" branch="False" />
            <line number="311" hits="0" branch="False" />
            <line number="312" hits="0" branch="False" />
            <line number="313" hits="0" branch="False" />
            <line number="316" hits="6" branch="True" condition-coverage="50% (1/2)">
              <conditions>
                <condition number="747" type="jump" coverage="50%" />
              </conditions>
            </line>
            <line number="317" hits="6" branch="False" />
            <line number="319" hits="0" branch="False" />
          </lines>
        </class>
        <class name="LineupWorker.LineupWorkerService/&lt;TriggerImmediateFallbackAsync&gt;d__22" filename="Worker.cs" line-rate="1" branch-rate="1" complexity="1">
          <methods>
            <method name="MoveNext" signature="()" line-rate="1" branch-rate="1" complexity="1">
              <lines>
                <line number="383" hits="2" branch="False" />
                <line number="384" hits="2" branch="False" />
                <line number="386" hits="2" branch="False" />
                <line number="387" hits="2" branch="False" />
                <line number="388" hits="2" branch="False" />
                <line number="389" hits="2" branch="False" />
                <line number="390" hits="2" branch="False" />
                <line number="391" hits="2" branch="False" />
                <line number="392" hits="2" branch="False" />
                <line number="393" hits="2" branch="False" />
                <line number="394" hits="2" branch="False" />
                <line number="395" hits="2" branch="False" />
                <line number="397" hits="2" branch="False" />
                <line number="398" hits="2" branch="False" />
                <line number="399" hits="2" branch="False" />
                <line number="400" hits="2" branch="False" />
                <line number="401" hits="2" branch="False" />
                <line number="402" hits="2" branch="False" />
                <line number="403" hits="2" branch="False" />
                <line number="404" hits="2" branch="False" />
                <line number="405" hits="2" branch="False" />
                <line number="406" hits="2" branch="False" />
                <line number="407" hits="2" branch="False" />
                <line number="408" hits="2" branch="False" />
                <line number="409" hits="2" branch="False" />
                <line number="410" hits="2" branch="False" />
              </lines>
            </method>
          </methods>
          <lines>
            <line number="383" hits="2" branch="False" />
            <line number="384" hits="2" branch="False" />
            <line number="386" hits="2" branch="False" />
            <line number="387" hits="2" branch="False" />
            <line number="388" hits="2" branch="False" />
            <line number="389" hits="2" branch="False" />
            <line number="390" hits="2" branch="False" />
            <line number="391" hits="2" branch="False" />
            <line number="392" hits="2" branch="False" />
            <line number="393" hits="2" branch="False" />
            <line number="394" hits="2" branch="False" />
            <line number="395" hits="2" branch="False" />
            <line number="397" hits="2" branch="False" />
            <line number="398" hits="2" branch="False" />
            <line number="399" hits="2" branch="False" />
            <line number="400" hits="2" branch="False" />
            <line number="401" hits="2" branch="False" />
            <line number="402" hits="2" branch="False" />
            <line number="403" hits="2" branch="False" />
            <line number="404" hits="2" branch="False" />
            <line number="405" hits="2" branch="False" />
            <line number="406" hits="2" branch="False" />
            <line number="407" hits="2" branch="False" />
            <line number="408" hits="2" branch="False" />
            <line number="409" hits="2" branch="False" />
            <line number="410" hits="2" branch="False" />
          </lines>
        </class>
        <class name="LineupWorker.Services.KernelRegistrationResult" filename="Services\KernelRedisProtocolV2.cs" line-rate="1" branch-rate="1" complexity="1">
          <methods>
            <method name="get_Status" signature="()" line-rate="1" branch-rate="1" complexity="1">
              <lines>
                <line number="264" hits="149" branch="False" />
              </lines>
            </method>
          </methods>
          <lines>
            <line number="264" hits="149" branch="False" />
          </lines>
        </class>
        <class name="LineupWorker.Services.LatencyAuditService" filename="Services\LatencyAuditService.cs" line-rate="0.9166" branch-rate="0.6875" complexity="16">
          <methods>
            <method name=".ctor" signature="(StackExchange.Redis.IConnectionMultiplexer,Microsoft.Extensions.Logging.ILogger`1&lt;LineupWorker.Services.LatencyAuditService&gt;,Microsoft.Extensions.Configuration.IConfiguration)" line-rate="0.9166" branch-rate="0.6875" complexity="16">
              <lines>
                <line number="77" hits="84" branch="False" />
                <line number="79" hits="84" branch="False" />
                <line number="80" hits="84" branch="False" />
                <line number="81" hits="84" branch="False" />
                <line number="82" hits="84" branch="False" />
                <line number="83" hits="84" branch="False" />
                <line number="84" hits="84" branch="True" condition-coverage="100% (4/4)">
                  <conditions>
                    <condition number="96" type="jump" coverage="100%" />
                    <condition number="113" type="jump" coverage="100%" />
                  </conditions>
                </line>
                <line number="85" hits="3" branch="False" />
                <line number="86" hits="81" branch="True" condition-coverage="58.33% (7/12)">
                  <conditions>
                    <condition number="140" type="jump" coverage="50%" />
                    <condition number="148" type="jump" coverage="50%" />
                    <condition number="163" type="jump" coverage="100%" />
                    <condition number="167" type="jump" coverage="50%" />
                    <condition number="175" type="jump" coverage="50%" />
                    <condition number="191" type="jump" coverage="50%" />
                  </conditions>
                </line>
                <line number="87" hits="0" branch="False" />
                <line number="88" hits="81" branch="False" />
                <line number="89" hits="81" branch="False" />
              </lines>
            </method>
          </methods>
          <lines>
            <line number="77" hits="84" branch="False" />
            <line number="79" hits="84" branch="False" />
            <line number="80" hits="84" branch="False" />
            <line number="81" hits="84" branch="False" />
            <line number="82" hits="84" branch="False" />
            <line number="83" hits="84" branch="False" />
            <line number="84" hits="84" branch="True" condition-coverage="100% (4/4)">
              <conditions>
                <condition number="96" type="jump" coverage="100%" />
                <condition number="113" type="jump" coverage="100%" />
              </conditions>
            </line>
            <line number="85" hits="3" branch="False" />
            <line number="86" hits="81" branch="True" condition-coverage="58.33% (7/12)">
              <conditions>
                <condition number="140" type="jump" coverage="50%" />
                <condition number="148" type="jump" coverage="50%" />
                <condition number="163" type="jump" coverage="100%" />
                <condition number="167" type="jump" coverage="50%" />
                <condition number="175" type="jump" coverage="50%" />
                <condition number="191" type="jump" coverage="50%" />
              </conditions>
            </line>
            <line number="87" hits="0" branch="False" />
            <line number="88" hits="81" branch="False" />
            <line number="89" hits="81" branch="False" />
          </lines>
        </class>
[...]
              <lines>
                <line number="37" hits="35" branch="True" condition-coverage="100% (2/2)">
                  <conditions>
                    <condition number="14" type="jump" coverage="100%" />
                  </conditions>
                </line>
                <line number="38" hits="35" branch="False" />
                <line number="39" hits="35" branch="False" />
              </lines>
            </method>
            <method name="IsWithinBudget" signature="(System.Double)" line-rate="1" branch-rate="0.5" complexity="6">
              <lines>
                <line number="42" hits="27" branch="True" condition-coverage="50% (3/6)">
                  <conditions>
                    <condition number="6" type="jump" coverage="50%" />
                    <condition number="18" type="jump" coverage="50%" />
                    <condition number="35" type="jump" coverage="50%" />
                  </conditions>
                </line>
              </lines>
            </method>
            <method name="get_SourcePublishedAt" signature="()" line-rate="1" branch-rate="1" complexity="1">
              <lines>
                <line number="43" hits="33" branch="False" />
              </lines>
            </method>
            <method name="get_T0Semantics" signature="()" line-rate="1" branch-rate="1" complexity="1">
              <lines>
                <line number="44" hits="33" branch="False" />
              </lines>
            </method>
            <method name=".ctor" signature="(System.String,System.String,System.DateTimeOffset,System.DateTimeOffset,System.DateTimeOffset,System.DateTimeOffset,System.Nullable`1&lt;System.DateTimeOffset&gt;,System.Double,System.Boolean,System.String)" line-rate="1" branch-rate="1" complexity="1">
              <lines>
                <line number="20" hits="34" branch="False" />
                <line number="31" hits="34" branch="False" />
              </lines>
            </method>
          </methods>
          <lines>
            <line number="21" hits="109" branch="False" />
            <line number="22" hits="109" branch="False" />
            <line number="23" hits="228" branch="False" />
            <line number="24" hits="156" branch="False" />
            <line number="25" hits="151" branch="False" />
            <line number="26" hits="259" branch="False" />
            <line number="27" hits="75" branch="False" />
            <line number="28" hits="33" branch="False" />
            <line number="29" hits="33" branch="False" />
            <line number="30" hits="33" branch="False" />
            <line number="33" hits="64" branch="False" />
            <line number="34" hits="59" branch="False" />
            <line number="35" hits="59" branch="False" />
            <line number="36" hits="130" branch="False" />
            <line number="37" hits="35" branch="True" condition-coverage="100% (2/2)">
              <conditions>
                <condition number="14" type="jump" coverage="100%" />
              </conditions>
            </line>
            <line number="38" hits="35" branch="False" />
            <line number="39" hits="35" branch="False" />
            <line number="42" hits="27" branch="True" condition-coverage="50% (3/6)">
              <conditions>
                <condition number="6" type="jump" coverage="50%" />
                <condition number="18" type="jump" coverage="50%" />
                <condition number="35" type="jump" coverage="50%" />
              </conditions>
            </line>
            <line number="43" hits="33" branch="False" />
            <line number="44" hits="33" branch="False" />
            <line number="20" hits="34" branch="False" />
            <line number="31" hits="34" branch="False" />
          </lines>
        </class>
        <class name="LineupWorker.Models.BetSignal" filename="Models\LatencyRecord.cs" line-rate="1" branch-rate="1" complexity="19">
          <methods>
            <method name="get_MatchId" signature="()" line-rate="1" branch-rate="1" complexity="1">
              <lines>
                <line number="49" hits="48" branch="False" />
              </lines>
            </method>
            <method name="get_Market" signature="()" line-rate="1" branch-rate="1" complexity="1">
              <lines>
                <line number="50" hits="48" branch="False" />
              </lines>
            </method>
            <method name="get_Selection" signature="()" line-rate="1" branch-rate="1" complexity="1">
              <lines>
                <line number="51" hits="48" branch="False" />
              </lines>
            </method>
            <method name="get_PModel" signature="()" line-rate="1" branch-rate="1" complexity="1">
              <lines>
                <line number="52" hits="63" branch="False" />
              </lines>
            </method>
            <method name="get_OddsOffered" signature="()" line-rate="1" branch-rate="1" complexity="1">
              <lines>
                <line number="53" hits="48" branch="False" />
              </lines>
            </method>
            <method name="get_EdgeVsPrice" signature="()" line-rate="1" branch-rate="1" complexity="1">
              <lines>
                <line number="54" hits="48" branch="False" />
              </lines>
            </method>
            <method name="get_KellyStake" signature="()" line-rate="1" branch-rate="1" complexity="1">
              <lines>
                <line number="55" hits="50" branch="False" />
              </lines>
            </method>
            <method name="get_DeltaVorpHome" signature="()" line-rate="1" branch-rate="1" complexity="1">
              <lines>
                <line number="56" hits="33" branch="False" />
              </lines>
            </method>
            <method name="get_DeltaVorpAway" signature="()" line-rate="1" branch-rate="1" complexity="1">
              <lines>
                <line number="57" hits="33" branch="False" />
              </lines>
            </method>
            <method name="get_IssuedAt" signature="()" line-rate="1" branch-rate="1" complexity="1">
              <lines>
                <line number="58" hits="33" branch="False" />
              </lines>
            </method>
            <method name="get_PipelineLatencyMs" signature="()" line-rate="1" branch-rate="1" complexity="1">
              <lines>
                <line number="59" hits="65" branch="False" />
              </lines>
            </method>
            <method name="get_ProtocolVersion" signature="()" line-rate="1" branch-rate="1" complexity="1">
              <lines>
                <line number="62" hits="70" branch="False" />
              </lines>
            </method>
            <method name="get_JobId" signature="()" line-rate="1" branch-rate="1" complexity="1">
              <lines>
                <line number="63" hits="67" branch="False" />
              </lines>
            </method>
            <method name="get_RunId" signature="()" line-rate="1" branch-rate="1" complexity="1">
              <lines>
                <line number="64" hits="68" branch="False" />
              </lines>
            </method>
            <method name="get_StateVersion" signature="()" line-rate="1" branch-rate="1" complexity="1">
              <lines>
                <line number="65" hits="68" branch="False" />
              </lines>
            </method>
            <method name="get_ExecutionMode" signature="()" line-rate="1" branch-rate="1" complexity="1">
              <lines>
                <line number="66" hits="33" branch="False" />
              </lines>
            </method>
            <method name="get_CapitalEnabled" signature="()" line-rate="1" branch-rate="1" complexity="1">
              <lines>
                <line number="67" hits="33" branch="False" />
              </lines>
            </method>
            <method name="get_EconomicEvidence" signature="()" line-rate="1" branch-rate="1" complexity="1">
              <lines>
                <line number="68" hits="33" branch="False" />
              </lines>
            </method>
            <method name=".ctor" signature="(System.String,System.String,System.String,System.Double,System.Double,System.Double,System.Double,System.Double,System.Double,System.DateTimeOffset,System.Double)" line-rate="1" branch-rate="1" complexity="1">
              <lines>
                <line number="48" hits="36" branch="False" />
                <line number="60" hits="36" branch="False" />
              </lines>
            </method>
          </methods>
          <lines>
            <line number="49" hits="48" branch="False" />
            <line number="50" hits="48" branch="False" />
            <line number="51" hits="48" branch="False" />
            <line number="52" hits="63" branch="False" />
            <line number="53" hits="48" branch="False" />
            <line number="54" hits="48" branch="False" />
            <line number="55" hits="50" branch="False" />
            <line number="56" hits="33" branch="False" />
            <line number="57" hits="33" branch="False" />
            <line number="58" hits="33" branch="False" />
            <line number="59" hits="65" branch="False" />
            <line number="62" hits="70" branch="False" />
            <line number="63" hits="67" branch="False" />
            <line number="64" hits="68" branch="False" />
            <line number="65" hits="68" branch="False" />
            <line number="66" hits="33" branch="False" />
            <line number="67" hits="33" branch="False" />
            <line number="68" hits="33" branch="False" />
            <line number="48" hits="36" branch="False" />
            <line number="60" hits="36" branch="False" />
          </lines>
        </class>
        <class name="LineupWorker.Models.LineupEvent" filename="Models\LineupEvent.cs" line-rate="1" branch-rate="1" complexity="8">
          <methods>
            <method name="get_MatchId" signature="()" line-rate="1" branch-rate="1" complexity="1">
              <lines>
                <line number="5" hits="384" branch="False" />
              </lines>
            </method>
            <method name="get_HomeTeam" signature="()" line-rate="1" branch-rate="1" complexity="1">
              <lines>
                <line number="6" hits="111" branch="False" />
              </lines>
            </method>
            <method name="get_AwayTeam" signature="()" line-rate="1" branch-rate="1" complexity="1">
              <lines>
                <line number="7" hits="110" branch="False" />
              </lines>
            </method>
            <method name="get_Side" signature="()" line-rate="1" branch-rate="1" complexity="1">
              <lines>
                <line number="8" hits="243" branch="False" />
              </lines>
            </method>
            <method name="get_Starters" signature="()" line-rate="1" branch-rate="1" complexity="1">
              <lines>
                <line number="9" hits="361" branch="False" />
              </lines>
            </method>
            <method name="get_Subs" signature="()" line-rate="1" branch-rate="1" complexity="1">
              <lines>
                <line number="10" hits="316" branch="False" />
              </lines>
            </method>
            <method name="get_CapturedAt" signature="()" line-rate="1" branch-rate="1" complexity="1">
              <lines>
                <line number="11" hits="295" branch="False" />
              </lines>
            </method>
            <method name=".ctor" signature="(System.String,System.String,System.String,System.String,System.String[],System.String[],System.DateTimeOffset)" line-rate="1" branch-rate="1" complexity="1">
              <lines>
                <line number="4" hits="44" branch="False" />
                <line number="12" hits="44" branch="False" />
              </lines>
            </method>
          </methods>
          <lines>
            <line number="5" hits="384" branch="False" />
            <line number="6" hits="111" branch="False" />
            <line number="7" hits="110" branch="False" />
            <line number="8" hits="243" branch="False" />
            <line number="9" hits="361" branch="False" />
            <line number="10" hits="316" branch="False" />
            <line number="11" hits="295" branch="False" />
            <line number="4" hits="44" branch="False" />
            <line number="12" hits="44" branch="False" />
          </lines>
        </class>
        <class name="LineupWorker.Models.LineupState" filename="Models\LineupEvent.cs" line-rate="1" branch-rate="1" complexity="14">
          <methods>
            <method name="get_MatchId" signature="()" line-rate="1" branch-rate="1" complexity="1">
              <lines>
                <line number="16" hits="244" branch="False" />
              </lines>
            </method>
            <method name="get_DeltaVorpHome" signature="()" line-rate="1" branch-rate="1" complexity="1">
              <lines>
                <line number="17" hits="374" branch="False" />
              </lines>
            </method>
            <method name="get_DeltaVorpAway" signature="()" line-rate="1" branch-rate="1" complexity="1">
              <lines>
                <line number="18" hits="359" branch="False" />
              </lines>
            </method>
            <method name="get_HomeLineupComplete" signature="()" line-rate="1" branch-rate="1" complexity="1">
              <lines>
                <line number="19" hits="183" branch="False" />
              </lines>
            </method>
            <method name="get_AwayLineupComplete" signature="()" line-rate="1" branch-rate="1" complexity="1">
              <lines>
                <line number="20" hits="166" branch="False" />
              </lines>
            </method>
            <method name="get_LineupCapturedAt" signature="()" line-rate="1" branch-rate="1" complexity="1">
              <lines>
                <line number="22" hits="168" branch="False" />
              </lines>
            </method>
            <method name="get_ComputedAt" signature="()" line-rate="1" branch-rate="1" complexity="1">
              <lines>
                <line number="23" hits="136" branch="False" />
              </lines>
            </method>
            <method name="get_FallbackStrategy" signature="()" line-rate="1" branch-rate="1" complexity="1">
              <lines>
                <line number="24" hits="97" branch="False" />
              </lines>
            </method>
            <method name="get_HomeCapturedAt" signature="()" line-rate="1" branch-rate="1" complexity="1">
              <lines>
                <line number="29" hits="190" branch="False" />
              </lines>
            </method>
            <method name="get_AwayCapturedAt" signature="()" line-rate="1" branch-rate="1" complexity="1">
              <lines>
                <line number="30" hits="150" branch="False" />
              </lines>
            </method>
            <method name="get_HomeEventIdentity" signature="()" line-rate="1" branch-rate="1" complexity="1">
              <lines>
                <line number="31" hits="190" branch="False" />
              </lines>
            </method>
            <method name="get_AwayEventIdentity" signature="()" line-rate="1" branch-rate="1" complexity="1">
              <lines>
                <line number="32" hits="150" branch="False" />
              </lines>
            </method>
            <method name="get_WatchdogDeadlineUnixMs" signature="()" line-rate="1" branch-rate="1" complexity="1">
              <lines>
                <line number="35" hits="268" branch="False" />
              </lines>
            </method>
            <method name=".ctor" signature="(System.String,System.Double,System.Double,System.Boolean,System.Boolean,System.DateTimeOffset,System.DateTimeOffset,System.String)" line-rate="1" branch-rate="1" complexity="1">
              <lines>
                <line number="15" hits="115" branch="False" />
                <line number="21" hits="115" branch="False" />
                <line number="25" hits="115" branch="False" />
              </lines>
            </method>
          </methods>
          <lines>
            <line number="16" hits="244" branch="False" />
            <line number="17" hits="374" branch="False" />
            <line number="18" hits="359" branch="False" />
            <line number="19" hits="183" branch="False" />
            <line number="20" hits="166" branch="False" />
            <line number="22" hits="168" branch="False" />
            <line number="23" hits="136" branch="False" />
            <line number="24" hits="97" branch="False" />
            <line number="29" hits="190" branch="False" />
            <line number="30" hits="150" branch="False" />
            <line number="31" hits="190" branch="False" />
            <line number="32" hits="150" branch="False" />
            <line number="35" hits="268" branch="False" />
            <line number="15" hits="115" branch="False" />
            <line number="21" hits="115" branch="False" />
            <line number="25" hits="115" branch="False" />
          </lines>
        </class>
        <class name="LineupWorker.Models.VarianceWideningSignal" filename="Models\LineupEvent.cs" line-rate="1" branch-rate="1" complexity="6">
          <methods>
            <method name="get_MatchId" signature="()" line-rate="1" branch-rate="1" complexity="1">
              <lines>
                <line number="40" hits="5" branch="False" />
              </lines>
            </method>
            <method name="get_Side" signature="()" line-rate="1" branch-rate="1" complexity="1">
              <lines>
                <line number="41" hits="8" branch="False" />
              </lines>
            </method>
            <method name="get_VarianceMultiplier" signature="()" line-rate="1" branch-rate="1" complexity="1">
              <lines>
                <line number="42" hits="4" branch="False" />
              </lines>
            </method>
            <method name="get_TitularidadeMatrix" signature="()" line-rate="1" branch-rate="1" complexity="1">
              <lines>
                <line number="43" hits="4" branch="False" />
              </lines>
            </method>
            <method name="get_IssuedAt" signature="()" line-rate="1" branch-rate="1" complexity="1">
              <lines>
                <line number="44" hits="4" branch="False" />
              </lines>
            </method>
            <method name=".ctor" signature="(System.String,System.String,System.Double,System.Double[],System.DateTimeOffset)" line-rate="1" branch-rate="1" complexity="1">
              <lines>
                <line number="39" hits="6" branch="False" />
                <line number="45" hits="6" branch="False" />
              </lines>
            </method>
          </methods>
          <lines>
            <line number="40" hits="5" branch="False" />
            <line number="41" hits="8" branch="False" />
            <line number="42" hits="4" branch="False" />
            <line number="43" hits="4" branch="False" />
            <line number="44" hits="4" branch="False" />
            <line number="39" hits="6" branch="False" />
            <line number="45" hits="6" branch="False" />
          </lines>
        </class>
      </classes>
    </package>
  </packages>
</coverage>