<?xml version="1.0" encoding="utf-8"?><testsuites name="pytest tests"><testsuite name="pytest" errors="0" failures="3" skipped="0" tests="192" time="38.550" timestamp="2026-09-10T12:43:30.212590-03:00" hostname="Leo"><testcase classname="tests.test_completion_event_inputs" name="test_count_target_requires_finite_nonnegative_integer[-1]" time="0.004" /><testcase classname="tests.test_completion_event_inputs" name="test_count_target_requires_finite_nonnegative_integer[2.5]" time="0.002" /><testcase classname="tests.test_completion_event_inputs" name="test_count_target_requires_finite_nonnegative_integer[inf]" time="0.003" /><testcase classname="tests.test_completion_event_inputs" name="test_count_target_requires_finite_nonnegative_integer[True]" time="0.004" /><testcase classname="tests.test_completion_event_inputs" name="test_empty_training_set_is_not_a_fitted_model" time="0.003" /><testcase classname="tests.test_completion_event_inputs" name="test_missing_training_feature_is_not_observed_zero" time="0.002" /><testcase classname="tests.test_completion_event_inputs" name="test_missing_prediction_feature_is_not_observed_zero" time="0.002" /><testcase classname="tests.test_completion_event_inputs" name="test_poisson_override_has_correct_distribution_contract" time="0.036" /><testcase classname="tests.test_completion_event_inputs" name="test_unknown_distribution_is_rejected" time="0.004" /><testcase classname="tests.test_completion_source_budget" name="test_missing_pagination_does_not_prove_complete_coverage" time="0.002" /><testcase classname="tests.test_completion_source_budget" name="test_cursor_is_encoded_and_does_not_follow_external_next_page" time="0.005" /><testcase classname="tests.test_completion_source_budget" name="test_budget_is_enforced_without_an_extra_request" time="0.002" /><testcase classname="tests.test_completion_source_budget" name="test_provider_error_cannot_echo_credentials" time="0.002" /><testcase classname="tests.test_completion_anchor" name="test_reference_excludes_offering_book" time="0.003" /><testcase classname="tests.test_completion_anchor" name="test_reference_does_not_pool_different_capture_vintages" time="0.003" /><testcase classname="tests.test_completion_anchor" name="test_reference_rejects_conflicting_duplicate_selection" time="0.001" /><testcase classname="tests.test_completion_pit_contracts" name="test_charter_is_part_of_observation_identity" time="0.074" /><testcase classname="tests.test_completion_pit_contracts" name="test_same_payload_changed_event_clock_is_a_conflict" time="0.072" /><testcase classname="tests.test_completion_pit_contracts" name="test_sql_decision_uses_utc_not_lexical_offset" time="0.002" /><testcase classname="tests.test_completion_pit_contracts" name="test_club_concentration_uses_club_appearances_denominator" time="0.006" /><testcase classname="tests.test_completion_pit_contracts" name="test_bootstrap_rejects_nonfinite_and_boolean_results[inf]" time="0.002" /><testcase classname="tests.test_completion_pit_contracts" name="test_bootstrap_rejects_nonfinite_and_boolean_results[-inf]" time="0.004" /><testcase classname="tests.test_completion_pit_contracts" name="test_bootstrap_rejects_nonfinite_and_boolean_results[True]" time="0.002" /><testcase classname="tests.test_completion_pit_contracts" name="test_ou_rejects_unimplemented_line_contract[nan]" time="0.002" /><testcase classname="tests.test_completion_pit_contracts" name="test_ou_rejects_unimplemented_line_contract[inf]" time="0.002" /><testcase classname="tests.test_completion_pit_contracts" name="test_ou_rejects_unimplemented_line_contract[True]" time="0.004" /><testcase classname="tests.test_completion_pit_contracts" name="test_ou_rejects_unimplemented_line_contract[2.25]" time="0.003" /><testcase classname="tests.test_completion_math_consumer" name="test_total_negative_binomial_is_sum_of_two_team_distributions" time="0.011" /><testcase classname="tests.test_completion_math_consumer" name="test_market_pricer_rejects_invalid_probability_measures[grid0]" time="0.002" /><testcase classname="tests.test_completion_math_consumer" name="test_market_pricer_rejects_invalid_probability_measures[grid1]" time="0.002" /><testcase classname="tests.test_completion_math_consumer" name="test_market_pricer_rejects_invalid_probability_measures[grid2]" time="0.002" /><testcase classname="tests.test_completion_math_consumer" name="test_market_pricer_rejects_invalid_probability_measures[grid3]" time="0.002" /><testcase classname="tests.test_completion_math_consumer" name="test_handicap_rejects_unsupported_or_invalid_lines[nan]" time="0.002" /><testcase classname="tests.test_completion_math_consumer" name="test_handicap_rejects_unsupported_or_invalid_lines[inf]" time="0.002" /><testcase classname="tests.test_completion_math_consumer" name="test_handicap_rejects_unsupported_or_invalid_lines[0.3]" time="0.002" /><testcase classname="tests.test_completion_math_consumer" name="test_handicap_rejects_unsupported_or_invalid_lines[True]" time="0.003" /><testcase classname="tests.test_completion_math_consumer" name="test_prediction_protocol_rejects_negative_live_score" time="0.009" /><testcase classname="tests.test_completion_math_consumer" name="test_full_prediction_cli_cannot_succeed_after_audit_log_failure[False]" time="0.032" /><testcase classname="tests.test_completion_math_consumer" name="test_full_prediction_cli_cannot_succeed_after_audit_log_failure[True]" time="0.008" /><testcase classname="tests.test_completion_ledger" name="test_invalid_bet_cannot_enter_journal[changes0]" time="0.011" /><testcase classname="tests.test_completion_ledger" name="test_invalid_bet_cannot_enter_journal[changes1]" time="0.016" /><testcase classname="tests.test_completion_ledger" name="test_invalid_bet_cannot_enter_journal[changes2]" time="0.013" /><testcase classname="tests.test_completion_ledger" name="test_invalid_bet_cannot_enter_journal[changes3]" time="0.021" /><testcase classname="tests.test_completion_ledger" name="test_invalid_bet_cannot_enter_journal[changes4]" time="0.032" /><testcase classname="tests.test_completion_ledger" name="test_invalid_bet_cannot_enter_journal[changes5]" time="0.007" /><testcase classname="tests.test_completion_ledger" name="test_stable_bet_id_survives_line_reordering_in_list_and_bank" time="0.094" /><testcase classname="tests.test_completion_ledger" name="test_duplicate_bet_id_is_rejected_before_append" time="0.048" /><testcase classname="tests.test_completion_ledger" name="test_invalid_half_time_each_side_rejected_before_any_settlement" time="0.059" /><testcase classname="tests.test_completion_serving_storage" name="test_prediction_database_is_physically_read_only" time="0.116" /><testcase classname="tests.test_completion_serving_storage" name="test_extended_model_parameters_can_be_audited_without_loss[params0]" time="0.017" /><testcase classname="tests.test_completion_serving_storage" name="test_extended_model_parameters_can_be_audited_without_loss[params1]" time="0.020" /><testcase classname="tests.test_completion_regressions" name="test_show_logs_and_displays_one_calculation_and_one_dated_quote" time="0.013" /><testcase classname="tests.test_completion_regressions" name="test_bitemporal_conflicting_versions_have_no_arbitrary_hash_winner" time="0.082" /><testcase classname="tests.test_completion_regressions" name="test_sportmonks_partial_page_cannot_claim_absent_league" time="0.004" /><testcase classname="tests.test_completion_regressions" name="test_display_does_not_certify_economic_confidence_from_config_only" time="0.003" /><testcase classname="tests.test_odds_api_snapshot" name="test_named_complete_quote_remains_observation_with_distinct_clocks" time="0.006" /><testcase classname="tests.test_odds_api_snapshot" name="test_old_change_received_after_kickoff_is_not_prospective" time="0.002" /><testcase classname="tests.test_odds_api_snapshot" name="test_invalid_latest_response_is_preserved_as_invalid_without_salvaged_events[&lt;lambda&gt;0]" time="0.017" /><testcase classname="tests.test_odds_api_snapshot" name="test_invalid_latest_response_is_preserved_as_invalid_without_salvaged_events[&lt;lambda&gt;1]" time="0.006" /><testcase classname="tests.test_odds_api_snapshot" name="test_invalid_latest_response_is_preserved_as_invalid_without_salvaged_events[&lt;lambda&gt;2]" time="0.003" /><testcase classname="tests.test_odds_api_snapshot" name="test_invalid_latest_response_is_preserved_as_invalid_without_salvaged_events[&lt;lambda&gt;3]" time="0.006" /><testcase classname="tests.test_odds_api_snapshot" name="test_invalid_latest_response_is_preserved_as_invalid_without_salvaged_events[&lt;lambda&gt;4]" time="0.002" /><testcase classname="tests.test_odds_api_snapshot" name="test_invalid_latest_response_is_preserved_as_invalid_without_salvaged_events[&lt;lambda&gt;5]" time="0.002" /><testcase classname="tests.test_odds_api_snapshot" name="test_invalid_latest_response_is_preserved_as_invalid_without_salvaged_events[&lt;lambda&gt;6]" time="0.002" /><testcase classname="tests.test_odds_api_snapshot" name="test_invalid_latest_response_is_preserved_as_invalid_without_salvaged_events[&lt;lambda&gt;7]" time="0.004" /><testcase classname="tests.test_odds_api_snapshot" name="test_missing_legs_and_empty_receipts_are_not_discarded" time="0.001" /><testcase classname="tests.test_odds_api_snapshot" name="test_event_endpoint_must_match_requested_identity" time="0.002" /><testcase classname="tests.test_odds_api_snapshot" name="test_hash_duplicate_json_and_nonfinite_number_guards" time="0.002" /><testcase classname="tests.test_odds_api_snapshot" name="test_legacy_false_eligibility_is_reproduced_without_changing_protected_adapter" time="0.013" /><testcase classname="tests.test_source_temporal_regressions" name="test_lineup_published_before_cut_but_received_after_is_excluded" time="0.001" /><testcase classname="tests.test_source_temporal_regressions" name="test_lineup_without_receipt_is_not_point_in_time_evidence" time="0.004" /><testcase classname="tests.test_source_temporal_regressions" name="test_consensus_cannot_pool_different_fixtures" time="0.002" /><testcase classname="tests.test_source_temporal_regressions" name="test_api_lineup_does_not_fabricate_publisher_timestamp" time="0.002" /><testcase classname="tests.test_source_temporal_regressions" name="test_sportmonks_naive_start_is_utc_only_under_explicit_timezone_contract" time="0.001" /><testcase classname="tests.test_api_football_provider" name="test_api_football_normalizes_historical_fixture_and_hides_key" time="0.003" /><testcase classname="tests.test_api_football_provider" name="test_api_football_allows_2026_when_subscription_exposes_it" time="0.002" /><testcase classname="tests.test_api_football_provider" name="test_api_football_surfaces_provider_errors" time="0.002"><failure message="AssertionError: Regex pattern did not match.&#10;  Expected regex: 'plan: season not available'&#10;  Actual message: 'API-Football recusou a consulta; resposta de erro omitida para proteger credenciais'">..\..\..\brasileirao-predictor\tests\test_api_football_provider.py:55: in test_api_football_surfaces_provider_errors
    with pytest.raises(DataUnavailableError, match="plan: season not available"):
         ^^^^^^^^^^^^^^^^^^^^^^^^^^^^^^^^^^^^^^^^^^^^^^^^^^^^^^^^^^^^^^^^^^^^^^^
E   AssertionError: Regex pattern did not match.
E     Expected regex: 'plan: season not available'
E     Actual message: 'API-Football recusou a consulta; resposta de erro omitida para proteger credenciais'</failure></testcase><testcase classname="tests.test_api_football_provider" name="test_api_football_requires_environment_secret" time="0.003" /><testcase classname="tests.test_api_football_provider" name="test_api_football_validates_league_and_filters_malformed_fixtures" time="0.002" /><testcase classname="tests.test_api_football_provider" name="test_api_football_rejects_invalid_provider_payloads[payload0]" time="0.003" /><testcase classname="tests.test_api_football_provider" name="test_api_football_rejects_invalid_provider_payloads[payload1]" time="0.006" /><testcase classname="tests.test_api_football_provider" name="test_api_football_rejects_invalid_provider_payloads[payload2]" time="0.005" /><testcase classname="tests.test_api_football_provider" name="test_api_football_rejects_naive_observation_time" time="0.005" /><testcase classname="tests.test_api_football_provider" name="test_api_football_normalizes_lineup_vintage" time="0.003" /><testcase classname="tests.test_sportmonks_provider" name="test_sportmonks_uses_raw_authorization_and_hides_token" time="0.001" /><testcase classname="tests.test_sportmonks_provider" name="test_sportmonks_reports_league_outside_subscription" time="0.001" /><testcase classname="tests.test_sportmonks_provider" name="test_sportmonks_requires_environment_secret" time="0.004" /><testcase classname="tests.test_sportmonks_provider" name="test_sportmonks_resolves_unique_league_and_filters_invalid_rows" time="0.003" /><testcase classname="tests.test_sportmonks_provider" name="test_sportmonks_rejects_invalid_payloads[payload0]" time="0.012" /><testcase classname="tests.test_sportmonks_provider" name="test_sportmonks_rejects_invalid_payloads[payload1]" time="0.006" /><testcase classname="tests.test_sportmonks_provider" name="test_sportmonks_rejects_invalid_payloads[payload2]" time="0.003" /><testcase classname="tests.test_sportmonks_provider" name="test_sportmonks_rejects_naive_observation_time" time="0.006" /><testcase classname="tests.test_market_anchor" name="test_remove_overround_returns_complete_distribution" time="0.002" /><testcase classname="tests.test_market_anchor" name="test_remove_overround_rejects_incomplete_or_invalid_market" time="0.002" /><testcase classname="tests.test_market_anchor" name="test_consensus_uses_complete_books_and_best_observed_price" time="0.005" /><testcase classname="tests.test_market_anchor" name="test_research_persistence_marks_collection_only" time="0.081" /><testcase classname="tests.test_bitemporal_store" name="test_as_known_at_never_sees_a_result_published_later" time="0.059" /><testcase classname="tests.test_bitemporal_store" name="test_latest_version_and_idempotency" time="0.088" /><testcase classname="tests.test_bitemporal_store" name="test_rejects_impossible_ingestion_clock" time="0.002" /><testcase classname="tests.test_pit_backfill" name="test_raw_is_write_once_hashable_and_tamper_detected" time="0.051" /><testcase classname="tests.test_pit_backfill" name="test_curated_store_has_provenance_and_never_touches_live" time="0.130" /><testcase classname="tests.test_pit_backfill" name="test_entity_resolution_rejects_ambiguous_case" time="0.003" /><testcase classname="tests.test_pit_backfill" name="test_closing_requires_valid_pre_kickoff_quote_and_versions_definition" time="0.004" /><testcase classname="tests.test_pit_backfill" name="test_curated_odds_rejects_future_capture_and_preserves_all_clocks" time="0.095" /><testcase classname="tests.test_pit_backfill" name="test_pit_rejects_future_and_evaluation_view_is_temporal" time="0.091" /><testcase classname="tests.test_pit_backfill" name="test_walk_forward_holdout_and_cluster_gate_never_enable_capital" time="0.015" /><testcase classname="tests.test_market_pricer" name="test_grid_sums_to_one" time="0.002" /><testcase classname="tests.test_market_pricer" name="test_result_1x2" time="0.002" /><testcase classname="tests.test_market_pricer" name="test_double_chance" time="0.004" /><testcase classname="tests.test_market_pricer" name="test_btts" time="0.003" /><testcase classname="tests.test_market_pricer" name="test_over_under_half_line_no_push" time="0.003" /><testcase classname="tests.test_market_pricer" name="test_over_under_other_half_line" time="0.003" /><testcase classname="tests.test_market_pricer" name="test_over_under_integer_line_has_push" time="0.003" /><testcase classname="tests.test_market_pricer" name="test_exact_score" time="0.002" /><testcase classname="tests.test_market_pricer" name="test_exact_score_out_of_range" time="0.001" /><testcase classname="tests.test_market_pricer" name="test_draw_no_bet_push_is_draw" time="0.001" /><testcase classname="tests.test_market_pricer" name="test_asian_handicap_level" time="0.001" /><testcase classname="tests.test_market_pricer" name="test_asian_handicap_minus_one_integer_push" time="0.001" /><testcase classname="tests.test_market_pricer" name="test_asian_handicap_half_line_no_push" time="0.002" /><testcase classname="tests.test_market_pricer" name="test_asian_handicap_plus_half" time="0.003" /><testcase classname="tests.test_market_pricer" name="test_asian_handicap_quarter_line_splits" time="0.002" /><testcase classname="tests.test_market_pricer" name="test_non_square_grid_raises" time="0.001" /><testcase classname="tests.test_bet_log" name="test_add_grava_linha_aberta" time="0.045" /><testcase classname="tests.test_bet_log" name="test_add_rejeita_mercado_e_odd_invalidos" time="0.010" /><testcase classname="tests.test_bet_log" name="test_settle_rejeita_placar_negativo" time="0.048" /><testcase classname="tests.test_bet_log" name="test_settle_ganha_perde_e_nao_duplica" time="0.130" /><testcase classname="tests.test_bet_log" name="test_settle_casa_por_conjunto_de_times" time="0.052" /><testcase classname="tests.test_bet_log" name="test_settle_periodo_exige_ht_e_fecha_com_ht" time="0.146" /><testcase classname="tests.test_bet_log" name="test_summary_separa_validado_de_informativo" time="0.129" /><testcase classname="tests.test_bet_log" name="test_summary_roi" time="0.157" /><testcase classname="tests.test_bet_log" name="test_banca_saldo_exposicao_e_drawdown" time="0.168" /><testcase classname="tests.test_bet_log" name="test_banca_deposito_saque_e_reinit" time="0.120" /><testcase classname="tests.test_bet_log" name="test_kickoff_marca_aposta_tardia" time="0.083" /><testcase classname="tests.test_bet_log" name="test_aviso_de_bilhete_duplicado_aberto" time="0.145" /><testcase classname="tests.test_bet_log" name="test_settle_rejeita_ht_maior_que_final" time="0.022" /><testcase classname="tests.test_bet_log" name="test_list_bets_casa_aberta_e_fechada" time="0.116" /><testcase classname="tests.test_bet_log" name="test_banca_none_sem_init" time="0.021" /><testcase classname="tests.test_bet_log" name="test_settle_confronto_repetido_exige_match_date_para_desambiguar" time="0.097" /><testcase classname="tests.test_bet_log" name="test_settle_idempotente_sobrevive_a_reordenacao_do_arquivo" time="0.102" /><testcase classname="tests.test_bet_log" name="test_settle_placar_none_levanta_valueerror_claro" time="0.020" /><testcase classname="tests.test_bet_log" name="test_add_bet_naive_vs_aware_nao_crasha" time="0.022" /><testcase classname="tests.test_bet_log" name="test_capital_gate_status_avisa_sem_trial_comprovada" time="0.040" /><testcase classname="tests.test_bet_log" name="test_capital_gate_status_silencioso_com_trial_comprovada" time="0.027" /><testcase classname="tests.test_bet_log" name="test_capital_gate_status_ignora_mercado_fora_do_gate" time="0.013" /><testcase classname="tests.test_bet_log" name="test_capital_gate_status_falha_fechado_sem_trials_json" time="0.016" /><testcase classname="tests.test_prediction_log" name="test_log_appends_one_jsonl_line" time="0.054" /><testcase classname="tests.test_prediction_log" name="test_log_preserves_draw_diagnostics_from_real_model_output" time="0.034" /><testcase classname="tests.test_prediction_log" name="test_log_records_1x2_market_block_even_without_ou_odds" time="0.032" /><testcase classname="tests.test_prediction_log" name="test_log_records_ou25_market_block_when_odds_present" time="0.035" /><testcase classname="tests.test_prediction_log" name="test_log_respects_env_path" time="0.045" /><testcase classname="tests.test_prediction_log" name="test_show_fails_closed_when_audit_log_cannot_be_persisted" time="0.004" /><testcase classname="tests.test_prediction_log" name="test_log_period_prediction_grava_schema_proprio" time="0.059" /><testcase classname="tests.test_prediction_log" name="test_log_period_respects_env_path" time="0.058" /><testcase classname="tests.test_prediction_protocol" name="test_pre_match_ready_with_explicit_probable_lineup" time="0.005" /><testcase classname="tests.test_prediction_protocol" name="test_pre_match_fails_closed[changes0-POST_KICKOFF_PRE_MATCH]" time="0.003" /><testcase classname="tests.test_prediction_protocol" name="test_pre_match_fails_closed[changes1-FUTURE_DATA_CUTOFF]" time="0.003" /><testcase classname="tests.test_prediction_protocol" name="test_pre_match_fails_closed[changes2-TRAINING_MATCH_NOT_PRIOR]" time="0.003" /><testcase classname="tests.test_prediction_protocol" name="test_pre_match_fails_closed[changes3-RESULT_NOT_AVAILABLE]" time="0.003" /><testcase classname="tests.test_prediction_protocol" name="test_pre_match_fails_closed[changes4-INCOMPLETE_CURRENT_HISTORY]" time="0.003" /><testcase classname="tests.test_prediction_protocol" name="test_pre_match_fails_closed[changes5-FUTURE_LINEUP]" time="0.005" /><testcase classname="tests.test_prediction_protocol" name="test_pre_match_fails_closed[changes6-FUTURE_ODDS]" time="0.006" /><testcase classname="tests.test_prediction_protocol" name="test_pre_match_fails_closed[changes7-LINEUP_STATUS_UNKNOWN]" time="0.005" /><testcase classname="tests.test_prediction_protocol" name="test_pre_match_fails_closed[changes8-CAPITAL_BLOCKED]" time="0.004" /><testcase classname="tests.test_prediction_protocol" name="test_live_requires_state_and_rejects_unvalidated_features" time="0.002" /><testcase classname="tests.test_prediction_protocol" name="test_live_ready_with_point_in_time_state" time="0.002" /><testcase classname="tests.test_prediction_protocol" name="test_retrospective_is_never_designated_official" time="0.003" /><testcase classname="tests.test_prediction_protocol" name="test_naive_datetime_is_rejected" time="0.008" /><testcase classname="tests.test_prediction_protocol" name="test_readiness_cli_exit_code[changes0-0]" time="0.017"><failure message="PermissionError: network_or_subprocess_forbidden">..\..\..\brasileirao-predictor\tests\test_prediction_protocol.py:112: in test_readiness_cli_exit_code
    completed = subprocess.run(
..\..\price-feasibility-2026-09-09\managed-python\cpython-3.13-windows-x86_64-none\Lib\subprocess.py:554: in run
    with Popen(*popenargs, **kwargs) as process:
         ^^^^^^^^^^^^^^^^^^^^^^^^^^^
..\..\price-feasibility-2026-09-09\managed-python\cpython-3.13-windows-x86_64-none\Lib\subprocess.py:1039: in __init__
    self._execute_child(args, executable, preexec_fn, close_fds,
..\..\price-feasibility-2026-09-09\managed-python\cpython-3.13-windows-x86_64-none\Lib\subprocess.py:1550: in _execute_child
    sys.audit("subprocess.Popen", executable, args, cwd, env)
..\run_isolated.py:57: in guard
    deny(event, 'network_or_subprocess_forbidden')
..\run_isolated.py:49: in deny
    raise PermissionError(reason)
E   PermissionError: network_or_subprocess_forbidden</failure></testcase><testcase classname="tests.test_prediction_protocol" name="test_readiness_cli_exit_code[changes1-2]" time="0.017"><failure message="PermissionError: network_or_subprocess_forbidden">..\..\..\brasileirao-predictor\tests\test_prediction_protocol.py:112: in test_readiness_cli_exit_code
    completed = subprocess.run(
..\..\price-feasibility-2026-09-09\managed-python\cpython-3.13-windows-x86_64-none\Lib\subprocess.py:554: in run
    with Popen(*popenargs, **kwargs) as process:
         ^^^^^^^^^^^^^^^^^^^^^^^^^^^
..\..\price-feasibility-2026-09-09\managed-python\cpython-3.13-windows-x86_64-none\Lib\subprocess.py:1039: in __init__
    self._execute_child(args, executable, preexec_fn, close_fds,
..\..\price-feasibility-2026-09-09\managed-python\cpython-3.13-windows-x86_64-none\Lib\subprocess.py:1550: in _execute_child
    sys.audit("subprocess.Popen", executable, args, cwd, env)
..\run_isolated.py:57: in guard
    deny(event, 'network_or_subprocess_forbidden')
..\run_isolated.py:49: in deny
    raise PermissionError(reason)
E   PermissionError: network_or_subprocess_forbidden</failure></testcase><testcase classname="tests.test_predict_cache_freshness" name="test_build_recomputes_in_memory_when_cache_hash_is_stale" time="0.009" /><testcase classname="tests.test_predict_cache_freshness" name="test_build_uses_cache_only_when_hash_and_match_count_are_current" time="0.002" /><testcase classname="tests.test_residual_features" name="test_lineup_state_uses_latest_vintage_available_asof" time="0.003" /><testcase classname="tests.test_residual_features" name="test_residual_features_capture_dispersion_time_and_lineup_change" time="0.004" /><testcase classname="tests.test_residual_features" name="test_residual_features_reject_post_kickoff_observation" time="0.003" /><testcase classname="tests.test_integral_review_event_backtest" name="test_split_cannot_train_on_any_outcome_from_first_test_day" time="0.093" /><testcase classname="tests.test_integral_review_event_backtest" name="test_multiple_price_lines_do_not_reweight_training_targets" time="0.065" /><testcase classname="tests.test_integral_review_event_backtest" name="test_unsupported_line_or_missing_probability_abstains[8.0-probs0]" time="0.007" /><testcase classname="tests.test_integral_review_event_backtest" name="test_unsupported_line_or_missing_probability_abstains[8.5-probs1]" time="0.003" /><testcase classname="tests.test_integral_review_event_backtest" name="test_one_day_cannot_supply_both_training_and_evaluation" time="0.002" /><testcase classname="tests.test_integral_review_event_backtest" name="test_conflicting_targets_for_one_event_are_rejected" time="0.003" /><testcase classname="tests.test_integral_review_event_backtest" name="test_invalid_odds_cannot_be_settled_as_a_trade[0.0]" time="0.004" /><testcase classname="tests.test_integral_review_event_backtest" name="test_invalid_odds_cannot_be_settled_as_a_trade[1.0]" time="0.003" /><testcase classname="tests.test_integral_review_event_backtest" name="test_invalid_odds_cannot_be_settled_as_a_trade[nan]" time="0.003" /><testcase classname="tests.test_integral_review_event_backtest" name="test_invalid_odds_cannot_be_settled_as_a_trade[inf]" time="0.005" /><testcase classname="tests.test_integral_review_event_backtest" name="test_invalid_odds_cannot_be_settled_as_a_trade[True]" time="0.004" /><testcase classname="tests.test_market_probs_date" name="test_com_data_escolhe_a_edicao_certa" time="0.010" /><testcase classname="tests.test_market_probs_date" name="test_tolerancia_de_3_dias" time="0.006" /><testcase classname="tests.test_market_probs_date" name="test_sem_data_fica_com_o_mais_recente" time="0.004" /><testcase classname="tests.test_market_probs_date" name="test_orientacao_preservada" time="0.013" /><testcase classname="tests.test_market_probs_date" name="test_data_ilegivel_nao_trava" time="0.016" /><testcase classname="tests.test_market_probs_date" name="test_confronto_inexistente" time="0.005" /><testcase classname="tests.test_draw_diagnostics" name="test_display_exposes_draw_hypotheses_in_structured_and_human_output" time="0.007" /></testsuite></testsuites>