<?xml version="1.0" encoding="utf-8"?><testsuites name="pytest tests"><testsuite name="pytest" errors="0" failures="0" skipped="0" tests="20" time="18.113" timestamp="2026-09-10T19:46:02.844529-03:00" hostname="Leo"><testcase classname="tests.test_resolution_coverage" name="test_empty_input_cannot_approve" time="0.067" /><testcase classname="tests.test_resolution_coverage" name="test_one_missing_required_file_cannot_approve" time="0.084" /><testcase classname="tests.test_resolution_coverage" name="test_zero_denominator_is_unknown" time="0.001" /><testcase classname="tests.test_resolution_coverage" name="test_current_kernel_surface_is_gated[kernel_cli.py]" time="0.002" /><testcase classname="tests.test_resolution_coverage" name="test_current_kernel_surface_is_gated[kernel_redis_v2.py]" time="0.005" /><testcase classname="tests.test_resolution_coverage" name="test_report_never_invents_dotnet_rates" time="0.057" /><testcase classname="tests.test_resolution_coverage" name="test_line_only_coverage_cannot_approve" time="0.030" /><testcase classname="tests.test_resolution_coverage" name="test_invalid_counts_cannot_approve[True]" time="0.001" /><testcase classname="tests.test_resolution_coverage" name="test_invalid_counts_cannot_approve[-1]" time="0.003" /><testcase classname="tests.test_resolution_coverage" name="test_invalid_counts_cannot_approve[11]" time="0.002" /><testcase classname="tests.test_resolution_coverage" name="test_invalid_counts_cannot_approve[1.5]" time="0.002" /><testcase classname="tests.test_resolution_coverage" name="test_real_regression_keeps_ratchet" time="0.045" /><testcase classname="tests.test_resolution_structural_edge" name="test_stale_offer_cannot_be_compared_with_fresh_reference" time="0.001" /><testcase classname="tests.test_resolution_structural_edge" name="test_invalid_policy_is_not_silently_interpreted[changes0]" time="0.001" /><testcase classname="tests.test_resolution_structural_edge" name="test_invalid_policy_is_not_silently_interpreted[changes1]" time="0.001" /><testcase classname="tests.test_resolution_structural_edge" name="test_invalid_policy_is_not_silently_interpreted[changes2]" time="0.004" /><testcase classname="tests.test_resolution_structural_edge" name="test_invalid_policy_is_not_silently_interpreted[changes3]" time="0.003" /><testcase classname="tests.test_resolution_structural_edge" name="test_snapshot_does_not_change_when_callers_mutate_original_odds" time="0.002" /><testcase classname="tests.test_resolution_structural_edge" name="test_power_devig_brackets_valid_high_margin_prices" time="0.007" /><testcase classname="tests.test_resolution_structural_edge" name="test_nonfinite_market_line_is_rejected" time="0.002" /></testsuite></testsuites>