<?xml version="1.0" encoding="utf-8"?><testsuites name="pytest tests"><testsuite name="pytest" errors="0" failures="0" skipped="0" tests="50" time="22.926" timestamp="2026-09-10T11:46:23.546710-03:00" hostname="Leo"><testcase classname="tests.test_completion_math_consumer" name="test_total_negative_binomial_is_sum_of_two_team_distributions" time="0.014" /><testcase classname="tests.test_completion_math_consumer" name="test_market_pricer_rejects_invalid_probability_measures[grid0]" time="0.003" /><testcase classname="tests.test_completion_math_consumer" name="test_market_pricer_rejects_invalid_probability_measures[grid1]" time="0.006" /><testcase classname="tests.test_completion_math_consumer" name="test_market_pricer_rejects_invalid_probability_measures[grid2]" time="0.002" /><testcase classname="tests.test_completion_math_consumer" name="test_market_pricer_rejects_invalid_probability_measures[grid3]" time="0.002" /><testcase classname="tests.test_completion_math_consumer" name="test_handicap_rejects_unsupported_or_invalid_lines[nan]" time="0.005" /><testcase classname="tests.test_completion_math_consumer" name="test_handicap_rejects_unsupported_or_invalid_lines[inf]" time="0.003" /><testcase classname="tests.test_completion_math_consumer" name="test_handicap_rejects_unsupported_or_invalid_lines[0.3]" time="0.002" /><testcase classname="tests.test_completion_math_consumer" name="test_handicap_rejects_unsupported_or_invalid_lines[True]" time="0.005" /><testcase classname="tests.test_completion_math_consumer" name="test_prediction_protocol_rejects_negative_live_score" time="0.005" /><testcase classname="tests.test_completion_math_consumer" name="test_full_prediction_cli_cannot_succeed_after_audit_log_failure" time="0.062" /><testcase classname="tests.test_market_pricer" name="test_grid_sums_to_one" time="0.002" /><testcase classname="tests.test_market_pricer" name="test_result_1x2" time="0.002" /><testcase classname="tests.test_market_pricer" name="test_double_chance" time="0.003" /><testcase classname="tests.test_market_pricer" name="test_btts" time="0.002" /><testcase classname="tests.test_market_pricer" name="test_over_under_half_line_no_push" time="0.002" /><testcase classname="tests.test_market_pricer" name="test_over_under_other_half_line" time="0.002" /><testcase classname="tests.test_market_pricer" name="test_over_under_integer_line_has_push" time="0.004" /><testcase classname="tests.test_market_pricer" name="test_exact_score" time="0.002" /><testcase classname="tests.test_market_pricer" name="test_exact_score_out_of_range" time="0.002" /><testcase classname="tests.test_market_pricer" name="test_draw_no_bet_push_is_draw" time="0.002" /><testcase classname="tests.test_market_pricer" name="test_asian_handicap_level" time="0.005" /><testcase classname="tests.test_market_pricer" name="test_asian_handicap_minus_one_integer_push" time="0.002" /><testcase classname="tests.test_market_pricer" name="test_asian_handicap_half_line_no_push" time="0.002" /><testcase classname="tests.test_market_pricer" name="test_asian_handicap_plus_half" time="0.004" /><testcase classname="tests.test_market_pricer" name="test_asian_handicap_quarter_line_splits" time="0.002" /><testcase classname="tests.test_market_pricer" name="test_non_square_grid_raises" time="0.001" /><testcase classname="tests.test_prediction_log" name="test_log_appends_one_jsonl_line" time="0.051" /><testcase classname="tests.test_prediction_log" name="test_log_preserves_draw_diagnostics_from_real_model_output" time="0.048" /><testcase classname="tests.test_prediction_log" name="test_log_records_1x2_market_block_even_without_ou_odds" time="0.038" /><testcase classname="tests.test_prediction_log" name="test_log_records_ou25_market_block_when_odds_present" time="0.036" /><testcase classname="tests.test_prediction_log" name="test_log_respects_env_path" time="0.037" /><testcase classname="tests.test_prediction_log" name="test_show_fails_closed_when_audit_log_cannot_be_persisted" time="0.003" /><testcase classname="tests.test_prediction_log" name="test_log_period_prediction_grava_schema_proprio" time="0.042" /><testcase classname="tests.test_prediction_log" name="test_log_period_respects_env_path" time="0.043" /><testcase classname="tests.test_completion_regressions" name="test_show_logs_and_displays_one_calculation_and_one_dated_quote" time="0.006" /><testcase classname="tests.test_completion_regressions" name="test_bitemporal_conflicting_versions_have_no_arbitrary_hash_winner" time="0.052" /><testcase classname="tests.test_completion_regressions" name="test_sportmonks_partial_page_cannot_claim_absent_league" time="0.003" /><testcase classname="tests.test_completion_regressions" name="test_display_does_not_certify_economic_confidence_from_config_only" time="0.001" /><testcase classname="tests.test_integral_review_event_backtest" name="test_split_cannot_train_on_any_outcome_from_first_test_day" time="0.063" /><testcase classname="tests.test_integral_review_event_backtest" name="test_multiple_price_lines_do_not_reweight_training_targets" time="0.069" /><testcase classname="tests.test_integral_review_event_backtest" name="test_unsupported_line_or_missing_probability_abstains[8.0-probs0]" time="0.005" /><testcase classname="tests.test_integral_review_event_backtest" name="test_unsupported_line_or_missing_probability_abstains[8.5-probs1]" time="0.002" /><testcase classname="tests.test_integral_review_event_backtest" name="test_one_day_cannot_supply_both_training_and_evaluation" time="0.001" /><testcase classname="tests.test_integral_review_event_backtest" name="test_conflicting_targets_for_one_event_are_rejected" time="0.002" /><testcase classname="tests.test_integral_review_event_backtest" name="test_invalid_odds_cannot_be_settled_as_a_trade[0.0]" time="0.002" /><testcase classname="tests.test_integral_review_event_backtest" name="test_invalid_odds_cannot_be_settled_as_a_trade[1.0]" time="0.005" /><testcase classname="tests.test_integral_review_event_backtest" name="test_invalid_odds_cannot_be_settled_as_a_trade[nan]" time="0.003" /><testcase classname="tests.test_integral_review_event_backtest" name="test_invalid_odds_cannot_be_settled_as_a_trade[inf]" time="0.002" /><testcase classname="tests.test_integral_review_event_backtest" name="test_invalid_odds_cannot_be_settled_as_a_trade[True]" time="0.007" /></testsuite></testsuites>