<?xml version="1.0" encoding="utf-8"?><testsuites name="pytest tests"><testsuite name="pytest" errors="0" failures="0" skipped="0" tests="345" time="23.626" timestamp="2026-09-10T20:57:33.575933-03:00" hostname="Leo"><testcase classname="tests.test_resolution_bank" name="test_bank_snapshot_locks_both_books" time="0.029" /><testcase classname="tests.test_resolution_bank" name="test_old_stake_is_not_revalued_by_new_unit" time="0.074" /><testcase classname="tests.test_resolution_bank" name="test_currency_change_requires_reconciliation_for_old_open_stake" time="0.052" /><testcase classname="tests.test_resolution_bank" name="test_flow_requires_initial_bank_and_monotonic_clock" time="0.026" /><testcase classname="tests.test_resolution_bank" name="test_drawdown_accounts_for_time_of_contribution" time="0.073" /><testcase classname="tests.test_bet_log" name="test_add_grava_linha_aberta" time="0.019" /><testcase classname="tests.test_bet_log" name="test_add_rejeita_mercado_e_odd_invalidos" time="0.009" /><testcase classname="tests.test_bet_log" name="test_settle_rejeita_placar_negativo" time="0.012" /><testcase classname="tests.test_bet_log" name="test_settle_ganha_perde_e_nao_duplica" time="0.076" /><testcase classname="tests.test_bet_log" name="test_settle_casa_por_conjunto_de_times" time="0.035" /><testcase classname="tests.test_bet_log" name="test_settle_periodo_exige_ht_e_fecha_com_ht" time="0.127" /><testcase classname="tests.test_bet_log" name="test_summary_separa_validado_de_informativo" time="0.066" /><testcase classname="tests.test_bet_log" name="test_summary_roi" time="0.074" /><testcase classname="tests.test_bet_log" name="test_banca_saldo_exposicao_e_drawdown" time="0.093" /><testcase classname="tests.test_bet_log" name="test_banca_deposito_saque_e_reinit" time="0.080" /><testcase classname="tests.test_bet_log" name="test_kickoff_marca_aposta_tardia" time="0.038" /><testcase classname="tests.test_bet_log" name="test_aviso_de_bilhete_duplicado_aberto" time="0.071" /><testcase classname="tests.test_bet_log" name="test_settle_rejeita_ht_maior_que_final" time="0.011" /><testcase classname="tests.test_bet_log" name="test_list_bets_casa_aberta_e_fechada" time="0.054" /><testcase classname="tests.test_bet_log" name="test_banca_none_sem_init" time="0.015" /><testcase classname="tests.test_bet_log" name="test_settle_confronto_repetido_exige_match_date_para_desambiguar" time="0.058" /><testcase classname="tests.test_bet_log" name="test_settle_idempotente_sobrevive_a_reordenacao_do_arquivo" time="0.053" /><testcase classname="tests.test_bet_log" name="test_settle_placar_none_levanta_valueerror_claro" time="0.012" /><testcase classname="tests.test_bet_log" name="test_add_bet_naive_vs_aware_nao_crasha" time="0.008" /><testcase classname="tests.test_bet_log" name="test_capital_gate_status_avisa_sem_trial_comprovada" time="0.015" /><testcase classname="tests.test_bet_log" name="test_capital_gate_status_silencioso_com_trial_comprovada" time="0.018" /><testcase classname="tests.test_bet_log" name="test_capital_gate_status_ignora_mercado_fora_do_gate" time="0.005" /><testcase classname="tests.test_bet_log" name="test_capital_gate_status_falha_fechado_sem_trials_json" time="0.004" /><testcase classname="tests.test_completion_ledger" name="test_invalid_bet_cannot_enter_journal[changes0]" time="0.008" /><testcase classname="tests.test_completion_ledger" name="test_invalid_bet_cannot_enter_journal[changes1]" time="0.007" /><testcase classname="tests.test_completion_ledger" name="test_invalid_bet_cannot_enter_journal[changes2]" time="0.008" /><testcase classname="tests.test_completion_ledger" name="test_invalid_bet_cannot_enter_journal[changes3]" time="0.008" /><testcase classname="tests.test_completion_ledger" name="test_invalid_bet_cannot_enter_journal[changes4]" time="0.006" /><testcase classname="tests.test_completion_ledger" name="test_invalid_bet_cannot_enter_journal[changes5]" time="0.007" /><testcase classname="tests.test_completion_ledger" name="test_stable_bet_id_survives_line_reordering_in_list_and_bank" time="0.065" /><testcase classname="tests.test_completion_ledger" name="test_duplicate_bet_id_is_rejected_before_append" time="0.020" /><testcase classname="tests.test_completion_ledger" name="test_invalid_half_time_each_side_rejected_before_any_settlement" time="0.028" /><testcase classname="tests.test_ledger_consistency" name="test_concurrent_writers_cannot_duplicate_identity[settle]" time="0.040" /><testcase classname="tests.test_ledger_consistency" name="test_concurrent_writers_cannot_duplicate_identity[add]" time="0.037" /><testcase classname="tests.test_ledger_consistency" name="test_append_preserves_unterminated_valid_record" time="0.054" /><testcase classname="tests.test_ledger_consistency" name="test_bank_uses_one_snapshot_for_profit_and_exposure" time="0.079" /><testcase classname="tests.test_ledger_consistency" name="test_imported_invalid_bank_record_is_rejected[change0]" time="0.023" /><testcase classname="tests.test_ledger_consistency" name="test_imported_invalid_bank_record_is_rejected[change1]" time="0.025" /><testcase classname="tests.test_ledger_consistency" name="test_imported_invalid_bank_record_is_rejected[change2]" time="0.022" /><testcase classname="tests.test_ledger_consistency" name="test_imported_invalid_bank_record_is_rejected[change3]" time="0.022" /><testcase classname="tests.test_ledger_consistency" name="test_imported_invalid_bank_record_is_rejected[change4]" time="0.022" /><testcase classname="tests.test_ledger_consistency" name="test_imported_invalid_bank_record_is_rejected[change5]" time="0.020" /><testcase classname="tests.test_ledger_consistency" name="test_imported_invalid_bank_record_is_rejected[change6]" time="0.024" /><testcase classname="tests.test_ledger_consistency" name="test_bank_duplicate_json_key_is_rejected" time="0.023" /><testcase classname="tests.test_ledger_consistency" name="test_invalid_imported_contract_cannot_be_settled[change0]" time="0.025" /><testcase classname="tests.test_ledger_consistency" name="test_invalid_imported_contract_cannot_be_settled[change1]" time="0.028" /><testcase classname="tests.test_ledger_consistency" name="test_invalid_imported_contract_cannot_be_settled[change2]" time="0.023" /><testcase classname="tests.test_ledger_consistency" name="test_reversed_team_input_keeps_score_in_recorded_home_order" time="0.025" /><testcase classname="tests.test_ledger_consistency" name="test_invalid_configured_stake_cap_is_rejected[NaN]" time="0.005" /><testcase classname="tests.test_ledger_consistency" name="test_invalid_configured_stake_cap_is_rejected[Infinity]" time="0.008" /><testcase classname="tests.test_ledger_consistency" name="test_invalid_configured_stake_cap_is_rejected[-1]" time="0.005" /><testcase classname="tests.test_ledger_consistency" name="test_invalid_configured_stake_cap_is_rejected[]" time="0.006" /><testcase classname="tests.test_ledger_consistency" name="test_stable_id_does_not_require_legacy_line_number" time="0.052" /><testcase classname="tests.test_ledger_consistency" name="test_cli_does_not_promote_legacy_market_flag" time="0.045" /><testcase classname="tests.test_ledger_consistency" name="test_failed_append_releases_writer_lock" time="0.022" /><testcase classname="tests.test_resolution_curated_versions" name="test_curated_roundtrip_keeps_market_contract" time="0.063" /><testcase classname="tests.test_resolution_curated_versions" name="test_curated_tied_conflicts_are_preserved_and_cannot_be_selected" time="0.065" /><testcase classname="tests.test_resolution_curated_versions" name="test_curated_suspension_survives_roundtrip_and_prevents_resurrection" time="0.055" /><testcase classname="tests.test_resolution_curated_versions" name="test_curated_exact_retry_is_idempotent" time="0.052" /><testcase classname="tests.test_resolution_curated_versions" name="test_curated_does_not_implicitly_mutate_old_schema" time="0.014" /><testcase classname="tests.test_resolution_curated_versions" name="test_match_revision_does_not_erase_earlier_as_of_state" time="0.060" /><testcase classname="tests.test_resolution_curated_versions" name="test_match_conflicting_revision_at_same_receipt_is_not_arbitrated" time="0.055" /><testcase classname="tests.test_resolution_curated_versions" name="test_cancelled_latest_match_does_not_resurrect_scheduled_version" time="0.056" /><testcase classname="tests.test_resolution_curated_versions" name="test_closing_rejects_future_information_even_for_direct_rows[observed_at]" time="0.002" /><testcase classname="tests.test_resolution_curated_versions" name="test_closing_rejects_future_information_even_for_direct_rows[available_at]" time="0.001" /><testcase classname="tests.test_resolution_curated_versions" name="test_closing_rejects_future_information_even_for_direct_rows[published_at]" time="0.001" /><testcase classname="tests.test_pit_backfill" name="test_raw_is_write_once_hashable_and_tamper_detected" time="0.034" /><testcase classname="tests.test_pit_backfill" name="test_curated_store_has_provenance_and_never_touches_live" time="0.070" /><testcase classname="tests.test_pit_backfill" name="test_entity_resolution_rejects_ambiguous_case" time="0.001" /><testcase classname="tests.test_pit_backfill" name="test_closing_requires_valid_pre_kickoff_quote_and_versions_definition" time="0.001" /><testcase classname="tests.test_pit_backfill" name="test_curated_odds_rejects_future_capture_and_preserves_all_clocks" time="0.050" /><testcase classname="tests.test_pit_backfill" name="test_pit_rejects_future_and_evaluation_view_is_temporal" time="0.074" /><testcase classname="tests.test_pit_backfill" name="test_walk_forward_holdout_and_cluster_gate_never_enable_capital" time="0.006" /><testcase classname="tests.test_closeout_integrity" name="test_score_cannot_be_truncated_or_boolean[True]" time="0.032" /><testcase classname="tests.test_closeout_integrity" name="test_score_cannot_be_truncated_or_boolean[1.9_0]" time="0.033" /><testcase classname="tests.test_closeout_integrity" name="test_score_cannot_be_truncated_or_boolean[1.9_1]" time="0.027" /><testcase classname="tests.test_closeout_integrity" name="test_score_cannot_be_truncated_or_boolean[inf]" time="0.025" /><testcase classname="tests.test_closeout_integrity" name="test_half_time_requires_two_integer_counts[ht0]" time="0.024" /><testcase classname="tests.test_closeout_integrity" name="test_half_time_requires_two_integer_counts[ht1]" time="0.027" /><testcase classname="tests.test_closeout_integrity" name="test_half_time_requires_two_integer_counts[ht2]" time="0.023" /><testcase classname="tests.test_closeout_integrity" name="test_half_time_requires_two_integer_counts[ht3]" time="0.026" /><testcase classname="tests.test_closeout_integrity" name="test_summary_rejects_duplicate_settlement" time="0.061" /><testcase classname="tests.test_closeout_integrity" name="test_summary_rejects_orphan_and_changed_amount" time="0.065" /><testcase classname="tests.test_closeout_integrity" name="test_imported_duplicate_bet_id_is_rejected" time="0.037" /><testcase classname="tests.test_closeout_integrity" name="test_malformed_json_journal_refused[{&quot;kind&quot;:&quot;bet&quot;,&quot;stake&quot;:NaN}]" time="0.021" /><testcase classname="tests.test_closeout_integrity" name="test_malformed_json_journal_refused[{&quot;kind&quot;:&quot;bet&quot;,&quot;kind&quot;:&quot;settlement&quot;}]" time="0.020" /><testcase classname="tests.test_closeout_integrity" name="test_last_unusable_state_must_not_resurrect_price[changes0]" time="0.001" /><testcase classname="tests.test_closeout_integrity" name="test_last_unusable_state_must_not_resurrect_price[changes1]" time="0.001" /><testcase classname="tests.test_closeout_integrity" name="test_last_unusable_state_must_not_resurrect_price[changes2]" time="0.001" /><testcase classname="tests.test_closeout_integrity" name="test_closing_conflicting_latest_tie_abstains" time="0.001" /><testcase classname="tests.test_closeout_integrity" name="test_closing_cannot_mix_event_source_or_contract[changes0]" time="0.001" /><testcase classname="tests.test_closeout_integrity" name="test_closing_cannot_mix_event_source_or_contract[changes1]" time="0.001" /><testcase classname="tests.test_closeout_integrity" name="test_closing_cannot_mix_event_source_or_contract[changes2]" time="0.001" /><testcase classname="tests.test_closeout_integrity" name="test_closing_cannot_mix_event_source_or_contract[changes3]" time="0.001" /><testcase classname="tests.test_closeout_integrity" name="test_curated_clock_cannot_follow_receipt[observed_at]" time="0.050" /><testcase classname="tests.test_closeout_integrity" name="test_curated_clock_cannot_follow_receipt[published_at]" time="0.050" /><testcase classname="tests.test_closeout_integrity" name="test_readiness_rejects_coerced_or_blank_input[changes0]" time="0.001" /><testcase classname="tests.test_closeout_integrity" name="test_readiness_rejects_coerced_or_blank_input[changes1]" time="0.001" /><testcase classname="tests.test_closeout_integrity" name="test_readiness_rejects_coerced_or_blank_input[changes2]" time="0.001" /><testcase classname="tests.test_closeout_integrity" name="test_readiness_rejects_coerced_or_blank_input[changes3]" time="0.001" /><testcase classname="tests.test_closeout_integrity" name="test_readiness_rejects_coerced_or_blank_input[changes4]" time="0.001" /><testcase classname="tests.test_closeout_integrity" name="test_declarations_do_not_certify_prospective_evidence" time="0.001" /><testcase classname="tests.test_closeout_integrity" name="test_inconsistent_chronology_blocks_contract[changes0]" time="0.001" /><testcase classname="tests.test_closeout_integrity" name="test_inconsistent_chronology_blocks_contract[changes1]" time="0.001" /><testcase classname="tests.test_closeout_integrity" name="test_inconsistent_chronology_blocks_contract[changes2]" time="0.001" /><testcase classname="tests.test_closeout_integrity" name="test_inconsistent_chronology_blocks_contract[changes3]" time="0.001" /><testcase classname="tests.test_resolution_gate_dependence" name="test_repeated_snapshots_cannot_satisfy_independent_sample_floor" time="0.001" /><testcase classname="tests.test_resolution_gate_dependence" name="test_declared_dsr_cannot_promote_unregistered_experiment" time="0.002" /><testcase classname="tests.test_resolution_gate_dependence" name="test_psr_uses_event_returns_and_is_invariant_to_snapshot_repetition" time="0.009" /><testcase classname="tests.test_residual_gate" name="test_gate_is_pending_below_sample_floor" time="0.001" /><testcase classname="tests.test_residual_gate" name="test_gate_rejects_negative_economics_even_with_high_dsr" time="0.015" /><testcase classname="tests.test_residual_gate" name="test_gate_can_only_return_candidate_not_enable_capital" time="0.016" /><testcase classname="tests.test_reconciliation_gate_contracts" name="test_calibration_rejects_invalid_numeric_evidence[rps-nan]" time="0.001" /><testcase classname="tests.test_reconciliation_gate_contracts" name="test_calibration_rejects_invalid_numeric_evidence[rps-inf]" time="0.002" /><testcase classname="tests.test_reconciliation_gate_contracts" name="test_calibration_rejects_invalid_numeric_evidence[rps--inf]" time="0.001" /><testcase classname="tests.test_reconciliation_gate_contracts" name="test_calibration_rejects_invalid_numeric_evidence[rps-True]" time="0.001" /><testcase classname="tests.test_reconciliation_gate_contracts" name="test_calibration_rejects_invalid_numeric_evidence[rps--0.01]" time="0.001" /><testcase classname="tests.test_reconciliation_gate_contracts" name="test_calibration_rejects_invalid_numeric_evidence[rps-None]" time="0.001" /><testcase classname="tests.test_reconciliation_gate_contracts" name="test_calibration_rejects_invalid_numeric_evidence[log_loss_home_win-nan]" time="0.001" /><testcase classname="tests.test_reconciliation_gate_contracts" name="test_calibration_rejects_invalid_numeric_evidence[log_loss_home_win-inf]" time="0.001" /><testcase classname="tests.test_reconciliation_gate_contracts" name="test_calibration_rejects_invalid_numeric_evidence[log_loss_home_win--inf]" time="0.001" /><testcase classname="tests.test_reconciliation_gate_contracts" name="test_calibration_rejects_invalid_numeric_evidence[log_loss_home_win-True]" time="0.001" /><testcase classname="tests.test_reconciliation_gate_contracts" name="test_calibration_rejects_invalid_numeric_evidence[log_loss_home_win--0.01]" time="0.001" /><testcase classname="tests.test_reconciliation_gate_contracts" name="test_calibration_rejects_invalid_numeric_evidence[log_loss_home_win-None]" time="0.001" /><testcase classname="tests.test_reconciliation_gate_contracts" name="test_calibration_rejects_malformed_report[None]" time="0.001" /><testcase classname="tests.test_reconciliation_gate_contracts" name="test_calibration_rejects_malformed_report[bad1]" time="0.001" /><testcase classname="tests.test_reconciliation_gate_contracts" name="test_calibration_rejects_malformed_report[bad2]" time="0.001" /><testcase classname="tests.test_reconciliation_gate_contracts" name="test_calibration_rejects_malformed_report[bad3]" time="0.001" /><testcase classname="tests.test_reconciliation_gate_contracts" name="test_calibration_marks_report_only_and_does_not_mutate" time="0.001" /><testcase classname="tests.test_reconciliation_gate_contracts" name="test_calibration_missing_home_guardrail_still_abstains" time="0.001" /><testcase classname="tests.test_reconciliation_gate_contracts" name="test_residual_rejects_invalid_values_before_any_statistics[nan-pnl]" time="0.005" /><testcase classname="tests.test_reconciliation_gate_contracts" name="test_residual_rejects_invalid_values_before_any_statistics[nan-clv]" time="0.001" /><testcase classname="tests.test_reconciliation_gate_contracts" name="test_residual_rejects_invalid_values_before_any_statistics[inf-pnl]" time="0.001" /><testcase classname="tests.test_reconciliation_gate_contracts" name="test_residual_rejects_invalid_values_before_any_statistics[inf-clv]" time="0.001" /><testcase classname="tests.test_reconciliation_gate_contracts" name="test_residual_rejects_invalid_values_before_any_statistics[-inf-pnl]" time="0.001" /><testcase classname="tests.test_reconciliation_gate_contracts" name="test_residual_rejects_invalid_values_before_any_statistics[-inf-clv]" time="0.001" /><testcase classname="tests.test_reconciliation_gate_contracts" name="test_residual_rejects_invalid_values_before_any_statistics[True-pnl]" time="0.001" /><testcase classname="tests.test_reconciliation_gate_contracts" name="test_residual_rejects_invalid_values_before_any_statistics[True-clv]" time="0.001" /><testcase classname="tests.test_reconciliation_gate_contracts" name="test_residual_rejects_invalid_values_before_any_statistics[0.2-pnl]" time="0.001" /><testcase classname="tests.test_reconciliation_gate_contracts" name="test_residual_rejects_invalid_values_before_any_statistics[0.2-clv]" time="0.001" /><testcase classname="tests.test_reconciliation_gate_contracts" name="test_residual_requires_an_event_identity[True]" time="0.001" /><testcase classname="tests.test_reconciliation_gate_contracts" name="test_residual_requires_an_event_identity[ ]" time="0.001" /><testcase classname="tests.test_reconciliation_gate_contracts" name="test_residual_requires_an_event_identity[bad2]" time="0.001" /><testcase classname="tests.test_reconciliation_gate_contracts" name="test_residual_requires_an_event_identity[bad3]" time="0.001" /><testcase classname="tests.test_reconciliation_gate_contracts" name="test_residual_validates_configuration_even_below_sample_floor[dsr-inf]" time="0.001" /><testcase classname="tests.test_reconciliation_gate_contracts" name="test_residual_validates_configuration_even_below_sample_floor[dsr-True]" time="0.001" /><testcase classname="tests.test_reconciliation_gate_contracts" name="test_residual_validates_configuration_even_below_sample_floor[dsr-1.01]" time="0.001" /><testcase classname="tests.test_reconciliation_gate_contracts" name="test_residual_validates_configuration_even_below_sample_floor[minimum_psr--0.01]" time="0.001" /><testcase classname="tests.test_reconciliation_gate_contracts" name="test_residual_validates_configuration_even_below_sample_floor[minimum_dsr-nan]" time="0.001" /><testcase classname="tests.test_reconciliation_gate_contracts" name="test_residual_validates_configuration_even_below_sample_floor[minimum_sample-0]" time="0.001" /><testcase classname="tests.test_reconciliation_gate_contracts" name="test_residual_validates_configuration_even_below_sample_floor[minimum_sample-True]" time="0.001" /><testcase classname="tests.test_reconciliation_gate_contracts" name="test_residual_validates_configuration_even_below_sample_floor[minimum_sample-2.5]" time="0.001" /><testcase classname="tests.test_reconciliation_gate_contracts" name="test_residual_validates_configuration_even_below_sample_floor[n_boot-0]" time="0.001" /><testcase classname="tests.test_reconciliation_gate_contracts" name="test_residual_validates_configuration_even_below_sample_floor[n_boot-True]" time="0.001" /><testcase classname="tests.test_reconciliation_gate_contracts" name="test_residual_validates_configuration_even_below_sample_floor[n_boot-2.5]" time="0.001" /><testcase classname="tests.test_reconciliation_gate_contracts" name="test_residual_does_not_promote_a_selected_complete_subset" time="0.001" /><testcase classname="tests.test_reconciliation_gate_contracts" name="test_residual_labels_unit_assumption_and_declared_dsr" time="0.002" /><testcase classname="tests.test_reconciliation_gate_contracts" name="test_residual_cannot_call_variable_stake_pnl_roi" time="0.001" /><testcase classname="tests.test_resolution_restore" name="test_restored_copy_keeps_manifest_and_is_independently_verifiable" time="0.118" /><testcase classname="tests.test_resolution_restore" name="test_restore_detects_copy_corruption_before_reporting_success" time="0.094" /><testcase classname="tests.test_resolution_restore" name="test_backup_restore_accepts_literal_uri_characters_in_paths" time="0.091" /><testcase classname="tests.test_resolution_restore" name="test_backup_restore_does_not_decode_literal_percent_sequences" time="0.090" /><testcase classname="tests.test_resolution_restore" name="test_create_refuses_destination_inside_a_copied_tree_before_copying" time="0.070" /><testcase classname="tests.test_resolution_restore" name="test_create_checks_source_links_before_copying_external_content" time="0.067" /><testcase classname="tests.test_backup_restore" name="test_backup_verify_restore_roundtrip" time="0.118" /><testcase classname="tests.test_backup_restore" name="test_backup_includes_research_and_runtime" time="0.070" /><testcase classname="tests.test_backup_restore" name="test_backup_includes_operational_odds_and_audit_files" time="0.131" /><testcase classname="tests.test_backup_restore" name="test_backup_includes_trial_v2_paper_capital_and_reports" time="0.094" /><testcase classname="tests.test_backup_restore" name="test_backup_rejeita_tamper_e_overwrite" time="0.093" /><testcase classname="tests.test_resolution_lineup_envelopes" name="test_envelope_is_consumed_without_flattening_away_empty_state" time="0.005" /><testcase classname="tests.test_resolution_lineup_envelopes" name="test_same_receipt_conflict_cannot_choose_a_lineup" time="0.001" /><testcase classname="tests.test_resolution_lineup_envelopes" name="test_later_snapshot_resolves_old_conflict_independent_of_input_order" time="0.001" /><testcase classname="tests.test_resolution_lineup_envelopes" name="test_unknown_lineup_is_not_an_empty_lineup[INVALID]" time="0.001" /><testcase classname="tests.test_resolution_lineup_envelopes" name="test_unknown_lineup_is_not_an_empty_lineup[UNAVAILABLE]" time="0.001" /><testcase classname="tests.test_resolution_lineup_envelopes" name="test_atomic_envelopes_preserve_empty_and_concurrent_writes" time="0.164" /><testcase classname="tests.test_resolution_lineup_envelopes" name="test_corrupt_envelope_fails_closed" time="0.025" /><testcase classname="tests.test_resolution_lineup_envelopes" name="test_invalid_envelope_is_rejected_before_writing[updates0]" time="0.007" /><testcase classname="tests.test_resolution_lineup_envelopes" name="test_invalid_envelope_is_rejected_before_writing[updates1]" time="0.005" /><testcase classname="tests.test_resolution_lineup_envelopes" name="test_invalid_envelope_is_rejected_before_writing[updates2]" time="0.005" /><testcase classname="tests.test_residual_features" name="test_lineup_state_uses_latest_vintage_available_asof" time="0.001" /><testcase classname="tests.test_residual_features" name="test_residual_features_capture_dispersion_time_and_lineup_change" time="0.001" /><testcase classname="tests.test_residual_features" name="test_residual_features_reject_post_kickoff_observation" time="0.001" /><testcase classname="tests.test_resolution_walkforward" name="test_replay_rejects_invalid_label_before_training[1.9]" time="0.001" /><testcase classname="tests.test_resolution_walkforward" name="test_replay_rejects_invalid_label_before_training[-0.1]" time="0.001" /><testcase classname="tests.test_resolution_walkforward" name="test_replay_rejects_invalid_label_before_training[True]" time="0.001" /><testcase classname="tests.test_resolution_walkforward" name="test_replay_rejects_invalid_label_before_training[1]" time="0.001" /><testcase classname="tests.test_resolution_walkforward" name="test_replay_rejects_invalid_label_before_training[nan]" time="0.002" /><testcase classname="tests.test_resolution_walkforward" name="test_replay_rejects_impossible_chronology[predicted_at]" time="0.002" /><testcase classname="tests.test_resolution_walkforward" name="test_replay_rejects_impossible_chronology[settled_at]" time="0.002" /><testcase classname="tests.test_resolution_walkforward" name="test_replay_preserves_missing_quote_and_unsettled_games" time="0.002" /><testcase classname="tests.test_resolution_walkforward" name="test_replay_reserves_capital_and_uses_requested_stake" time="0.002" /><testcase classname="tests.test_resolution_walkforward" name="test_replay_rejects_duplicate_events" time="0.001" /><testcase classname="tests.test_resolution_walkforward" name="test_replay_rejects_future_feature_availability" time="0.001" /><testcase classname="tests.test_resolution_walkforward" name="test_portfolio_rejects_nonfinite_output_from_finite_inputs" time="0.001" /><testcase classname="tests.test_residual_walkforward" name="test_walkforward_respects_maturity_and_never_enables_capital" time="0.044" /><testcase classname="tests.test_residual_walkforward" name="test_walkforward_reports_post_friction_policy" time="0.010" /><testcase classname="tests.test_resolution_residual_dataset" name="test_offer_book_is_excluded_from_its_own_probability_reference" time="0.001" /><testcase classname="tests.test_resolution_residual_dataset" name="test_unfinished_event_is_preserved_without_fabricated_label" time="0.001" /><testcase classname="tests.test_resolution_residual_dataset" name="test_late_receipt_cannot_become_historical_offer" time="0.001" /><testcase classname="tests.test_resolution_residual_dataset" name="test_suspension_cannot_resurrect_old_quote" time="0.001" /><testcase classname="tests.test_resolution_residual_dataset" name="test_reference_and_offer_must_satisfy_cross_book_clock_skew" time="0.001" /><testcase classname="tests.test_resolution_residual_dataset" name="test_scores_must_be_nonnegative_integer_counts[True]" time="0.001" /><testcase classname="tests.test_resolution_residual_dataset" name="test_scores_must_be_nonnegative_integer_counts[1.9]" time="0.001" /><testcase classname="tests.test_resolution_residual_dataset" name="test_scores_must_be_nonnegative_integer_counts[-1]" time="0.001" /><testcase classname="tests.test_resolution_residual_dataset" name="test_scores_must_be_nonnegative_integer_counts[2]" time="0.001" /><testcase classname="tests.test_residual_dataset" name="test_materializes_only_complete_books_available_at_horizon" time="0.001" /><testcase classname="tests.test_residual_dataset" name="test_keeps_unfinished_event_and_incomplete_market_as_abstention" time="0.001" /><testcase classname="tests.test_residual_dataset" name="test_rejects_synthetic_pair_from_different_market_states" time="0.001" /><testcase classname="tests.test_core_integrity" name="test_shared_packages_are_supported_versions" time="0.022" /><testcase classname="tests.test_core_integrity" name="test_vendor_does_not_return" time="0.001" /><testcase classname="tests.test_core_integrity" name="test_ci_does_not_depend_on_workspace_imports" time="0.001" /><testcase classname="tests.test_resolution_player_stats" name="test_postmatch_player_stats_are_not_backdated_to_kickoff" time="0.017" /><testcase classname="tests.test_resolution_player_stats" name="test_missing_xg_is_unknown_instead_of_zero" time="0.017" /><testcase classname="tests.test_resolution_player_stats" name="test_player_counts_are_not_coerced_or_truncated[True]" time="0.020" /><testcase classname="tests.test_resolution_player_stats" name="test_player_counts_are_not_coerced_or_truncated[1.9]" time="0.024" /><testcase classname="tests.test_resolution_player_stats" name="test_player_counts_are_not_coerced_or_truncated[-1]" time="0.019" /><testcase classname="tests.test_resolution_player_stats" name="test_player_counts_are_not_coerced_or_truncated[2]" time="0.016" /><testcase classname="tests.test_resolution_player_stats" name="test_corrupt_player_file_does_not_silently_shrink_the_aggregate" time="0.010" /><testcase classname="tests.test_player_comp_stats_sofascore" name="test_aggregate_and_persist_player_stats_with_provenance" time="0.026" /><testcase classname="tests.test_resolution_kernel_lifecycle" name="test_installed_health_entrypoint_needs_no_numeric_or_database_import" time="0.015" /><testcase classname="tests.test_resolution_kernel_lifecycle" name="test_pubsub_burst_has_bounded_handlers_and_cancels_them_on_shutdown" time="0.301" /><testcase classname="tests.test_resolution_kernel_lifecycle" name="test_healthcheck_connection_failure_closes_client_and_does_not_log_credentials" time="0.008" /><testcase classname="tests.test_resolution_kernel_params" name="test_invalid_kernel_parameters_never_reach_numba[0-inf]" time="0.001" /><testcase classname="tests.test_resolution_kernel_params" name="test_invalid_kernel_parameters_never_reach_numba[1-nan]" time="0.001" /><testcase classname="tests.test_resolution_kernel_params" name="test_invalid_kernel_parameters_never_reach_numba[2--0.1]" time="0.001" /><testcase classname="tests.test_resolution_kernel_params" name="test_invalid_kernel_parameters_never_reach_numba[4-True]" time="0.001" /><testcase classname="tests.test_resolution_kernel_params" name="test_invalid_kernel_parameters_never_reach_numba[5-0]" time="0.001" /><testcase classname="tests.test_resolution_kernel_params" name="test_invalid_kernel_parameters_never_reach_numba[5--1]" time="0.001" /><testcase classname="tests.test_resolution_kernel_params" name="test_invalid_kernel_parameters_never_reach_numba[5-1.5]" time="0.001" /><testcase classname="tests.test_resolution_kernel_params" name="test_invalid_kernel_parameters_never_reach_numba[5-101]" time="0.001" /><testcase classname="tests.test_resolution_kernel_params" name="test_supported_kernel_parameters_keep_two_warmup_calls" time="0.001" /><testcase classname="tests.test_kernel_runtime" name="test_grid_is_normalized_non_negative_and_dixon_coles_changes_low_scores" time="2.241" /><testcase classname="tests.test_kernel_runtime" name="test_numba_python_implementation_is_directly_verifiable" time="0.001" /><testcase classname="tests.test_kernel_runtime" name="test_fair_odds_cover_complete_probability_grid" time="0.001" /><testcase classname="tests.test_kernel_runtime" name="test_fair_odds_represents_zero_probability_as_none" time="0.001" /><testcase classname="tests.test_kernel_runtime" name="test_load_params_closes_sports_db_and_applies_config" time="0.001" /><testcase classname="tests.test_kernel_runtime" name="test_load_params_closes_sports_db_when_cache_is_empty" time="0.001" /><testcase classname="tests.test_kernel_runtime" name="test_load_params_rejects_stale_versioned_cache" time="0.008" /><testcase classname="tests.test_kernel_runtime" name="test_warmup_invokes_grid_twice" time="0.001" /><testcase classname="tests.test_kernel_runtime" name="test_main_rejects_missing_runtime_configuration" time="0.001" /><testcase classname="tests.test_kernel_runtime" name="test_main_healthcheck_reports_redis_state" time="0.007" /><testcase classname="tests.test_kernel_runtime" name="test_main_healthcheck_fails_when_kernel_is_not_ready" time="0.006" /><testcase classname="tests.test_kernel_runtime" name="test_main_starts_daemon_with_explicit_absolute_configuration" time="0.007" /><testcase classname="tests.test_kernel_runtime" name="test_daemon_sets_health_and_cleans_up_on_shutdown" time="0.006" /><testcase classname="tests.test_kernel_v2_runtime" name="test_uncertain_completion_releases_only_its_attempt[ConnectionError]" time="0.003" /><testcase classname="tests.test_kernel_v2_runtime" name="test_uncertain_completion_releases_only_its_attempt[CancelledError]" time="0.002" /><testcase classname="tests.test_kernel_v2_runtime" name="test_computation_failure_releases_claim_and_never_completes" time="0.003" /><testcase classname="tests.test_kernel_v2_runtime" name="test_poller_recovers_registered_payloads_without_pubsub" time="0.002" /><testcase classname="tests.test_kernel_v2_runtime" name="test_windows_signal_fallback_schedules_stop_and_restores_handlers" time="0.001" /><testcase classname="tests.test_kernel_v2_runtime" name="test_session_keeps_client_open_until_inflight_handler_cleans_up" time="0.005" /><testcase classname="tests.test_redis_contract" name="test_shared_schema_is_versioned_and_correlated" time="0.002" /><testcase classname="tests.test_redis_contract" name="test_golden_pricing_grid_is_preserved" time="0.002" /><testcase classname="tests.test_resolution_structural_edge" name="test_stale_offer_cannot_be_compared_with_fresh_reference" time="0.001" /><testcase classname="tests.test_resolution_structural_edge" name="test_invalid_policy_is_not_silently_interpreted[changes0]" time="0.001" /><testcase classname="tests.test_resolution_structural_edge" name="test_invalid_policy_is_not_silently_interpreted[changes1]" time="0.001" /><testcase classname="tests.test_resolution_structural_edge" name="test_invalid_policy_is_not_silently_interpreted[changes2]" time="0.001" /><testcase classname="tests.test_resolution_structural_edge" name="test_invalid_policy_is_not_silently_interpreted[changes3]" time="0.001" /><testcase classname="tests.test_resolution_structural_edge" name="test_snapshot_does_not_change_when_callers_mutate_original_odds" time="0.001" /><testcase classname="tests.test_resolution_structural_edge" name="test_power_devig_brackets_valid_high_margin_prices" time="0.001" /><testcase classname="tests.test_resolution_structural_edge" name="test_nonfinite_market_line_is_rejected" time="0.001" /><testcase classname="tests.test_structural_edge" name="test_power_devig_is_normalized" time="0.001" /><testcase classname="tests.test_structural_edge" name="test_detector_emits_only_locked_shadow_candidates[shin]" time="0.001" /><testcase classname="tests.test_structural_edge" name="test_detector_emits_only_locked_shadow_candidates[power]" time="0.001" /><testcase classname="tests.test_structural_edge" name="test_no_alert_below_frozen_ev_threshold" time="0.001" /><testcase classname="tests.test_structural_edge" name="test_stale_reference_fails_closed" time="0.001" /><testcase classname="tests.test_structural_edge" name="test_identity_mismatch_fails_closed[event_id-other]" time="0.001" /><testcase classname="tests.test_structural_edge" name="test_identity_mismatch_fails_closed[line-2.5]" time="0.001" /><testcase classname="tests.test_structural_edge" name="test_identity_mismatch_fails_closed[mapping_version-teams-v3]" time="0.001" /><testcase classname="tests.test_structural_edge" name="test_naive_timestamp_and_post_kickoff_are_rejected" time="0.001" /><testcase classname="tests.test_structural_edge" name="test_invalid_odds_and_selection_mismatch_are_rejected" time="0.001" /><testcase classname="tests.test_resolution_promotions" name="test_invalid_season_roster_is_not_accepted_as_complete[extra_position-entries-load_promotions]" time="0.022" /><testcase classname="tests.test_resolution_promotions" name="test_invalid_season_roster_is_not_accepted_as_complete[extra_position-relegations-load_relegations]" time="0.025" /><testcase classname="tests.test_resolution_promotions" name="test_invalid_season_roster_is_not_accepted_as_complete[fractional_position-entries-load_promotions]" time="0.022" /><testcase classname="tests.test_resolution_promotions" name="test_invalid_season_roster_is_not_accepted_as_complete[fractional_position-relegations-load_relegations]" time="0.024" /><testcase classname="tests.test_resolution_promotions" name="test_invalid_season_roster_is_not_accepted_as_complete[duplicate_team-entries-load_promotions]" time="0.023" /><testcase classname="tests.test_resolution_promotions" name="test_invalid_season_roster_is_not_accepted_as_complete[duplicate_team-relegations-load_relegations]" time="0.026" /><testcase classname="tests.test_resolution_promotions" name="test_invalid_season_roster_is_not_accepted_as_complete[invalid_identity-entries-load_promotions]" time="0.025" /><testcase classname="tests.test_resolution_promotions" name="test_invalid_season_roster_is_not_accepted_as_complete[invalid_identity-relegations-load_relegations]" time="0.026" /><testcase classname="tests.test_resolution_promotions" name="test_valid_four_club_rosters_preserve_their_identity_and_order" time="0.021" /><testcase classname="tests.test_promotions_dataset" name="test_promotion_dataset_rejects_empty_file" time="0.019" /><testcase classname="tests.test_resolution_coverage" name="test_empty_input_cannot_approve" time="0.042" /><testcase classname="tests.test_resolution_coverage" name="test_one_missing_required_file_cannot_approve" time="0.023" /><testcase classname="tests.test_resolution_coverage" name="test_zero_denominator_is_unknown" time="0.001" /><testcase classname="tests.test_resolution_coverage" name="test_current_kernel_surface_is_gated[kernel_cli.py]" time="0.002" /><testcase classname="tests.test_resolution_coverage" name="test_current_kernel_surface_is_gated[kernel_redis_v2.py]" time="0.002" /><testcase classname="tests.test_resolution_coverage" name="test_report_never_invents_dotnet_rates" time="0.041" /><testcase classname="tests.test_resolution_coverage" name="test_line_only_coverage_cannot_approve" time="0.028" /><testcase classname="tests.test_resolution_coverage" name="test_invalid_counts_cannot_approve[True]" time="0.001" /><testcase classname="tests.test_resolution_coverage" name="test_invalid_counts_cannot_approve[-1]" time="0.001" /><testcase classname="tests.test_resolution_coverage" name="test_invalid_counts_cannot_approve[11]" time="0.001" /><testcase classname="tests.test_resolution_coverage" name="test_invalid_counts_cannot_approve[1.5]" time="0.001" /><testcase classname="tests.test_resolution_coverage" name="test_real_regression_keeps_ratchet" time="0.037" /><testcase classname="tests.test_resolution_odds_shop" name="test_unknown_invalid_or_future_clock_is_not_fresh[None]" time="0.002" /><testcase classname="tests.test_resolution_odds_shop" name="test_unknown_invalid_or_future_clock_is_not_fresh[invalid]" time="0.001" /><testcase classname="tests.test_resolution_odds_shop" name="test_unknown_invalid_or_future_clock_is_not_fresh[2026-01-01T00:00:00]" time="0.001" /><testcase classname="tests.test_resolution_odds_shop" name="test_unknown_invalid_or_future_clock_is_not_fresh[2099-01-01T00:00:00+00:00]" time="0.001" /><testcase classname="tests.test_resolution_odds_shop" name="test_bad_prices_cannot_become_consensus[nan]" time="0.001" /><testcase classname="tests.test_resolution_odds_shop" name="test_bad_prices_cannot_become_consensus[inf]" time="0.001" /><testcase classname="tests.test_resolution_odds_shop" name="test_bad_prices_cannot_become_consensus[True]" time="0.001" /><testcase classname="tests.test_resolution_odds_shop" name="test_bad_prices_cannot_become_consensus[0.9]" time="0.001" /><testcase classname="tests.test_resolution_odds_shop" name="test_duplicate_books_do_not_manufacture_consensus_strength" time="0.001" /><testcase classname="tests.test_resolution_odds_shop" name="test_incomplete_market_is_excluded" time="0.002" /><testcase classname="tests.test_resolution_odds_shop" name="test_diagnostic_output_does_not_call_unproven_window_validated" time="0.001" /><testcase classname="tests.test_resolution_odds_shop" name="test_missing_kickoff_cannot_be_treated_as_future[None]" time="0.001" /><testcase classname="tests.test_resolution_odds_shop" name="test_missing_kickoff_cannot_be_treated_as_future[bad]" time="0.001" /><testcase classname="tests.test_resolution_odds_shop" name="test_missing_kickoff_cannot_be_treated_as_future[2026-01-01T00:00:00]" time="0.001" /><testcase classname="tests.test_odds_shop_stale" name="test_filtro_descarta_feed_morto" time="0.001" /><testcase classname="tests.test_odds_shop_stale" name="test_none_desliga_o_filtro" time="0.001" /><testcase classname="tests.test_odds_shop_stale" name="test_last_update_ilegivel_nao_trava" time="0.001" /><testcase classname="tests.test_resolution_historical_import" name="test_existing_output_is_rejected_without_touching_bytes" time="0.021" /><testcase classname="tests.test_resolution_historical_import" name="test_bad_price_or_count_is_quarantined[AvgOver2.5-inf]" time="0.062" /><testcase classname="tests.test_resolution_historical_import" name="test_bad_price_or_count_is_quarantined[AvgUnder2.5-1]" time="0.075" /><testcase classname="tests.test_resolution_historical_import" name="test_bad_price_or_count_is_quarantined[HighOver2.5-nan]" time="0.063" /><testcase classname="tests.test_resolution_historical_import" name="test_bad_price_or_count_is_quarantined[NumBookmakers2.5-3.5]" time="0.073" /><testcase classname="tests.test_resolution_historical_import" name="test_bad_price_or_count_is_quarantined[NumBookmakers2.5--2]" time="0.086" /><testcase classname="tests.test_resolution_historical_import" name="test_failed_import_does_not_publish_partial_database" time="0.054" /><testcase classname="tests.test_resolution_historical_import" name="test_valid_import_preserves_raw_and_keeps_economics_disabled" time="0.063" /><testcase classname="tests.test_resolution_live_settlement" name="test_rejects_wrong_event" time="0.001" /><testcase classname="tests.test_resolution_live_settlement" name="test_rejects_invalid_score[True]" time="0.001" /><testcase classname="tests.test_resolution_live_settlement" name="test_rejects_invalid_score[-1]" time="0.002" /><testcase classname="tests.test_resolution_live_settlement" name="test_rejects_invalid_probability_vector[nan]" time="0.002" /><testcase classname="tests.test_resolution_live_settlement" name="test_rejects_invalid_probability_vector[-0.1]" time="0.001" /><testcase classname="tests.test_resolution_live_settlement" name="test_rejects_invalid_probability_vector[1.1]" time="0.001" /><testcase classname="tests.test_resolution_live_settlement" name="test_rejects_invalid_probability_vector[True]" time="0.001" /><testcase classname="tests.test_resolution_live_settlement" name="test_rejects_invalid_probability_vector[0.2]" time="0.001" /><testcase classname="tests.test_resolution_live_settlement" name="test_retry_retains_first_receipt_and_changed_result_conflicts" time="0.032" /><testcase classname="tests.test_resolution_live_settlement" name="test_writer_lock_is_respected" time="0.013" /><testcase classname="tests.test_resolution_live_settlement" name="test_cli_retry_reports_persisted_receipt_in_stdout_and_run_log" time="0.038" /><testcase classname="tests.test_settle_live_prediction" name="test_settlement_is_separate_linked_append_only_and_diagnostic" time="0.028" /><testcase classname="tests.test_settle_live_prediction" name="test_settlement_refuses_unfinished_event_and_naive_clock" time="0.001" /><testcase classname="tests.test_settle_live_prediction" name="test_load_prediction_requires_exactly_one_original" time="0.011" /><testcase classname="tests.test_publication_isolation" name="test_protected_reads_are_refused_before_open[config.yaml]" time="0.001" /><testcase classname="tests.test_publication_isolation" name="test_protected_reads_are_refused_before_open[.env]" time="0.001" /><testcase classname="tests.test_publication_isolation" name="test_protected_reads_are_refused_before_open[data/trials.json]" time="0.001" /><testcase classname="tests.test_publication_isolation" name="test_protected_reads_are_refused_before_open[reports/never-open.json]" time="0.001" /><testcase classname="tests.test_publication_isolation" name="test_network_is_refused" time="0.001" /><testcase classname="tests.test_publication_isolation" name="test_subprocess_is_refused" time="0.001" /><testcase classname="tests.test_publication_isolation" name="test_checkout_mutation_is_refused" time="0.001" /><testcase classname="tests.test_publication_isolation" name="test_compose_uses_only_synthetic_configuration" time="0.007" /><testcase classname="tests.test_publication_isolation" name="test_compose_refuses_unreviewed_host_mount" time="0.006" /></testsuite></testsuites>