<?xml version="1.0" encoding="utf-8"?><testsuites name="pytest tests"><testsuite name="pytest" errors="0" failures="0" skipped="0" tests="8" time="0.610" timestamp="2026-09-10T19:53:41.248550-03:00" hostname="Leo"><testcase classname="tests.test_resolution_historical_import" name="test_existing_output_is_rejected_without_touching_bytes" time="0.028" /><testcase classname="tests.test_resolution_historical_import" name="test_bad_price_or_count_is_quarantined[AvgOver2.5-inf]" time="0.062" /><testcase classname="tests.test_resolution_historical_import" name="test_bad_price_or_count_is_quarantined[AvgUnder2.5-1]" time="0.050" /><testcase classname="tests.test_resolution_historical_import" name="test_bad_price_or_count_is_quarantined[HighOver2.5-nan]" time="0.046" /><testcase classname="tests.test_resolution_historical_import" name="test_bad_price_or_count_is_quarantined[NumBookmakers2.5-3.5]" time="0.044" /><testcase classname="tests.test_resolution_historical_import" name="test_bad_price_or_count_is_quarantined[NumBookmakers2.5--2]" time="0.058" /><testcase classname="tests.test_resolution_historical_import" name="test_failed_import_does_not_publish_partial_database" time="0.033" /><testcase classname="tests.test_resolution_historical_import" name="test_valid_import_preserves_raw_and_keeps_economics_disabled" time="0.055" /></testsuite></testsuites>