<?xml version="1.0" encoding="utf-8"?><testsuites name="pytest tests"><testsuite name="pytest" errors="0" failures="21" skipped="0" tests="23" time="40.266" timestamp="2026-09-10T14:42:22.249559-03:00" hostname="Leo"><testcase classname="tests.test_ledger_consistency" name="test_concurrent_writers_cannot_duplicate_identity[settle]" time="35.181"><failure message="Failed: DID NOT RAISE OSError">..\..\..\brasileirao-predictor\tests\test_ledger_consistency.py:43: in test_concurrent_writers_cannot_duplicate_identity
    with pytest.raises(OSError):
         ^^^^^^^^^^^^^^^^^^^^^^
E   Failed: DID NOT RAISE OSError</failure></testcase><testcase classname="tests.test_ledger_consistency" name="test_concurrent_writers_cannot_duplicate_identity[add]" time="0.047"><failure message="Failed: DID NOT RAISE OSError">..\..\..\brasileirao-predictor\tests\test_ledger_consistency.py:43: in test_concurrent_writers_cannot_duplicate_identity
    with pytest.raises(OSError):
         ^^^^^^^^^^^^^^^^^^^^^^
E   Failed: DID NOT RAISE OSError</failure></testcase><testcase classname="tests.test_ledger_consistency" name="test_append_preserves_unterminated_valid_record" time="0.064"><failure message="json.decoder.JSONDecodeError: Extra data: line 1 column 407 (char 406)">..\..\..\brasileirao-predictor\tests\test_ledger_consistency.py:60: in test_append_preserves_unterminated_valid_record
    assert len(bet_log.list_bets(path)) == 2
               ^^^^^^^^^^^^^^^^^^^^^^^
..\..\..\brasileirao-predictor\brasileirao_predictor\bet_log.py:548: in list_bets
    rows = _read(path)
           ^^^^^^^^^^^
..\..\..\brasileirao-predictor\brasileirao_predictor\bet_log.py:115: in _read
    json.loads(line, object_pairs_hook=unique_object, parse_float=finite_float, parse_constant=invalid_constant)
..\..\price-feasibility-2026-09-09\managed-python\cpython-3.13-windows-x86_64-none\Lib\json\__init__.py:365: in loads
    return cls(**kw).decode(s)
           ^^^^^^^^^^^^^^^^^^^
..\..\price-feasibility-2026-09-09\managed-python\cpython-3.13-windows-x86_64-none\Lib\json\decoder.py:348: in decode
    raise JSONDecodeError("Extra data", s, end)
E   json.decoder.JSONDecodeError: Extra data: line 1 column 407 (char 406)</failure></testcase><testcase classname="tests.test_ledger_consistency" name="test_bank_uses_one_snapshot_for_profit_and_exposure" time="0.280"><failure message="assert (100.0 == 100 and 0 == 1)">..\..\..\brasileirao-predictor\tests\test_ledger_consistency.py:79: in test_bank_uses_one_snapshot_for_profit_and_exposure
    assert state["balance"] == 100 and state["open_units"] == 1
E   assert (100.0 == 100 and 0 == 1)</failure></testcase><testcase classname="tests.test_ledger_consistency" name="test_imported_invalid_bank_record_is_rejected[change0]" time="0.018"><failure message="Failed: DID NOT RAISE ValueError">..\..\..\brasileirao-predictor\tests\test_ledger_consistency.py:94: in test_imported_invalid_bank_record_is_rejected
    with pytest.raises(ValueError):
         ^^^^^^^^^^^^^^^^^^^^^^^^^
E   Failed: DID NOT RAISE ValueError</failure></testcase><testcase classname="tests.test_ledger_consistency" name="test_imported_invalid_bank_record_is_rejected[change1]" time="0.018"><failure message="Failed: DID NOT RAISE ValueError">..\..\..\brasileirao-predictor\tests\test_ledger_consistency.py:94: in test_imported_invalid_bank_record_is_rejected
    with pytest.raises(ValueError):
         ^^^^^^^^^^^^^^^^^^^^^^^^^
E   Failed: DID NOT RAISE ValueError</failure></testcase><testcase classname="tests.test_ledger_consistency" name="test_imported_invalid_bank_record_is_rejected[change2]" time="0.022"><failure message="Failed: DID NOT RAISE ValueError">..\..\..\brasileirao-predictor\tests\test_ledger_consistency.py:94: in test_imported_invalid_bank_record_is_rejected
    with pytest.raises(ValueError):
         ^^^^^^^^^^^^^^^^^^^^^^^^^
E   Failed: DID NOT RAISE ValueError</failure></testcase><testcase classname="tests.test_ledger_consistency" name="test_imported_invalid_bank_record_is_rejected[change3]" time="0.022"><failure message="Failed: DID NOT RAISE ValueError">..\..\..\brasileirao-predictor\tests\test_ledger_consistency.py:94: in test_imported_invalid_bank_record_is_rejected
    with pytest.raises(ValueError):
         ^^^^^^^^^^^^^^^^^^^^^^^^^
E   Failed: DID NOT RAISE ValueError</failure></testcase><testcase classname="tests.test_ledger_consistency" name="test_imported_invalid_bank_record_is_rejected[change4]" time="0.014"><failure message="Failed: DID NOT RAISE ValueError">..\..\..\brasileirao-predictor\tests\test_ledger_consistency.py:94: in test_imported_invalid_bank_record_is_rejected
    with pytest.raises(ValueError):
         ^^^^^^^^^^^^^^^^^^^^^^^^^
E   Failed: DID NOT RAISE ValueError</failure></testcase><testcase classname="tests.test_ledger_consistency" name="test_imported_invalid_bank_record_is_rejected[change5]" time="0.016"><failure message="Failed: DID NOT RAISE ValueError">..\..\..\brasileirao-predictor\tests\test_ledger_consistency.py:94: in test_imported_invalid_bank_record_is_rejected
    with pytest.raises(ValueError):
         ^^^^^^^^^^^^^^^^^^^^^^^^^
E   Failed: DID NOT RAISE ValueError</failure></testcase><testcase classname="tests.test_ledger_consistency" name="test_imported_invalid_bank_record_is_rejected[change6]" time="0.018"><failure message="Failed: DID NOT RAISE ValueError">..\..\..\brasileirao-predictor\tests\test_ledger_consistency.py:94: in test_imported_invalid_bank_record_is_rejected
    with pytest.raises(ValueError):
         ^^^^^^^^^^^^^^^^^^^^^^^^^
E   Failed: DID NOT RAISE ValueError</failure></testcase><testcase classname="tests.test_ledger_consistency" name="test_bank_duplicate_json_key_is_rejected" time="0.019"><failure message="Failed: DID NOT RAISE ValueError">..\..\..\brasileirao-predictor\tests\test_ledger_consistency.py:101: in test_bank_duplicate_json_key_is_rejected
    with pytest.raises(ValueError):
         ^^^^^^^^^^^^^^^^^^^^^^^^^
E   Failed: DID NOT RAISE ValueError</failure></testcase><testcase classname="tests.test_ledger_consistency" name="test_invalid_imported_contract_cannot_be_settled[change0]" time="0.023"><failure message="Failed: DID NOT RAISE ValueError">..\..\..\brasileirao-predictor\tests\test_ledger_consistency.py:111: in test_invalid_imported_contract_cannot_be_settled
    with pytest.raises(ValueError):
         ^^^^^^^^^^^^^^^^^^^^^^^^^
E   Failed: DID NOT RAISE ValueError</failure></testcase><testcase classname="tests.test_ledger_consistency" name="test_invalid_imported_contract_cannot_be_settled[change1]" time="0.026"><failure message="Failed: DID NOT RAISE ValueError">..\..\..\brasileirao-predictor\tests\test_ledger_consistency.py:111: in test_invalid_imported_contract_cannot_be_settled
    with pytest.raises(ValueError):
         ^^^^^^^^^^^^^^^^^^^^^^^^^
E   Failed: DID NOT RAISE ValueError</failure></testcase><testcase classname="tests.test_ledger_consistency" name="test_invalid_imported_contract_cannot_be_settled[change2]" time="0.028"><failure message="Failed: DID NOT RAISE ValueError">..\..\..\brasileirao-predictor\tests\test_ledger_consistency.py:111: in test_invalid_imported_contract_cannot_be_settled
    with pytest.raises(ValueError):
         ^^^^^^^^^^^^^^^^^^^^^^^^^
E   Failed: DID NOT RAISE ValueError</failure></testcase><testcase classname="tests.test_ledger_consistency" name="test_reversed_team_input_keeps_score_in_recorded_home_order" time="0.024"><failure message="AssertionError: assert ('3-1' == '1-3'&#10;  &#10;  - 1-3&#10;  + 3-1)">..\..\..\brasileirao-predictor\tests\test_ledger_consistency.py:121: in test_reversed_team_input_keeps_score_in_recorded_home_order
    assert record["score"] == "1-3" and record["ht"] == "0-2"
E   AssertionError: assert ('3-1' == '1-3'
E     
E     - 1-3
E     + 3-1)</failure></testcase><testcase classname="tests.test_ledger_consistency" name="test_invalid_configured_stake_cap_is_rejected[NaN]" time="0.011"><failure message="Failed: DID NOT RAISE ValueError">..\..\..\brasileirao-predictor\tests\test_ledger_consistency.py:127: in test_invalid_configured_stake_cap_is_rejected
    with pytest.raises(ValueError):
         ^^^^^^^^^^^^^^^^^^^^^^^^^
E   Failed: DID NOT RAISE ValueError</failure></testcase><testcase classname="tests.test_ledger_consistency" name="test_invalid_configured_stake_cap_is_rejected[Infinity]" time="0.006"><failure message="Failed: DID NOT RAISE ValueError">..\..\..\brasileirao-predictor\tests\test_ledger_consistency.py:127: in test_invalid_configured_stake_cap_is_rejected
    with pytest.raises(ValueError):
         ^^^^^^^^^^^^^^^^^^^^^^^^^
E   Failed: DID NOT RAISE ValueError</failure></testcase><testcase classname="tests.test_ledger_consistency" name="test_invalid_configured_stake_cap_is_rejected[-1]" time="0.006" /><testcase classname="tests.test_ledger_consistency" name="test_invalid_configured_stake_cap_is_rejected[]" time="0.006"><failure message="Failed: DID NOT RAISE ValueError">..\..\..\brasileirao-predictor\tests\test_ledger_consistency.py:127: in test_invalid_configured_stake_cap_is_rejected
    with pytest.raises(ValueError):
         ^^^^^^^^^^^^^^^^^^^^^^^^^
E   Failed: DID NOT RAISE ValueError</failure></testcase><testcase classname="tests.test_ledger_consistency" name="test_stable_id_does_not_require_legacy_line_number" time="0.053"><failure message="KeyError: 'bet_line_no'">..\..\..\brasileirao-predictor\tests\test_ledger_consistency.py:138: in test_stable_id_does_not_require_legacy_line_number
    assert bet_log.settle_bet("A", "B", 3, 0, path=path) == []
           ^^^^^^^^^^^^^^^^^^^^^^^^^^^^^^^^^^^^^^^^^^^^^
..\..\..\brasileirao-predictor\brasileirao_predictor\bet_log.py:356: in settle_bet
    settled_ids.add(r["bet_line_no"])
                    ^^^^^^^^^^^^^^^^
E   KeyError: 'bet_line_no'</failure></testcase><testcase classname="tests.test_ledger_consistency" name="test_cli_does_not_promote_legacy_market_flag" time="0.048"><failure message="AssertionError: assert 'CLV comprovado' not in '\nMERCADO V...fechamento\n'&#10;  &#10;  'CLV comprovado' is contained here:&#10;    &#10;    MERCADO VALIDADO (CLV comprovado):&#10;  ?                   ++++++++++++++&#10;      ou25: 1 apostas | staked 1.0u | lucro +1.00u | ROI +100.0% | sem odd de fechamento">..\..\..\brasileirao-predictor\tests\test_ledger_consistency.py:149: in test_cli_does_not_promote_legacy_market_flag
    assert "CLV comprovado" not in output
E   AssertionError: assert 'CLV comprovado' not in '\nMERCADO V...fechamento\n'
E     
E     'CLV comprovado' is contained here:
E       
E       MERCADO VALIDADO (CLV comprovado):
E     ?                   ++++++++++++++
E         ou25: 1 apostas | staked 1.0u | lucro +1.00u | ROI +100.0% | sem odd de fechamento</failure></testcase><testcase classname="tests.test_ledger_consistency" name="test_failed_append_releases_writer_lock" time="0.026" /></testsuite></testsuites>