<?xml version="1.0" encoding="utf-8"?><testsuites name="pytest tests"><testsuite name="pytest" errors="0" failures="0" skipped="0" tests="39" time="19.715" timestamp="2026-09-10T13:43:18.063529-03:00" hostname="Leo"><testcase classname="tests.test_closeout_coverage" name="test_coverage_uses_event_intersections_and_handles_empty_universe[True]" time="0.078" /><testcase classname="tests.test_closeout_coverage" name="test_coverage_uses_event_intersections_and_handles_empty_universe[False]" time="0.058" /><testcase classname="tests.test_closeout_status" name="test_status_opens_read_only_and_closes_connection" time="4.019" /><testcase classname="tests.test_closeout_research_inputs" name="test_shadow_policy_rejects_nonfinite_or_negative_stake[changes0]" time="0.003" /><testcase classname="tests.test_closeout_research_inputs" name="test_shadow_policy_rejects_nonfinite_or_negative_stake[changes1]" time="0.004" /><testcase classname="tests.test_closeout_research_inputs" name="test_shadow_policy_rejects_nonfinite_or_negative_stake[changes2]" time="0.003" /><testcase classname="tests.test_closeout_research_inputs" name="test_shadow_policy_rejects_nonfinite_or_negative_stake[changes3]" time="0.003" /><testcase classname="tests.test_closeout_research_inputs" name="test_shadow_policy_rejects_nonfinite_or_negative_stake[changes4]" time="0.003" /><testcase classname="tests.test_closeout_research_inputs" name="test_shadow_policy_rejects_nonfinite_or_negative_stake[changes5]" time="0.003" /><testcase classname="tests.test_closeout_research_inputs" name="test_shadow_probability_requires_ordered_finite_bounds[prediction0]" time="0.002" /><testcase classname="tests.test_closeout_research_inputs" name="test_shadow_probability_requires_ordered_finite_bounds[prediction1]" time="0.003" /><testcase classname="tests.test_closeout_research_inputs" name="test_shadow_probability_requires_ordered_finite_bounds[prediction2]" time="0.003" /><testcase classname="tests.test_closeout_research_inputs" name="test_coordinates_require_physical_bounds[payload0]" time="0.005" /><testcase classname="tests.test_closeout_research_inputs" name="test_coordinates_require_physical_bounds[payload1]" time="0.003" /><testcase classname="tests.test_closeout_research_inputs" name="test_surface_false_string_is_not_true" time="0.002" /><testcase classname="tests.test_closeout_research_inputs" name="test_coach_counts_and_publication_must_match_vintage[changes0]" time="0.003" /><testcase classname="tests.test_closeout_research_inputs" name="test_coach_counts_and_publication_must_match_vintage[changes1]" time="0.002" /><testcase classname="tests.test_closeout_research_inputs" name="test_coach_counts_and_publication_must_match_vintage[changes2]" time="0.003" /><testcase classname="tests.test_closeout_research_inputs" name="test_pre_match_evidence_cannot_be_received_after_kickoff" time="0.004" /><testcase classname="tests.test_market_residual" name="test_residual_model_learns_signal_around_market_offset" time="0.050" /><testcase classname="tests.test_market_residual" name="test_residual_model_rejects_small_sample" time="0.003" /><testcase classname="tests.test_market_residual" name="test_shadow_decision_uses_lower_confidence_bound_and_never_enables_capital" time="0.003" /><testcase classname="tests.test_market_residual" name="test_shadow_decision_subtracts_friction_and_can_choose_under" time="0.003" /><testcase classname="tests.test_market_residual" name="test_friction_can_turn_apparent_edge_into_no_bet" time="0.002" /><testcase classname="tests.test_market_residual" name="test_fractional_kelly_uses_post_friction_win_and_loss_payoffs" time="0.002" /><testcase classname="tests.test_market_residual" name="test_residual_artifact_roundtrip_is_shadow_only" time="0.025" /><testcase classname="tests.test_market_residual" name="test_multinomial_residual_learns_sports_signal_around_market" time="0.117" /><testcase classname="tests.test_market_residual" name="test_multinomial_residual_rejects_market_probabilities_not_normalized" time="0.003" /><testcase classname="tests.test_market_residual" name="test_multinomial_residual_rejects_invalid_prediction_market" time="0.036" /><testcase classname="tests.test_pit_contextual_features" name="test_rest_is_strictly_pre_match" time="0.002" /><testcase classname="tests.test_pit_contextual_features" name="test_travel_surface_and_coach_materialize_deterministically" time="0.002" /><testcase classname="tests.test_pit_contextual_features" name="test_future_previous_match_fails_closed" time="0.004" /><testcase classname="tests.test_pit_features_scaffold" name="test_todas_as_familias_declaram_mecanismo_proveniencia_e_bloqueio" time="0.002" /><testcase classname="tests.test_pit_features_scaffold" name="test_informacao_no_ou_apos_kickoff_falha_fechado[offset0]" time="0.030" /><testcase classname="tests.test_pit_features_scaffold" name="test_informacao_no_ou_apos_kickoff_falha_fechado[offset1]" time="0.002" /><testcase classname="tests.test_pit_features_scaffold" name="test_rejeita_relogio_ingenuo_e_ingestao_anterior_a_publicacao" time="0.002" /><testcase classname="tests.test_pit_features_scaffold" name="test_envelope_precisa_corresponder_a_declaracao_e_campos_ex_ante" time="0.002" /><testcase classname="tests.test_pit_features_scaffold" name="test_xg_isolado_proibe_linhagem_h12_e_blends" time="0.001" /><testcase classname="tests.test_pit_features_scaffold" name="test_treino_bloqueado_sem_go_e_referencia" time="0.004" /></testsuite></testsuites>