<?xml version="1.0" encoding="utf-8"?><testsuites name="pytest tests"><testsuite name="pytest" errors="0" failures="0" skipped="0" tests="35" time="11.444" timestamp="2026-09-10T18:03:47.770267-03:00" hostname="Leo"><testcase classname="tests.test_resolution_lineup_envelopes" name="test_envelope_is_consumed_without_flattening_away_empty_state" time="0.015" /><testcase classname="tests.test_resolution_lineup_envelopes" name="test_same_receipt_conflict_cannot_choose_a_lineup" time="0.002" /><testcase classname="tests.test_resolution_lineup_envelopes" name="test_later_snapshot_resolves_old_conflict_independent_of_input_order" time="0.004" /><testcase classname="tests.test_resolution_lineup_envelopes" name="test_unknown_lineup_is_not_an_empty_lineup[INVALID]" time="0.005" /><testcase classname="tests.test_resolution_lineup_envelopes" name="test_unknown_lineup_is_not_an_empty_lineup[UNAVAILABLE]" time="0.003" /><testcase classname="tests.test_resolution_lineup_envelopes" name="test_atomic_envelopes_preserve_empty_and_concurrent_writes" time="0.243" /><testcase classname="tests.test_resolution_lineup_envelopes" name="test_corrupt_envelope_fails_closed" time="0.026" /><testcase classname="tests.test_resolution_lineup_envelopes" name="test_invalid_envelope_is_rejected_before_writing[updates0]" time="0.011" /><testcase classname="tests.test_resolution_lineup_envelopes" name="test_invalid_envelope_is_rejected_before_writing[updates1]" time="0.011" /><testcase classname="tests.test_resolution_lineup_envelopes" name="test_invalid_envelope_is_rejected_before_writing[updates2]" time="0.011" /><testcase classname="tests.test_resolution_residual_dataset" name="test_offer_book_is_excluded_from_its_own_probability_reference" time="0.007" /><testcase classname="tests.test_resolution_residual_dataset" name="test_unfinished_event_is_preserved_without_fabricated_label" time="0.004" /><testcase classname="tests.test_resolution_residual_dataset" name="test_late_receipt_cannot_become_historical_offer" time="0.005" /><testcase classname="tests.test_resolution_residual_dataset" name="test_suspension_cannot_resurrect_old_quote" time="0.003" /><testcase classname="tests.test_resolution_residual_dataset" name="test_reference_and_offer_must_satisfy_cross_book_clock_skew" time="0.002" /><testcase classname="tests.test_resolution_residual_dataset" name="test_scores_must_be_nonnegative_integer_counts[True]" time="0.004" /><testcase classname="tests.test_resolution_residual_dataset" name="test_scores_must_be_nonnegative_integer_counts[1.9]" time="0.015" /><testcase classname="tests.test_resolution_residual_dataset" name="test_scores_must_be_nonnegative_integer_counts[-1]" time="0.003" /><testcase classname="tests.test_resolution_residual_dataset" name="test_scores_must_be_nonnegative_integer_counts[2]" time="0.005" /><testcase classname="tests.test_residual_dataset" name="test_materializes_only_complete_books_available_at_horizon" time="0.008" /><testcase classname="tests.test_residual_dataset" name="test_keeps_unfinished_event_and_incomplete_market_as_abstention" time="0.005" /><testcase classname="tests.test_residual_dataset" name="test_rejects_synthetic_pair_from_different_market_states" time="0.003" /><testcase classname="tests.test_resolution_walkforward" name="test_replay_rejects_invalid_label_before_training[1.9]" time="0.004" /><testcase classname="tests.test_resolution_walkforward" name="test_replay_rejects_invalid_label_before_training[-0.1]" time="0.005" /><testcase classname="tests.test_resolution_walkforward" name="test_replay_rejects_invalid_label_before_training[True]" time="0.006" /><testcase classname="tests.test_resolution_walkforward" name="test_replay_rejects_invalid_label_before_training[1]" time="0.005" /><testcase classname="tests.test_resolution_walkforward" name="test_replay_rejects_invalid_label_before_training[nan]" time="0.004" /><testcase classname="tests.test_resolution_walkforward" name="test_replay_rejects_impossible_chronology[predicted_at]" time="0.021" /><testcase classname="tests.test_resolution_walkforward" name="test_replay_rejects_impossible_chronology[settled_at]" time="0.003" /><testcase classname="tests.test_resolution_walkforward" name="test_replay_preserves_missing_quote_and_unsettled_games" time="0.009" /><testcase classname="tests.test_resolution_walkforward" name="test_replay_reserves_capital_and_uses_requested_stake" time="0.006" /><testcase classname="tests.test_resolution_walkforward" name="test_replay_rejects_duplicate_events" time="0.007" /><testcase classname="tests.test_resolution_walkforward" name="test_replay_rejects_future_feature_availability" time="0.004" /><testcase classname="tests.test_residual_walkforward" name="test_walkforward_respects_maturity_and_never_enables_capital" time="0.178" /><testcase classname="tests.test_residual_walkforward" name="test_walkforward_reports_post_friction_policy" time="0.096" /></testsuite></testsuites>