<?xml version="1.0" encoding="utf-8"?><testsuites name="pytest tests"><testsuite name="pytest" errors="0" failures="0" skipped="0" tests="95" time="47.405" timestamp="2026-09-10T14:48:03.491100-03:00" hostname="Leo"><testcase classname="tests.test_ledger_consistency" name="test_concurrent_writers_cannot_duplicate_identity[settle]" time="28.628" /><testcase classname="tests.test_ledger_consistency" name="test_concurrent_writers_cannot_duplicate_identity[add]" time="0.051" /><testcase classname="tests.test_ledger_consistency" name="test_append_preserves_unterminated_valid_record" time="0.079" /><testcase classname="tests.test_ledger_consistency" name="test_bank_uses_one_snapshot_for_profit_and_exposure" time="0.082" /><testcase classname="tests.test_ledger_consistency" name="test_imported_invalid_bank_record_is_rejected[change0]" time="0.020" /><testcase classname="tests.test_ledger_consistency" name="test_imported_invalid_bank_record_is_rejected[change1]" time="0.013" /><testcase classname="tests.test_ledger_consistency" name="test_imported_invalid_bank_record_is_rejected[change2]" time="0.010" /><testcase classname="tests.test_ledger_consistency" name="test_imported_invalid_bank_record_is_rejected[change3]" time="0.010" /><testcase classname="tests.test_ledger_consistency" name="test_imported_invalid_bank_record_is_rejected[change4]" time="0.025" /><testcase classname="tests.test_ledger_consistency" name="test_imported_invalid_bank_record_is_rejected[change5]" time="0.020" /><testcase classname="tests.test_ledger_consistency" name="test_imported_invalid_bank_record_is_rejected[change6]" time="0.023" /><testcase classname="tests.test_ledger_consistency" name="test_bank_duplicate_json_key_is_rejected" time="0.034" /><testcase classname="tests.test_ledger_consistency" name="test_invalid_imported_contract_cannot_be_settled[change0]" time="0.059" /><testcase classname="tests.test_ledger_consistency" name="test_invalid_imported_contract_cannot_be_settled[change1]" time="0.038" /><testcase classname="tests.test_ledger_consistency" name="test_invalid_imported_contract_cannot_be_settled[change2]" time="0.040" /><testcase classname="tests.test_ledger_consistency" name="test_reversed_team_input_keeps_score_in_recorded_home_order" time="0.049" /><testcase classname="tests.test_ledger_consistency" name="test_invalid_configured_stake_cap_is_rejected[NaN]" time="0.016" /><testcase classname="tests.test_ledger_consistency" name="test_invalid_configured_stake_cap_is_rejected[Infinity]" time="0.020" /><testcase classname="tests.test_ledger_consistency" name="test_invalid_configured_stake_cap_is_rejected[-1]" time="0.015" /><testcase classname="tests.test_ledger_consistency" name="test_invalid_configured_stake_cap_is_rejected[]" time="0.018" /><testcase classname="tests.test_ledger_consistency" name="test_stable_id_does_not_require_legacy_line_number" time="0.091" /><testcase classname="tests.test_ledger_consistency" name="test_cli_does_not_promote_legacy_market_flag" time="0.061" /><testcase classname="tests.test_ledger_consistency" name="test_failed_append_releases_writer_lock" time="0.036" /><testcase classname="tests.test_bet_log" name="test_add_grava_linha_aberta" time="0.039" /><testcase classname="tests.test_bet_log" name="test_add_rejeita_mercado_e_odd_invalidos" time="0.020" /><testcase classname="tests.test_bet_log" name="test_settle_rejeita_placar_negativo" time="0.024" /><testcase classname="tests.test_bet_log" name="test_settle_ganha_perde_e_nao_duplica" time="0.091" /><testcase classname="tests.test_bet_log" name="test_settle_casa_por_conjunto_de_times" time="0.030" /><testcase classname="tests.test_bet_log" name="test_settle_periodo_exige_ht_e_fecha_com_ht" time="0.117" /><testcase classname="tests.test_bet_log" name="test_summary_separa_validado_de_informativo" time="0.084" /><testcase classname="tests.test_bet_log" name="test_summary_roi" time="0.100" /><testcase classname="tests.test_bet_log" name="test_banca_saldo_exposicao_e_drawdown" time="0.104" /><testcase classname="tests.test_bet_log" name="test_banca_deposito_saque_e_reinit" time="0.083" /><testcase classname="tests.test_bet_log" name="test_kickoff_marca_aposta_tardia" time="0.051" /><testcase classname="tests.test_bet_log" name="test_aviso_de_bilhete_duplicado_aberto" time="0.085" /><testcase classname="tests.test_bet_log" name="test_settle_rejeita_ht_maior_que_final" time="0.016" /><testcase classname="tests.test_bet_log" name="test_list_bets_casa_aberta_e_fechada" time="0.063" /><testcase classname="tests.test_bet_log" name="test_banca_none_sem_init" time="0.015" /><testcase classname="tests.test_bet_log" name="test_settle_confronto_repetido_exige_match_date_para_desambiguar" time="0.090" /><testcase classname="tests.test_bet_log" name="test_settle_idempotente_sobrevive_a_reordenacao_do_arquivo" time="0.078" /><testcase classname="tests.test_bet_log" name="test_settle_placar_none_levanta_valueerror_claro" time="0.021" /><testcase classname="tests.test_bet_log" name="test_add_bet_naive_vs_aware_nao_crasha" time="0.025" /><testcase classname="tests.test_bet_log" name="test_capital_gate_status_avisa_sem_trial_comprovada" time="0.021" /><testcase classname="tests.test_bet_log" name="test_capital_gate_status_silencioso_com_trial_comprovada" time="0.020" /><testcase classname="tests.test_bet_log" name="test_capital_gate_status_ignora_mercado_fora_do_gate" time="0.011" /><testcase classname="tests.test_bet_log" name="test_capital_gate_status_falha_fechado_sem_trials_json" time="0.009" /><testcase classname="tests.test_bet_id" name="test_bet_id_unico_e_presente" time="0.048" /><testcase classname="tests.test_bet_id" name="test_bet_id_injetavel_e_carimbado_no_settlement" time="0.056" /><testcase classname="tests.test_bet_id" name="test_aposta_legada_sem_bet_id_liquida_normal" time="0.026" /><testcase classname="tests.test_info_stake_cap" name="test_sem_env_var_nada_muda" time="0.018" /><testcase classname="tests.test_info_stake_cap" name="test_teto_bloqueia_informativa_acima" time="0.015" /><testcase classname="tests.test_info_stake_cap" name="test_teto_permite_informativa_dentro" time="0.022" /><testcase classname="tests.test_info_stake_cap" name="test_mercado_validado_ignora_teto" time="0.021" /><testcase classname="tests.test_completion_ledger" name="test_invalid_bet_cannot_enter_journal[changes0]" time="0.019" /><testcase classname="tests.test_completion_ledger" name="test_invalid_bet_cannot_enter_journal[changes1]" time="0.022" /><testcase classname="tests.test_completion_ledger" name="test_invalid_bet_cannot_enter_journal[changes2]" time="0.021" /><testcase classname="tests.test_completion_ledger" name="test_invalid_bet_cannot_enter_journal[changes3]" time="0.021" /><testcase classname="tests.test_completion_ledger" name="test_invalid_bet_cannot_enter_journal[changes4]" time="0.150" /><testcase classname="tests.test_completion_ledger" name="test_invalid_bet_cannot_enter_journal[changes5]" time="0.035" /><testcase classname="tests.test_completion_ledger" name="test_stable_bet_id_survives_line_reordering_in_list_and_bank" time="0.096" /><testcase classname="tests.test_completion_ledger" name="test_duplicate_bet_id_is_rejected_before_append" time="0.047" /><testcase classname="tests.test_completion_ledger" name="test_invalid_half_time_each_side_rejected_before_any_settlement" time="0.044" /><testcase classname="tests.test_closeout_integrity" name="test_score_cannot_be_truncated_or_boolean[True]" time="0.050" /><testcase classname="tests.test_closeout_integrity" name="test_score_cannot_be_truncated_or_boolean[1.9_0]" time="0.055" /><testcase classname="tests.test_closeout_integrity" name="test_score_cannot_be_truncated_or_boolean[1.9_1]" time="0.045" /><testcase classname="tests.test_closeout_integrity" name="test_score_cannot_be_truncated_or_boolean[inf]" time="0.052" /><testcase classname="tests.test_closeout_integrity" name="test_half_time_requires_two_integer_counts[ht0]" time="0.032" /><testcase classname="tests.test_closeout_integrity" name="test_half_time_requires_two_integer_counts[ht1]" time="0.036" /><testcase classname="tests.test_closeout_integrity" name="test_half_time_requires_two_integer_counts[ht2]" time="0.027" /><testcase classname="tests.test_closeout_integrity" name="test_half_time_requires_two_integer_counts[ht3]" time="0.036" /><testcase classname="tests.test_closeout_integrity" name="test_summary_rejects_duplicate_settlement" time="0.068" /><testcase classname="tests.test_closeout_integrity" name="test_summary_rejects_orphan_and_changed_amount" time="0.110" /><testcase classname="tests.test_closeout_integrity" name="test_imported_duplicate_bet_id_is_rejected" time="0.055" /><testcase classname="tests.test_closeout_integrity" name="test_malformed_json_journal_refused[{&quot;kind&quot;:&quot;bet&quot;,&quot;stake&quot;:NaN}]" time="0.013" /><testcase classname="tests.test_closeout_integrity" name="test_malformed_json_journal_refused[{&quot;kind&quot;:&quot;bet&quot;,&quot;kind&quot;:&quot;settlement&quot;}]" time="0.023" /><testcase classname="tests.test_closeout_integrity" name="test_last_unusable_state_must_not_resurrect_price[changes0]" time="0.001" /><testcase classname="tests.test_closeout_integrity" name="test_last_unusable_state_must_not_resurrect_price[changes1]" time="0.001" /><testcase classname="tests.test_closeout_integrity" name="test_last_unusable_state_must_not_resurrect_price[changes2]" time="0.002" /><testcase classname="tests.test_closeout_integrity" name="test_closing_conflicting_latest_tie_abstains" time="0.001" /><testcase classname="tests.test_closeout_integrity" name="test_closing_cannot_mix_event_source_or_contract[changes0]" time="0.002" /><testcase classname="tests.test_closeout_integrity" name="test_closing_cannot_mix_event_source_or_contract[changes1]" time="0.002" /><testcase classname="tests.test_closeout_integrity" name="test_closing_cannot_mix_event_source_or_contract[changes2]" time="0.002" /><testcase classname="tests.test_closeout_integrity" name="test_closing_cannot_mix_event_source_or_contract[changes3]" time="0.002" /><testcase classname="tests.test_closeout_integrity" name="test_curated_clock_cannot_follow_receipt[observed_at]" time="0.073" /><testcase classname="tests.test_closeout_integrity" name="test_curated_clock_cannot_follow_receipt[published_at]" time="0.054" /><testcase classname="tests.test_closeout_integrity" name="test_readiness_rejects_coerced_or_blank_input[changes0]" time="0.007" /><testcase classname="tests.test_closeout_integrity" name="test_readiness_rejects_coerced_or_blank_input[changes1]" time="0.002" /><testcase classname="tests.test_closeout_integrity" name="test_readiness_rejects_coerced_or_blank_input[changes2]" time="0.002" /><testcase classname="tests.test_closeout_integrity" name="test_readiness_rejects_coerced_or_blank_input[changes3]" time="0.002" /><testcase classname="tests.test_closeout_integrity" name="test_readiness_rejects_coerced_or_blank_input[changes4]" time="0.003" /><testcase classname="tests.test_closeout_integrity" name="test_declarations_do_not_certify_prospective_evidence" time="0.003" /><testcase classname="tests.test_closeout_integrity" name="test_inconsistent_chronology_blocks_contract[changes0]" time="0.002" /><testcase classname="tests.test_closeout_integrity" name="test_inconsistent_chronology_blocks_contract[changes1]" time="0.001" /><testcase classname="tests.test_closeout_integrity" name="test_inconsistent_chronology_blocks_contract[changes2]" time="0.001" /><testcase classname="tests.test_closeout_integrity" name="test_inconsistent_chronology_blocks_contract[changes3]" time="0.002" /></testsuite></testsuites>