<?xml version="1.0" encoding="utf-8"?><testsuites name="pytest tests"><testsuite name="pytest" errors="0" failures="0" skipped="0" tests="32" time="17.958" timestamp="2026-09-10T11:49:33.363465-03:00" hostname="Leo"><testcase classname="tests.test_completion_ledger" name="test_invalid_bet_cannot_enter_journal[changes0]" time="0.018" /><testcase classname="tests.test_completion_ledger" name="test_invalid_bet_cannot_enter_journal[changes1]" time="0.011" /><testcase classname="tests.test_completion_ledger" name="test_invalid_bet_cannot_enter_journal[changes2]" time="0.012" /><testcase classname="tests.test_completion_ledger" name="test_invalid_bet_cannot_enter_journal[changes3]" time="0.014" /><testcase classname="tests.test_completion_ledger" name="test_invalid_bet_cannot_enter_journal[changes4]" time="0.009" /><testcase classname="tests.test_completion_ledger" name="test_invalid_bet_cannot_enter_journal[changes5]" time="0.011" /><testcase classname="tests.test_completion_ledger" name="test_stable_bet_id_survives_line_reordering_in_list_and_bank" time="14.936" /><testcase classname="tests.test_completion_ledger" name="test_duplicate_bet_id_is_rejected_before_append" time="0.039" /><testcase classname="tests.test_completion_ledger" name="test_invalid_half_time_each_side_rejected_before_any_settlement" time="0.027" /><testcase classname="tests.test_bet_log" name="test_add_grava_linha_aberta" time="0.033" /><testcase classname="tests.test_bet_log" name="test_add_rejeita_mercado_e_odd_invalidos" time="0.008" /><testcase classname="tests.test_bet_log" name="test_settle_rejeita_placar_negativo" time="0.011" /><testcase classname="tests.test_bet_log" name="test_settle_ganha_perde_e_nao_duplica" time="0.067" /><testcase classname="tests.test_bet_log" name="test_settle_casa_por_conjunto_de_times" time="0.030" /><testcase classname="tests.test_bet_log" name="test_settle_periodo_exige_ht_e_fecha_com_ht" time="0.098" /><testcase classname="tests.test_bet_log" name="test_summary_separa_validado_de_informativo" time="0.064" /><testcase classname="tests.test_bet_log" name="test_summary_roi" time="0.105" /><testcase classname="tests.test_bet_log" name="test_banca_saldo_exposicao_e_drawdown" time="0.172" /><testcase classname="tests.test_bet_log" name="test_banca_deposito_saque_e_reinit" time="0.071" /><testcase classname="tests.test_bet_log" name="test_kickoff_marca_aposta_tardia" time="0.071" /><testcase classname="tests.test_bet_log" name="test_aviso_de_bilhete_duplicado_aberto" time="0.091" /><testcase classname="tests.test_bet_log" name="test_settle_rejeita_ht_maior_que_final" time="0.013" /><testcase classname="tests.test_bet_log" name="test_list_bets_casa_aberta_e_fechada" time="0.074" /><testcase classname="tests.test_bet_log" name="test_banca_none_sem_init" time="0.011" /><testcase classname="tests.test_bet_log" name="test_settle_confronto_repetido_exige_match_date_para_desambiguar" time="0.082" /><testcase classname="tests.test_bet_log" name="test_settle_idempotente_sobrevive_a_reordenacao_do_arquivo" time="0.077" /><testcase classname="tests.test_bet_log" name="test_settle_placar_none_levanta_valueerror_claro" time="0.014" /><testcase classname="tests.test_bet_log" name="test_add_bet_naive_vs_aware_nao_crasha" time="0.012" /><testcase classname="tests.test_bet_log" name="test_capital_gate_status_avisa_sem_trial_comprovada" time="0.030" /><testcase classname="tests.test_bet_log" name="test_capital_gate_status_silencioso_com_trial_comprovada" time="0.032" /><testcase classname="tests.test_bet_log" name="test_capital_gate_status_ignora_mercado_fora_do_gate" time="0.009" /><testcase classname="tests.test_bet_log" name="test_capital_gate_status_falha_fechado_sem_trials_json" time="0.012" /></testsuite></testsuites>