<?xml version="1.0" encoding="utf-8"?><testsuites name="pytest tests"><testsuite name="pytest" errors="0" failures="0" skipped="0" tests="8" time="13.739" timestamp="2026-09-10T18:21:52.816759-03:00" hostname="Leo"><testcase classname="tests.test_resolution_player_stats" name="test_postmatch_player_stats_are_not_backdated_to_kickoff" time="0.056" /><testcase classname="tests.test_resolution_player_stats" name="test_missing_xg_is_unknown_instead_of_zero" time="0.025" /><testcase classname="tests.test_resolution_player_stats" name="test_player_counts_are_not_coerced_or_truncated[True]" time="0.033" /><testcase classname="tests.test_resolution_player_stats" name="test_player_counts_are_not_coerced_or_truncated[1.9]" time="0.051" /><testcase classname="tests.test_resolution_player_stats" name="test_player_counts_are_not_coerced_or_truncated[-1]" time="0.028" /><testcase classname="tests.test_resolution_player_stats" name="test_player_counts_are_not_coerced_or_truncated[2]" time="0.022" /><testcase classname="tests.test_resolution_player_stats" name="test_corrupt_player_file_does_not_silently_shrink_the_aggregate" time="0.038" /><testcase classname="tests.test_player_comp_stats_sofascore" name="test_aggregate_and_persist_player_stats_with_provenance" time="0.068" /></testsuite></testsuites>