<?xml version="1.0" encoding="utf-8"?>
<TestRun id="37497cf7-1061-4fd4-b69d-8e12d3358257" name="@LEO 2026-09-10 13:00:05" runUser="LEO\leona" xmlns="http://microsoft.com/schemas/VisualStudio/TeamTest/2010">
  <Times creation="2026-09-10T13:00:05.4208116-03:00" queuing="2026-09-10T13:00:05.4208127-03:00" start="2026-09-10T12:59:29.6370968-03:00" finish="2026-09-10T13:00:05.4498738-03:00" />
  <TestSettings name="default" id="2addb825-0b70-4989-bd3d-5deaed525315">
    <Deployment runDeploymentRoot="_LEO_2026-09-10_13_00_05" />
  </TestSettings>
  <Results>
    <UnitTestResult executionId="4d5c76a0-4133-428d-809e-77d8342b9caf" testId="6bc8be91-7b08-e54e-1b53-0e17961e0bb3" testName="LineupWorker.Tests.KernelCrossProcessTests.RegisteredDotnetRequestSurvivesLostWakeupAndProducesOneCurrentSignalBatch" computerName="LEO" duration="00:00:24.5163620" startTime="2026-09-10T12:59:39.2084036-03:00" endTime="2026-09-10T13:00:03.6730432-03:00" testType="13cdc9d9-ddb5-4fa4-a97d-d965ccfc6d4b" outcome="Passed" testListId="8c84fa94-04c1-424b-9868-57a2d4851a1d" relativeResultsDirectory="4d5c76a0-4133-428d-809e-77d8342b9caf" />
  </Results>
  <TestDefinitions>
    <UnitTest name="LineupWorker.Tests.KernelCrossProcessTests.RegisteredDotnetRequestSurvivesLostWakeupAndProducesOneCurrentSignalBatch" storage="c:\brasileirao\work\completion-2026-09-10\runtime-cross-diagnostic\source\dotnet\lineupworker.tests\bin\release\net10.0\lineupworker.tests.dll" id="6bc8be91-7b08-e54e-1b53-0e17961e0bb3">
      <Execution id="4d5c76a0-4133-428d-809e-77d8342b9caf" />
      <TestMethod codeBase="C:\BRASILEIRAO\work\completion-2026-09-10\runtime-cross-diagnostic\source\dotnet\LineupWorker.Tests\bin\Release\net10.0\LineupWorker.Tests.dll" adapterTypeName="executor://xunit/VsTestRunner3/netcore/" className="LineupWorker.Tests.KernelCrossProcessTests" name="RegisteredDotnetRequestSurvivesLostWakeupAndProducesOneCurrentSignalBatch" />
    </UnitTest>
  </TestDefinitions>
  <TestEntries>
    <TestEntry testId="6bc8be91-7b08-e54e-1b53-0e17961e0bb3" executionId="4d5c76a0-4133-428d-809e-77d8342b9caf" testListId="8c84fa94-04c1-424b-9868-57a2d4851a1d" />
  </TestEntries>
  <TestLists>
    <TestList name="Resultados que não estão em uma lista" id="8c84fa94-04c1-424b-9868-57a2d4851a1d" />
    <TestList name="Todos os resultados carregados" id="19431567-8539-422a-85d7-44ee4e166bda" />
  </TestLists>
  <ResultSummary outcome="Completed">
    <Counters total="1" executed="1" passed="1" failed="0" error="0" timeout="0" aborted="0" inconclusive="0" passedButRunAborted="0" notRunnable="0" notExecuted="0" disconnected="0" warning="0" completed="0" inProgress="0" pending="0" />
    <Output>
      <StdOut>[xUnit.net 00:00:00.01] xUnit.net VSTest Adapter v3.1.4+50e68bbb8b (64-bit .NET 10.0.12)&#xD;
[xUnit.net 00:00:00.48]   Discovering: LineupWorker.Tests&#xD;
[xUnit.net 00:00:00.76]   Discovered:  LineupWorker.Tests&#xD;
[xUnit.net 00:00:00.85]   Starting:    LineupWorker.Tests&#xD;
[xUnit.net 00:00:25.58]   Finished:    LineupWorker.Tests&#xD;
</StdOut>
    </Output>
    <CollectorDataEntries>
      <Collector agentName="LEO" uri="datacollector://microsoft/CoverletCodeCoverage/1.0" collectorDisplayName="XPlat code coverage">
        <UriAttachments>
          <UriAttachment>
            <A href="LEO\coverage.cobertura.xml"></A>
          </UriAttachment>
        </UriAttachments>
      </Collector>
    </CollectorDataEntries>
  </ResultSummary>
</TestRun>