<?xml version="1.0" encoding="utf-8"?><testsuites name="pytest tests"><testsuite name="pytest" errors="0" failures="7" skipped="0" tests="7" time="2.716" timestamp="2026-09-10T17:04:47.632955-03:00" hostname="Leo"><testcase classname="tests.test_resolution_lineup_envelopes" name="test_envelope_is_consumed_without_flattening_away_empty_state" time="0.008"><failure message="AssertionError: assert {} == {'team-1': {'p1'}}&#10;  &#10;  Right contains 1 more item:&#10;  {'team-1': {'p1'}}&#10;  Use -v to get more diff">..\..\..\brasileirao-predictor\tests\test_resolution_lineup_envelopes.py:20: in test_envelope_is_consumed_without_flattening_away_empty_state
    assert lineup_state_asof([old, empty], event_id="event-1", asof="2024-01-01T10:30:00Z") == {"team-1": {"p1"}}
E   AssertionError: assert {} == {'team-1': {'p1'}}
E     
E     Right contains 1 more item:
E     {'team-1': {'p1'}}
E     Use -v to get more diff</failure></testcase><testcase classname="tests.test_resolution_lineup_envelopes" name="test_same_receipt_conflict_cannot_choose_a_lineup" time="0.003"><failure message="Failed: DID NOT RAISE ValueError">..\..\..\brasileirao-predictor\tests\test_resolution_lineup_envelopes.py:25: in test_same_receipt_conflict_cannot_choose_a_lineup
    with pytest.raises(ValueError, match="conflict"):
         ^^^^^^^^^^^^^^^^^^^^^^^^^^^^^^^^^^^^^^^^^^^
E   Failed: DID NOT RAISE ValueError</failure></testcase><testcase classname="tests.test_resolution_lineup_envelopes" name="test_atomic_envelopes_preserve_empty_and_concurrent_writes" time="0.030"><failure message="ModuleNotFoundError: No module named 'brasileirao_predictor.data.lineup_envelopes'">..\..\..\brasileirao-predictor\tests\test_resolution_lineup_envelopes.py:30: in test_atomic_envelopes_preserve_empty_and_concurrent_writes
    from brasileirao_predictor.data.lineup_envelopes import persist_snapshot, read_snapshots
E   ModuleNotFoundError: No module named 'brasileirao_predictor.data.lineup_envelopes'</failure></testcase><testcase classname="tests.test_resolution_lineup_envelopes" name="test_corrupt_envelope_fails_closed" time="0.016"><failure message="ModuleNotFoundError: No module named 'brasileirao_predictor.data.lineup_envelopes'">..\..\..\brasileirao-predictor\tests\test_resolution_lineup_envelopes.py:43: in test_corrupt_envelope_fails_closed
    from brasileirao_predictor.data.lineup_envelopes import persist_snapshot, read_snapshots
E   ModuleNotFoundError: No module named 'brasileirao_predictor.data.lineup_envelopes'</failure></testcase><testcase classname="tests.test_resolution_lineup_envelopes" name="test_invalid_envelope_is_rejected_before_writing[updates0]" time="0.012"><failure message="ModuleNotFoundError: No module named 'brasileirao_predictor.data.lineup_envelopes'">..\..\..\brasileirao-predictor\tests\test_resolution_lineup_envelopes.py:53: in test_invalid_envelope_is_rejected_before_writing
    from brasileirao_predictor.data.lineup_envelopes import persist_snapshot
E   ModuleNotFoundError: No module named 'brasileirao_predictor.data.lineup_envelopes'</failure></testcase><testcase classname="tests.test_resolution_lineup_envelopes" name="test_invalid_envelope_is_rejected_before_writing[updates1]" time="0.018"><failure message="ModuleNotFoundError: No module named 'brasileirao_predictor.data.lineup_envelopes'">..\..\..\brasileirao-predictor\tests\test_resolution_lineup_envelopes.py:53: in test_invalid_envelope_is_rejected_before_writing
    from brasileirao_predictor.data.lineup_envelopes import persist_snapshot
E   ModuleNotFoundError: No module named 'brasileirao_predictor.data.lineup_envelopes'</failure></testcase><testcase classname="tests.test_resolution_lineup_envelopes" name="test_invalid_envelope_is_rejected_before_writing[updates2]" time="0.014"><failure message="ModuleNotFoundError: No module named 'brasileirao_predictor.data.lineup_envelopes'">..\..\..\brasileirao-predictor\tests\test_resolution_lineup_envelopes.py:53: in test_invalid_envelope_is_rejected_before_writing
    from brasileirao_predictor.data.lineup_envelopes import persist_snapshot
E   ModuleNotFoundError: No module named 'brasileirao_predictor.data.lineup_envelopes'</failure></testcase></testsuite></testsuites>