<?xml version="1.0" encoding="utf-8"?><testsuites name="pytest tests"><testsuite name="pytest" errors="0" failures="4" skipped="0" tests="15" time="24.933" timestamp="2026-09-10T12:36:40.114930-03:00" hostname="Leo"><testcase classname="tests.test_completion_anchor" name="test_reference_excludes_offering_book" time="0.003"><failure message="TypeError: consensus_anchor() got an unexpected keyword argument 'offered_by'">..\..\..\brasileirao-predictor\tests\test_completion_anchor.py:14: in test_reference_excludes_offering_book
    anchor = consensus_anchor(rows(), market="ou2.5", offered_by="b")
             ^^^^^^^^^^^^^^^^^^^^^^^^^^^^^^^^^^^^^^^^^^^^^^^^^^^^^^^^
E   TypeError: consensus_anchor() got an unexpected keyword argument 'offered_by'</failure></testcase><testcase classname="tests.test_completion_anchor" name="test_reference_does_not_pool_different_capture_vintages" time="0.003"><failure message="Failed: DID NOT RAISE ValueError">..\..\..\brasileirao-predictor\tests\test_completion_anchor.py:23: in test_reference_does_not_pool_different_capture_vintages
    with pytest.raises(ValueError):
         ^^^^^^^^^^^^^^^^^^^^^^^^^
E   Failed: DID NOT RAISE ValueError</failure></testcase><testcase classname="tests.test_completion_anchor" name="test_reference_rejects_conflicting_duplicate_selection" time="0.002"><failure message="Failed: DID NOT RAISE ValueError">..\..\..\brasileirao-predictor\tests\test_completion_anchor.py:30: in test_reference_rejects_conflicting_duplicate_selection
    with pytest.raises(ValueError):
         ^^^^^^^^^^^^^^^^^^^^^^^^^
E   Failed: DID NOT RAISE ValueError</failure></testcase><testcase classname="tests.test_completion_math_consumer" name="test_total_negative_binomial_is_sum_of_two_team_distributions" time="0.017" /><testcase classname="tests.test_completion_math_consumer" name="test_market_pricer_rejects_invalid_probability_measures[grid0]" time="0.002" /><testcase classname="tests.test_completion_math_consumer" name="test_market_pricer_rejects_invalid_probability_measures[grid1]" time="0.004" /><testcase classname="tests.test_completion_math_consumer" name="test_market_pricer_rejects_invalid_probability_measures[grid2]" time="0.003" /><testcase classname="tests.test_completion_math_consumer" name="test_market_pricer_rejects_invalid_probability_measures[grid3]" time="0.003" /><testcase classname="tests.test_completion_math_consumer" name="test_handicap_rejects_unsupported_or_invalid_lines[nan]" time="0.002" /><testcase classname="tests.test_completion_math_consumer" name="test_handicap_rejects_unsupported_or_invalid_lines[inf]" time="0.003" /><testcase classname="tests.test_completion_math_consumer" name="test_handicap_rejects_unsupported_or_invalid_lines[0.3]" time="0.005" /><testcase classname="tests.test_completion_math_consumer" name="test_handicap_rejects_unsupported_or_invalid_lines[True]" time="0.003" /><testcase classname="tests.test_completion_math_consumer" name="test_prediction_protocol_rejects_negative_live_score" time="0.011" /><testcase classname="tests.test_completion_math_consumer" name="test_full_prediction_cli_cannot_succeed_after_audit_log_failure[False]" time="7.411" /><testcase classname="tests.test_completion_math_consumer" name="test_full_prediction_cli_cannot_succeed_after_audit_log_failure[True]" time="0.086"><failure message="Failed: DID NOT RAISE RuntimeError">..\..\..\brasileirao-predictor\tests\test_completion_math_consumer.py:72: in test_full_prediction_cli_cannot_succeed_after_audit_log_failure
    with pytest.raises(RuntimeError, match="audit log"):
         ^^^^^^^^^^^^^^^^^^^^^^^^^^^^^^^^^^^^^^^^^^^^^^
E   Failed: DID NOT RAISE RuntimeError</failure></testcase></testsuite></testsuites>