<?xml version="1.0" encoding="utf-8"?><testsuites name="pytest tests"><testsuite name="pytest" errors="0" failures="0" skipped="0" tests="25" time="10.199" timestamp="2026-09-10T20:00:21.854227-03:00" hostname="Leo"><testcase classname="tests.test_resolution_odds_shop" name="test_unknown_invalid_or_future_clock_is_not_fresh[None]" time="0.002" /><testcase classname="tests.test_resolution_odds_shop" name="test_unknown_invalid_or_future_clock_is_not_fresh[invalid]" time="0.001" /><testcase classname="tests.test_resolution_odds_shop" name="test_unknown_invalid_or_future_clock_is_not_fresh[2026-01-01T00:00:00]" time="0.001" /><testcase classname="tests.test_resolution_odds_shop" name="test_unknown_invalid_or_future_clock_is_not_fresh[2099-01-01T00:00:00+00:00]" time="0.001" /><testcase classname="tests.test_resolution_odds_shop" name="test_bad_prices_cannot_become_consensus[nan]" time="0.001" /><testcase classname="tests.test_resolution_odds_shop" name="test_bad_prices_cannot_become_consensus[inf]" time="0.001" /><testcase classname="tests.test_resolution_odds_shop" name="test_bad_prices_cannot_become_consensus[True]" time="0.002" /><testcase classname="tests.test_resolution_odds_shop" name="test_bad_prices_cannot_become_consensus[0.9]" time="0.001" /><testcase classname="tests.test_resolution_odds_shop" name="test_duplicate_books_do_not_manufacture_consensus_strength" time="0.001" /><testcase classname="tests.test_resolution_odds_shop" name="test_incomplete_market_is_excluded" time="0.001" /><testcase classname="tests.test_resolution_odds_shop" name="test_diagnostic_output_does_not_call_unproven_window_validated" time="0.001" /><testcase classname="tests.test_resolution_odds_shop" name="test_missing_kickoff_cannot_be_treated_as_future[None]" time="0.001" /><testcase classname="tests.test_resolution_odds_shop" name="test_missing_kickoff_cannot_be_treated_as_future[bad]" time="0.001" /><testcase classname="tests.test_resolution_odds_shop" name="test_missing_kickoff_cannot_be_treated_as_future[2026-01-01T00:00:00]" time="0.001" /><testcase classname="tests.test_odds_shop_stale" name="test_filtro_descarta_feed_morto" time="0.001" /><testcase classname="tests.test_odds_shop_stale" name="test_none_desliga_o_filtro" time="0.002" /><testcase classname="tests.test_odds_shop_stale" name="test_last_update_ilegivel_nao_trava" time="0.001" /><testcase classname="tests.test_resolution_historical_import" name="test_existing_output_is_rejected_without_touching_bytes" time="0.032" /><testcase classname="tests.test_resolution_historical_import" name="test_bad_price_or_count_is_quarantined[AvgOver2.5-inf]" time="0.068" /><testcase classname="tests.test_resolution_historical_import" name="test_bad_price_or_count_is_quarantined[AvgUnder2.5-1]" time="0.060" /><testcase classname="tests.test_resolution_historical_import" name="test_bad_price_or_count_is_quarantined[HighOver2.5-nan]" time="0.059" /><testcase classname="tests.test_resolution_historical_import" name="test_bad_price_or_count_is_quarantined[NumBookmakers2.5-3.5]" time="0.058" /><testcase classname="tests.test_resolution_historical_import" name="test_bad_price_or_count_is_quarantined[NumBookmakers2.5--2]" time="0.061" /><testcase classname="tests.test_resolution_historical_import" name="test_failed_import_does_not_publish_partial_database" time="0.043" /><testcase classname="tests.test_resolution_historical_import" name="test_valid_import_preserves_raw_and_keeps_economics_disabled" time="0.063" /></testsuite></testsuites>