<?xml version="1.0" encoding="utf-8"?><testsuites name="pytest tests"><testsuite name="pytest" errors="0" failures="0" skipped="0" tests="28" time="33.522" timestamp="2026-09-10T19:00:33.994444-03:00" hostname="Leo"><testcase classname="tests.test_resolution_structural_edge" name="test_stale_offer_cannot_be_compared_with_fresh_reference" time="0.002" /><testcase classname="tests.test_resolution_structural_edge" name="test_invalid_policy_is_not_silently_interpreted[changes0]" time="0.001" /><testcase classname="tests.test_resolution_structural_edge" name="test_invalid_policy_is_not_silently_interpreted[changes1]" time="0.003" /><testcase classname="tests.test_resolution_structural_edge" name="test_invalid_policy_is_not_silently_interpreted[changes2]" time="0.002" /><testcase classname="tests.test_resolution_structural_edge" name="test_invalid_policy_is_not_silently_interpreted[changes3]" time="0.001" /><testcase classname="tests.test_resolution_structural_edge" name="test_snapshot_does_not_change_when_callers_mutate_original_odds" time="0.001" /><testcase classname="tests.test_resolution_structural_edge" name="test_power_devig_brackets_valid_high_margin_prices" time="0.003" /><testcase classname="tests.test_resolution_structural_edge" name="test_nonfinite_market_line_is_rejected" time="0.004" /><testcase classname="tests.test_structural_edge" name="test_power_devig_is_normalized" time="0.001" /><testcase classname="tests.test_structural_edge" name="test_detector_emits_only_locked_shadow_candidates[shin]" time="0.002" /><testcase classname="tests.test_structural_edge" name="test_detector_emits_only_locked_shadow_candidates[power]" time="0.002" /><testcase classname="tests.test_structural_edge" name="test_no_alert_below_frozen_ev_threshold" time="0.001" /><testcase classname="tests.test_structural_edge" name="test_stale_reference_fails_closed" time="0.003" /><testcase classname="tests.test_structural_edge" name="test_identity_mismatch_fails_closed[event_id-other]" time="0.003" /><testcase classname="tests.test_structural_edge" name="test_identity_mismatch_fails_closed[line-2.5]" time="0.002" /><testcase classname="tests.test_structural_edge" name="test_identity_mismatch_fails_closed[mapping_version-teams-v3]" time="0.001" /><testcase classname="tests.test_structural_edge" name="test_naive_timestamp_and_post_kickoff_are_rejected" time="0.004" /><testcase classname="tests.test_structural_edge" name="test_invalid_odds_and_selection_mismatch_are_rejected" time="0.001" /><testcase classname="tests.test_resolution_kernel_lifecycle" name="test_healthcheck_connection_failure_closes_client_and_does_not_log_credentials" time="0.529" /><testcase classname="tests.test_resolution_kernel_params" name="test_invalid_kernel_parameters_never_reach_numba[0-inf]" time="0.003" /><testcase classname="tests.test_resolution_kernel_params" name="test_invalid_kernel_parameters_never_reach_numba[1-nan]" time="0.002" /><testcase classname="tests.test_resolution_kernel_params" name="test_invalid_kernel_parameters_never_reach_numba[2--0.1]" time="0.003" /><testcase classname="tests.test_resolution_kernel_params" name="test_invalid_kernel_parameters_never_reach_numba[4-True]" time="0.003" /><testcase classname="tests.test_resolution_kernel_params" name="test_invalid_kernel_parameters_never_reach_numba[5-0]" time="0.002" /><testcase classname="tests.test_resolution_kernel_params" name="test_invalid_kernel_parameters_never_reach_numba[5--1]" time="0.003" /><testcase classname="tests.test_resolution_kernel_params" name="test_invalid_kernel_parameters_never_reach_numba[5-1.5]" time="0.005" /><testcase classname="tests.test_resolution_kernel_params" name="test_invalid_kernel_parameters_never_reach_numba[5-101]" time="0.002" /><testcase classname="tests.test_resolution_kernel_params" name="test_supported_kernel_parameters_keep_two_warmup_calls" time="0.002" /></testsuite></testsuites>