<?xml version="1.0" encoding="utf-8"?>
<coverage line-rate="0.8691" branch-rate="0.8190000000000001" version="1.9" timestamp="1789084960" lines-covered="983" lines-valid="1131" branches-covered="593" branches-valid="724">
  <sources>
    <source>/home/runner/work/brasileirao-predictor/brasileirao-predictor/dotnet/LineupWorker/</source>
  </sources>
  <packages>
    <package name="LineupWorker" line-rate="0.8691" branch-rate="0.8190000000000001" complexity="877">
      <classes>
        <class name="Program/&lt;&lt;Main&gt;$&gt;d__0" filename="Program.cs" line-rate="0.0833" branch-rate="0.25" complexity="4">
          <methods>
            <method name="MoveNext" signature="()" line-rate="0.0833" branch-rate="0.25" complexity="4">
              <lines>
                <line number="5" hits="4" branch="False" />
                <line number="7" hits="4" branch="True" condition-coverage="50% (1/2)">
                  <conditions>
                    <condition number="56" type="jump" coverage="50%" />
                  </conditions>
                </line>
                <line number="11" hits="4" branch="False" />
                <line number="12" hits="4" branch="False" />
                <line number="14" hits="0" branch="False" />
                <line number="17" hits="0" branch="False" />
                <line number="18" hits="0" branch="False" />
                <line number="19" hits="0" branch="False" />
                <line number="20" hits="0" branch="False" />
                <line number="21" hits="0" branch="False" />
                <line number="22" hits="0" branch="False" />
                <line number="23" hits="0" branch="False" />
                <line number="24" hits="0" branch="False" />
                <line number="25" hits="0" branch="False" />
                <line number="26" hits="0" branch="False" />
                <line number="27" hits="0" branch="False" />
                <line number="28" hits="0" branch="True" condition-coverage="0% (0/2)">
                  <conditions>
                    <condition number="21" type="jump" coverage="0%" />
                  </conditions>
                </line>
                <line number="29" hits="0" branch="False" />
                <line number="30" hits="0" branch="False" />
                <line number="31" hits="0" branch="False" />
                <line number="32" hits="0" branch="False" />
                <line number="33" hits="0" branch="False" />
                <line number="34" hits="0" branch="False" />
                <line number="35" hits="0" branch="False" />
                <line number="36" hits="0" branch="False" />
                <line number="37" hits="0" branch="False" />
                <line number="38" hits="0" branch="False" />
                <line number="39" hits="0" branch="False" />
                <line number="40" hits="0" branch="False" />
                <line number="41" hits="0" branch="False" />
                <line number="42" hits="0" branch="False" />
                <line number="43" hits="0" branch="False" />
                <line number="44" hits="0" branch="False" />
                <line number="45" hits="0" branch="False" />
                <line number="46" hits="0" branch="False" />
                <line number="47" hits="0" branch="False" />
                <line number="48" hits="0" branch="False" />
                <line number="49" hits="0" branch="False" />
                <line number="50" hits="0" branch="False" />
                <line number="51" hits="0" branch="False" />
                <line number="52" hits="0" branch="False" />
                <line number="53" hits="0" branch="False" />
                <line number="54" hits="0" branch="False" />
                <line number="55" hits="0" branch="False" />
                <line number="56" hits="0" branch="False" />
                <line number="57" hits="0" branch="False" />
                <line number="59" hits="0" branch="False" />
                <line number="60" hits="0" branch="False" />
              </lines>
            </method>
          </methods>
          <lines>
            <line number="5" hits="4" branch="False" />
            <line number="7" hits="4" branch="True" condition-coverage="50% (1/2)">
              <conditions>
                <condition number="56" type="jump" coverage="50%" />
              </conditions>
            </line>
            <line number="11" hits="4" branch="False" />
            <line number="12" hits="4" branch="False" />
            <line number="14" hits="0" branch="False" />
            <line number="17" hits="0" branch="False" />
            <line number="18" hits="0" branch="False" />
            <line number="19" hits="0" branch="False" />
            <line number="20" hits="0" branch="False" />
            <line number="21" hits="0" branch="False" />
            <line number="22" hits="0" branch="False" />
            <line number="23" hits="0" branch="False" />
            <line number="24" hits="0" branch="False" />
            <line number="25" hits="0" branch="False" />
            <line number="26" hits="0" branch="False" />
            <line number="27" hits="0" branch="False" />
            <line number="28" hits="0" branch="True" condition-coverage="0% (0/2)">
              <conditions>
                <condition number="21" type="jump" coverage="0%" />
              </conditions>
            </line>
            <line number="29" hits="0" branch="False" />
            <line number="30" hits="0" branch="False" />
            <line number="31" hits="0" branch="False" />
            <line number="32" hits="0" branch="False" />
            <line number="33" hits="0" branch="False" />
            <line number="34" hits="0" branch="False" />
            <line number="35" hits="0" branch="False" />
            <line number="36" hits="0" branch="False" />
            <line number="37" hits="0" branch="False" />
            <line number="38" hits="0" branch="False" />
            <line number="39" hits="0" branch="False" />
            <line number="40" hits="0" branch="False" />
            <line number="41" hits="0" branch="False" />
            <line number="42" hits="0" branch="False" />
            <line number="43" hits="0" branch="False" />
            <line number="44" hits="0" branch="False" />
            <line number="45" hits="0" branch="False" />
            <line number="46" hits="0" branch="False" />
            <line number="47" hits="0" branch="False" />
            <line number="48" hits="0" branch="False" />
            <line number="49" hits="0" branch="False" />
            <line number="50" hits="0" branch="False" />
            <line number="51" hits="0" branch="False" />
            <line number="52" hits="0" branch="False" />
            <line number="53" hits="0" branch="False" />
            <line number="54" hits="0" branch="False" />
            <line number="55" hits="0" branch="False" />
            <line number="56" hits="0" branch="False" />
            <line number="57" hits="0" branch="False" />
            <line number="59" hits="0" branch="False" />
            <line number="60" hits="0" branch="False" />
          </lines>
        </class>
        <class name="LineupWorker.LatencyReporterService" filename="Program.cs" line-rate="0" branch-rate="1" complexity="1">
          <methods>
            <method name=".ctor" signature="(LineupWorker.Services.LatencyAuditService,Microsoft.Extensions.Logging.ILogger`1&lt;LineupWorker.LatencyReporterService&gt;)" line-rate="0" branch-rate="1" complexity="1">
              <lines>
                <line number="72" hits="0" branch="False" />
                <line number="73" hits="0" branch="False" />
                <line number="75" hits="0" branch="False" />
                <line number="76" hits="0" branch="False" />
                <line number="77" hits="0" branch="False" />
              </lines>
            </method>
          </methods>
          <lines>
            <line number="72" hits="0" branch="False" />
            <line number="73" hits="0" branch="False" />
            <line number="75" hits="0" branch="False" />
            <line number="76" hits="0" branch="False" />
            <line number="77" hits="0" branch="False" />
          </lines>
        </class>
        <class name="LineupWorker.LatencyReporterService/&lt;ExecuteAsync&gt;d__3" filename="Program.cs" line-rate="0" branch-rate="0" complexity="4">
          <methods>
            <method name="MoveNext" signature="()" line-rate="0" branch-rate="0" complexity="4">
              <lines>
                <line number="81" hits="0" branch="True" condition-coverage="0% (0/2)">
                  <conditions>
                    <condition number="396" type="jump" coverage="0%" />
                  </conditions>
                </line>
                <line number="83" hits="0" branch="False" />
                <line number="84" hits="0" branch="False" />
                <line number="85" hits="0" branch="True" condition-coverage="0% (0/2)">
                  <conditions>
                    <condition number="354" type="jump" coverage="0%" />
                  </conditions>
                </line>
                <line number="86" hits="0" branch="False" />
                <line number="87" hits="0" branch="False" />
                <line number="88" hits="0" branch="False" />
                <line number="89" hits="0" branch="False" />
                <line number="91" hits="0" branch="False" />
              </lines>
            </method>
          </methods>
          <lines>
            <line number="81" hits="0" branch="True" condition-coverage="0% (0/2)">
              <conditions>
                <condition number="396" type="jump" coverage="0%" />
              </conditions>
            </line>
            <line number="83" hits="0" branch="False" />
            <line number="84" hits="0" branch="False" />
            <line number="85" hits="0" branch="True" condition-coverage="0% (0/2)">
              <conditions>
                <condition number="354" type="jump" coverage="0%" />
              </conditions>
            </line>
            <line number="86" hits="0" branch="False" />
            <line number="87" hits="0" branch="False" />
            <line number="88" hits="0" branch="False" />
            <line number="89" hits="0" branch="False" />
            <line number="91" hits="0" branch="False" />
          </lines>
        </class>
        <class name="LineupWorker.OperationalSettings" filename="OperationalSettings.cs" line-rate="1" branch-rate="1" complexity="42">
          <methods>
            <method name="get_RedisUrl" signature="()" line-rate="1" branch-rate="1" complexity="1">
              <lines>
                <line number="6" hits="16" branch="False" />
              </lines>
            </method>
            <method name="get_VorpArtifactPath" signature="()" line-rate="1" branch-rate="1" complexity="1">
              <lines>
                <line number="7" hits="21" branch="False" />
              </lines>
            </method>
            <method name="get_TitularidadePath" signature="()" line-rate="1" branch-rate="1" complexity="1">
              <lines>
                <line number="8" hits="21" branch="False" />
              </lines>
            </method>
            <method name="get_SportsDatabasePath" signature="()" line-rate="1" branch-rate="1" complexity="1">
              <lines>
                <line number="9" hits="2" branch="False" />
              </lines>
            </method>
            <method name="get_MarketDatabasePath" signature="()" line-rate="1" branch-rate="1" complexity="1">
              <lines>
                <line number="10" hits="38" branch="False" />
              </lines>
            </method>
            <method name="FromEnvironment" signature="()" line-rate="1" branch-rate="1" complexity="2">
              <lines>
                <line number="25" hits="9" branch="False" />
                <line number="26" hits="8" branch="False" />
                <line number="27" hits="8" branch="True" condition-coverage="100% (2/2)">
                  <conditions>
                    <condition number="34" type="jump" coverage="100%" />
                  </conditions>
                </line>
                <line number="28" hits="1" branch="False" />
                <line number="30" hits="7" branch="False" />
                <line number="31" hits="7" branch="False" />
              </lines>
            </method>
            <method name="RedisConfiguration" signature="()" line-rate="1" branch-rate="1" complexity="30">
              <lines>
                <line number="36" hits="15" branch="True" condition-coverage="100% (12/12)">
                  <conditions>
                    <condition number="14" type="jump" coverage="100%" />
                    <condition number="32" type="jump" coverage="100%" />
                    <condition number="50" type="jump" coverage="100%" />
                    <condition number="63" type="jump" coverage="100%" />
                    <condition number="81" type="jump" coverage="100%" />
                    <condition number="99" type="jump" coverage="100%" />
                  </conditions>
                </line>
                <line number="37" hits="15" branch="False" />
                <line number="38" hits="15" branch="False" />
                <line number="39" hits="3" branch="False" />
                <line number="41" hits="12" branch="False" />
                <line number="42" hits="12" branch="False" />
                <line number="43" hits="12" branch="True" condition-coverage="100% (6/6)">
                  <conditions>
                    <condition number="135" type="jump" coverage="100%" />
                    <condition number="174" type="jump" coverage="100%" />
                    <condition number="184" type="jump" coverage="100%" />
                  </conditions>
                </line>
                <line number="44" hits="37" branch="True" condition-coverage="100% (4/4)">
                  <conditions>
                    <condition number="3" type="jump" coverage="100%" />
                    <condition number="8" type="jump" coverage="100%" />
                  </conditions>
                </line>
                <line number="45" hits="4" branch="False" />
                <line number="47" hits="8" branch="False" />
                <line number="48" hits="8" branch="False" />
                <line number="49" hits="8" branch="False" />
                <line number="50" hits="8" branch="False" />
                <line number="51" hits="8" branch="False" />
                <line number="52" hits="8" branch="False" />
                <line number="53" hits="8" branch="False" />
                <line number="54" hits="8" branch="False" />
                <line number="55" hits="8" branch="False" />
                <line number="56" hits="8" branch="True" condition-coverage="100% (2/2)">
                  <conditions>
                    <condition number="300" type="jump" coverage="100%" />
                  </conditions>
                </line>
                <line number="57" hits="8" branch="True" condition-coverage="100% (2/2)">
                  <conditions>
                    <condition number="331" type="jump" coverage="100%" />
                  </conditions>
                </line>
                <line number="59" hits="2" branch="False" />
                <line number="60" hits="4" branch="True" condition-coverage="100% (2/2)">
                  <conditions>
                    <condition number="360" type="jump" coverage="100%" />
                  </conditions>
                </line>
                <line number="61" hits="4" branch="True" condition-coverage="100% (2/2)">
                  <conditions>
                    <condition number="382" type="jump" coverage="100%" />
                  </conditions>
                </line>
                <line number="63" hits="8" branch="False" />
              </lines>
            </method>
            <method name="&lt;FromEnvironment&gt;g__Required|23_0" signature="(System.String)" line-rate="1" branch-rate="1" complexity="2">
              <lines>
                <line number="14" hits="36" branch="True" condition-coverage="100% (2/2)">
                  <conditions>
                    <condition number="7" type="jump" coverage="100%" />
                  </conditions>
                </line>
                <line number="15" hits="36" branch="False" />
              </lines>
            </method>
            <method name="&lt;FromEnvironment&gt;g__Absolute|23_1" signature="(System.String)" line-rate="1" branch-rate="1" complexity="2">
              <lines>
                <line number="19" hits="29" branch="False" />
                <line number="20" hits="29" branch="True" condition-coverage="100% (2/2)">
                  <conditions>
                    <condition number="13" type="jump" coverage="100%" />
                  </conditions>
                </line>
                <line number="21" hits="1" branch="False" />
                <line number="22" hits="28" branch="False" />
              </lines>
            </method>
            <method name=".ctor" signature="(System.String,System.String,System.String,System.String,System.String)" line-rate="1" branch-rate="1" complexity="1">
              <lines>
                <line number="5" hits="37" branch="False" />
              </lines>
            </method>
          </methods>
          <lines>
            <line number="6" hits="16" branch="False" />
            <line number="7" hits="21" branch="False" />
            <line number="8" hits="21" branch="False" />
            <line number="9" hits="2" branch="False" />
            <line number="10" hits="38" branch="False" />
            <line number="25" hits="9" branch="False" />
            <line number="26" hits="8" branch="False" />
            <line number="27" hits="8" branch="True" condition-coverage="100% (2/2)">
              <conditions>
                <condition number="34" type="jump" coverage="100%" />
              </conditions>
            </line>
            <line number="28" hits="1" branch="False" />
            <line number="30" hits="7" branch="False" />
            <line number="31" hits="7" branch="False" />
            <line number="36" hits="15" branch="True" condition-coverage="100% (12/12)">
              <conditions>
                <condition number="14" type="jump" coverage="100%" />
                <condition number="32" type="jump" coverage="100%" />
                <condition number="50" type="jump" coverage="100%" />
                <condition number="63" type="jump" coverage="100%" />
                <condition number="81" type="jump" coverage="100%" />
                <condition number="99" type="jump" coverage="100%" />
              </conditions>
            </line>
            <line number="37" hits="15" branch="False" />
            <line number="38" hits="15" branch="False" />
            <line number="39" hits="3" branch="False" />
            <line number="41" hits="12" branch="False" />
            <line number="42" hits="12" branch="False" />
            <line number="43" hits="12" branch="True" condition-coverage="100% (6/6)">
              <conditions>
                <condition number="135" type="jump" coverage="100%" />
                <condition number="174" type="jump" coverage="100%" />
                <condition number="184" type="jump" coverage="100%" />
              </conditions>
            </line>
            <line number="44" hits="37" branch="True" condition-coverage="100% (4/4)">
              <conditions>
                <condition number="3" type="jump" coverage="100%" />
                <condition number="8" type="jump" coverage="100%" />
              </conditions>
            </line>
            <line number="45" hits="4" branch="False" />
            <line number="47" hits="8" branch="False" />
            <line number="48" hits="8" branch="False" />
            <line number="49" hits="8" branch="False" />
            <line number="50" hits="8" branch="False" />
            <line number="51" hits="8" branch="False" />
            <line number="52" hits="8" branch="False" />
            <line number="53" hits="8" branch="False" />
            <line number="54" hits="8" branch="False" />
            <line number="55" hits="8" branch="False" />
            <line number="56" hits="8" branch="True" condition-coverage="100% (2/2)">
              <conditions>
                <condition number="300" type="jump" coverage="100%" />
              </conditions>
            </line>
            <line number="57" hits="8" branch="True" condition-coverage="100% (2/2)">
              <conditions>
                <condition number="331" type="jump" coverage="100%" />
              </conditions>
            </line>
            <line number="59" hits="2" branch="False" />
            <line number="60" hits="4" branch="True" condition-coverage="100% (2/2)">
              <conditions>
                <condition number="360" type="jump" coverage="100%" />
              </conditions>
            </line>
            <line number="61" hits="4" branch="True" condition-coverage="100% (2/2)">
              <conditions>
                <condition number="382" type="jump" coverage="100%" />
              </conditions>
            </line>
            <line number="63" hits="8" branch="False" />
            <line number="14" hits="36" branch="True" condition-coverage="100% (2/2)">
              <conditions>
                <condition number="7" type="jump" coverage="100%" />
              </conditions>
            </line>
            <line number="15" hits="36" branch="False" />
            <line number="19" hits="29" branch="False" />
            <line number="20" hits="29" branch="True" condition-coverage="100% (2/2)">
              <conditions>
                <condition number="13" type="jump" coverage="100%" />
              </conditions>
            </line>
            <line number="21" hits="1" branch="False" />
            <line number="22" hits="28" branch="False" />
            <line number="5" hits="37" branch="False" />
          </lines>
        </class>
        <class name="LineupWorker.LineupWorkerService" filename="Worker.cs" line-rate="0.86" branch-rate="0.8332999999999999" complexity="9">
          <methods>
            <method name="OnLineupDropped" signature="(System.ValueTuple`2&lt;LineupWorker.Models.LineupEvent,System.DateTimeOffset&gt;)" line-rate="0.8332999999999999" branch-rate="1" complexity="1">
              <lines>
                <line number="183" hits="1" branch="False" />
                <line number="184" hits="1" branch="False" />
                <line number="185" hits="1" branch="False" />
                <line number="186" hits="0" branch="False" />
                <line number="187" hits="1" branch="False" />
                <line number="188" hits="1" branch="False" />
              </lines>
            </method>
            <method name="&lt;ExecuteAsync&gt;b__16_0" signature="(StackExchange.Redis.ChannelMessage)" line-rate="0.6875" branch-rate="0.8332999999999999" complexity="6">
              <lines>
                <line number="100" hits="6" branch="False" />
                <line number="101" hits="6" branch="False" />
                <line number="102" hits="7" branch="True" condition-coverage="100% (2/2)">
                  <conditions>
                    <condition number="21" type="jump" coverage="100%" />
                  </conditions>
                </line>
                <line number="105" hits="5" branch="False" />
                <line number="106" hits="5" branch="True" condition-coverage="100% (2/2)">
                  <conditions>
                    <condition number="46" type="jump" coverage="100%" />
                  </conditions>
                </line>
                <line number="110" hits="3" branch="True" condition-coverage="50% (1/2)">
                  <conditions>
                    <condition number="73" type="jump" coverage="50%" />
                  </conditions>
                </line>
                <line number="112" hits="0" branch="False" />
                <line number="113" hits="0" branch="False" />
                <line number="114" hits="0" branch="False" />
                <line number="115" hits="0" branch="False" />
                <line number="116" hits="0" branch="False" />
                <line number="118" hits="3" branch="False" />
                <line number="119" hits="1" branch="False" />
                <line number="121" hits="1" branch="False" />
                <line number="122" hits="1" branch="False" />
                <line number="123" hits="8" branch="False" />
              </lines>
            </method>
            <method name="&lt;ExecuteAsync&gt;b__16_1" signature="()" line-rate="0" branch-rate="1" complexity="1">
              <lines>
                <line number="134" hits="0" branch="False" />
              </lines>
            </method>
            <method name=".ctor" signature="(Microsoft.Extensions.Logging.ILogger`1&lt;LineupWorker.LineupWorkerService&gt;,LineupWorker.Services.VorpStateService,LineupWorker.Services.LatencyAuditService,LineupWorker.Services.MarketStateEngine,StackExchange.Redis.IConnectionMultiplexer,Microsoft.Extensions.Configuration.IConfiguration,LineupWorker.Services.WorkerHealth)" line-rate="1" branch-rate="1" complexity="1">
              <lines>
                <line number="53" hits="21" branch="False" />
                <line number="54" hits="21" branch="False" />
                <line number="55" hits="21" branch="False" />
                <line number="56" hits="21" branch="False" />
                <line number="57" hits="21" branch="False" />
                <line number="58" hits="21" branch="False" />
                <line number="59" hits="21" branch="False" />
                <line number="60" hits="21" branch="False" />
                <line number="62" hits="21" branch="False" />
                <line number="63" hits="21" branch="False" />
                <line number="64" hits="21" branch="False" />
                <line number="65" hits="21" branch="False" />
                <line number="66" hits="21" branch="False" />
                <line number="67" hits="21" branch="False" />
                <line number="68" hits="21" branch="False" />
                <line number="69" hits="21" branch="False" />
                <line number="70" hits="21" branch="False" />
                <line number="71" hits="21" branch="False" />
                <line number="72" hits="21" branch="False" />
                <line number="74" hits="21" branch="False" />
                <line number="75" hits="21" branch="False" />
                <line number="76" hits="21" branch="False" />
                <line number="77" hits="21" branch="False" />
                <line number="78" hits="21" branch="False" />
                <line number="79" hits="21" branch="False" />
                <line number="80" hits="21" branch="False" />
                <line number="81" hits="21" branch="False" />
              </lines>
            </method>
          </methods>
          <lines>
            <line number="183" hits="1" branch="False" />
            <line number="184" hits="1" branch="False" />
            <line number="185" hits="1" branch="False" />
            <line number="186" hits="0" branch="False" />
            <line number="187" hits="1" branch="False" />
            <line number="188" hits="1" branch="False" />
            <line number="100" hits="6" branch="False" />
            <line number="101" hits="6" branch="False" />
            <line number="102" hits="7" branch="True" condition-coverage="100% (2/2)">
              <conditions>
                <condition number="21" type="jump" coverage="100%" />
              </conditions>
            </line>
            <line number="105" hits="5" branch="False" />
            <line number="106" hits="5" branch="True" condition-coverage="100% (2/2)">
              <conditions>
                <condition number="46" type="jump" coverage="100%" />
              </conditions>
            </line>
            <line number="110" hits="3" branch="True" condition-coverage="50% (1/2)">
              <conditions>
                <condition number="73" type="jump" coverage="50%" />
              </conditions>
            </line>
            <line number="112" hits="0" branch="False" />
            <line number="113" hits="0" branch="False" />
            <line number="114" hits="0" branch="False" />
            <line number="115" hits="0" branch="False" />
            <line number="116" hits="0" branch="False" />
            <line number="118" hits="3" branch="False" />
            <line number="119" hits="1" branch="False" />
            <line number="121" hits="1" branch="False" />
            <line number="122" hits="1" branch="False" />
            <line number="123" hits="8" branch="False" />
            <line number="134" hits="0" branch="False" />
            <line number="53" hits="21" branch="False" />
            <line number="54" hits="21" branch="False" />
            <line number="55" hits="21" branch="False" />
            <line number="56" hits="21" branch="False" />
            <line number="57" hits="21" branch="False" />
            <line number="58" hits="21" branch="False" />
            <line number="59" hits="21" branch="False" />
            <line number="60" hits="21" branch="False" />
            <line number="62" hits="21" branch="False" />
            <line number="63" hits="21" branch="False" />
            <line number="64" hits="21" branch="False" />
            <line number="65" hits="21" branch="False" />
            <line number="66" hits="21" branch="False" />
            <line number="67" hits="21" branch="False" />
            <line number="68" hits="21" branch="False" />
            <line number="69" hits="21" branch="False" />
            <line number="70" hits="21" branch="False" />
            <line number="71" hits="21" branch="False" />
            <line number="72" hits="21" branch="False" />
            <line number="74" hits="21" branch="False" />
            <line number="75" hits="21" branch="False" />
            <line number="76" hits="21" branch="False" />
            <line number="77" hits="21" branch="False" />
            <line number="78" hits="21" branch="False" />
            <line number="79" hits="21" branch="False" />
            <line number="80" hits="21" branch="False" />
            <line number="81" hits="21" branch="False" />
          </lines>
        </class>
        <class name="LineupWorker.LineupWorkerService/&lt;&gt;c" filename="Worker.cs" line-rate="1" branch-rate="1" complexity="2">
          <methods>
            <method name="&lt;HandleLineupAsync&gt;b__19_1" signature="(System.String)" line-rate="1" branch-rate="1" complexity="1">
              <lines>
                <line number="210" hits="360" branch="False" />
              </lines>
            </method>
            <method name="&lt;ApplyTimeoutAsync&gt;b__22_0" signature="(LineupWorker.Models.VarianceWideningSignal)" line-rate="1" branch-rate="1" complexity="1">
              <lines>
                <line number="386" hits="4" branch="False" />
              </lines>
            </method>
          </methods>
          <lines>
            <line number="210" hits="360" branch="False" />
            <line number="386" hits="4" branch="False" />
          </lines>
        </class>
        <class name="LineupWorker.LineupWorkerService/&lt;&gt;c__DisplayClass19_0" filename="Worker.cs" line-rate="0.5" branch-rate="1" complexity="2">
          <methods>
            <method name="&lt;HandleLineupAsync&gt;b__0" signature="(System.String)" line-rate="1" branch-rate="1" complexity="1">
              <lines>
                <line number="202" hits="36" branch="False" />
              </lines>
            </method>
            <method name="&lt;HandleLineupAsync&gt;b__2" signature="(System.Threading.Tasks.Task)" line-rate="0" branch-rate="1" complexity="1">
              <lines>
                <line number="288" hits="0" branch="False" />
              </lines>
            </method>
          </methods>
          <lines>
            <line number="202" hits="36" branch="False" />
            <line number="288" hits="0" branch="False" />
          </lines>
        </class>
        <class name="LineupWorker.LineupWorkerService/&lt;ApplyTimeoutAsync&gt;d__22" filename="Worker.cs" line-rate="0.9068999999999999" branch-rate="0.6388" complexity="36">
          <methods>
            <method name="MoveNext" signature="()" line-rate="0.9068999999999999" branch-rate="0.6388" complexity="36">
              <lines>
                <line number="348" hits="2" branch="False" />
                <line number="349" hits="2" branch="False" />
                <line number="350" hits="2" branch="True" condition-coverage="50% (1/2)">
                  <conditions>
                    <condition number="308" type="jump" coverage="50%" />
                  </conditions>
                </line>
                <line number="352" hits="0" branch="False" />
                <line number="353" hits="0" branch="False" />
                <line number="355" hits="2" branch="True" condition-coverage="50% (1/2)">
                  <conditions>
                    <condition number="453" type="jump" coverage="50%" />
                  </conditions>
                </line>
                <line number="356" hits="2" branch="False" />
                <line number="357" hits="2" branch="True" condition-coverage="50% (1/2)">
                  <conditions>
                    <condition number="494" type="jump" coverage="50%" />
                  </conditions>
                </line>
                <line number="358" hits="2" branch="False" />
                <line number="359" hits="2" branch="False" />
                <line number="360" hits="2" branch="True" condition-coverage="58.33% (7/12)">
                  <conditions>
                    <condition number="539" type="jump" coverage="100%" />
                    <condition number="543" type="jump" coverage="50%" />
                    <condition number="565" type="jump" coverage="50%" />
                    <condition number="612" type="jump" coverage="50%" />
                    <condition number="621" type="jump" coverage="50%" />
                    <condition number="647" type="jump" coverage="50%" />
                  </conditions>
                </line>
                <line number="361" hits="2" branch="False" />
                <line number="362" hits="2" branch="False" />
                <line number="364" hits="0" branch="False" />
                <line number="365" hits="0" branch="False" />
                <line number="367" hits="2" branch="False" />
                <line number="368" hits="2" branch="False" />
                <line number="369" hits="12" branch="True" condition-coverage="66.66% (4/6)">
                  <conditions>
                    <condition number="854" type="jump" coverage="50%" />
                    <condition number="893" type="jump" coverage="50%" />
                    <condition number="1024" type="jump" coverage="100%" />
                  </conditions>
                </line>
                <line number="370" hits="2" branch="False" />
                <line number="371" hits="2" branch="False" />
                <line number="372" hits="2" branch="False" />
                <line number="373" hits="2" branch="False" />
                <line number="375" hits="4" branch="True" condition-coverage="100% (2/2)">
                  <conditions>
                    <condition number="952" type="jump" coverage="100%" />
                  </conditions>
                </line>
                <line number="376" hits="2" branch="True" condition-coverage="100% (2/2)">
                  <conditions>
                    <condition number="988" type="jump" coverage="100%" />
                  </conditions>
                </line>
                <line number="377" hits="2" branch="False" />
                <line number="379" hits="2" branch="False" />
                <line number="380" hits="2" branch="True" condition-coverage="50% (2/4)">
                  <conditions>
                    <condition number="1087" type="jump" coverage="50%" />
                    <condition number="1119" type="jump" coverage="50%" />
                  </conditions>
                </line>
                <line number="381" hits="2" branch="False" />
                <line number="382" hits="2" branch="False" />
                <line number="383" hits="2" branch="False" />
                <line number="384" hits="2" branch="False" />
                <line number="385" hits="2" branch="False" />
                <line number="387" hits="2" branch="False" />
                <line number="388" hits="2" branch="False" />
                <line number="389" hits="2" branch="False" />
                <line number="390" hits="2" branch="False" />
                <line number="391" hits="2" branch="False" />
                <line number="392" hits="2" branch="True" condition-coverage="50% (1/2)">
                  <conditions>
                    <condition number="1552" type="jump" coverage="50%" />
                  </conditions>
                </line>
                <line number="393" hits="8" branch="True" condition-coverage="100% (2/2)">
                  <conditions>
                    <condition number="1687" type="jump" coverage="100%" />
                  </conditions>
                </line>
                <line number="395" hits="2" branch="False" />
                <line number="396" hits="2" branch="False" />
                <line number="397" hits="2" branch="False" />
                <line number="399" hits="2" branch="False" />
              </lines>
            </method>
          </methods>
          <lines>
            <line number="348" hits="2" branch="False" />
            <line number="349" hits="2" branch="False" />
            <line number="350" hits="2" branch="True" condition-coverage="50% (1/2)">
              <conditions>
                <condition number="308" type="jump" coverage="50%" />
              </conditions>
            </line>
            <line number="352" hits="0" branch="False" />
            <line number="353" hits="0" branch="False" />
            <line number="355" hits="2" branch="True" condition-coverage="50% (1/2)">
              <conditions>
                <condition number="453" type="jump" coverage="50%" />
              </conditions>
            </line>
            <line number="356" hits="2" branch="False" />
            <line number="357" hits="2" branch="True" condition-coverage="50% (1/2)">
              <conditions>
                <condition number="494" type="jump" coverage="50%" />
              </conditions>
            </line>
            <line number="358" hits="2" branch="False" />
            <line number="359" hits="2" branch="False" />
            <line number="360" hits="2" branch="True" condition-coverage="58.33% (7/12)">
              <conditions>
                <condition number="539" type="jump" coverage="100%" />
                <condition number="543" type="jump" coverage="50%" />
                <condition number="565" type="jump" coverage="50%" />
                <condition number="612" type="jump" coverage="50%" />
                <condition number="621" type="jump" coverage="50%" />
                <condition number="647" type="jump" coverage="50%" />
              </conditions>
            </line>
            <line number="361" hits="2" branch="False" />
            <line number="362" hits="2" branch="False" />
            <line number="364" hits="0" branch="False" />
            <line number="365" hits="0" branch="False" />
            <line number="367" hits="2" branch="False" />
            <line number="368" hits="2" branch="False" />
            <line number="369" hits="12" branch="True" condition-coverage="66.66% (4/6)">
              <conditions>
                <condition number="854" type="jump" coverage="50%" />
                <condition number="893" type="jump" coverage="50%" />
                <condition number="1024" type="jump" coverage="100%" />
              </conditions>
            </line>
            <line number="370" hits="2" branch="False" />
            <line number="371" hits="2" branch="False" />
            <line number="372" hits="2" branch="False" />
            <line number="373" hits="2" branch="False" />
            <line number="375" hits="4" branch="True" condition-coverage="100% (2/2)">
              <conditions>
                <condition number="952" type="jump" coverage="100%" />
              </conditions>
            </line>
            <line number="376" hits="2" branch="True" condition-coverage="100% (2/2)">
              <conditions>
                <condition number="988" type="jump" coverage="100%" />
              </conditions>
            </line>
            <line number="377" hits="2" branch="False" />
            <line number="379" hits="2" branch="False" />
            <line number="380" hits="2" branch="True" condition-coverage="50% (2/4)">
              <conditions>
                <condition number="1087" type="jump" coverage="50%" />
                <condition number="1119" type="jump" coverage="50%" />
              </conditions>
            </line>
            <line number="381" hits="2" branch="False" />
            <line number="382" hits="2" branch="False" />
            <line number="383" hits="2" branch="False" />
            <line number="384" hits="2" branch="False" />
            <line number="385" hits="2" branch="False" />
            <line number="387" hits="2" branch="False" />
            <line number="388" hits="2" branch="False" />
            <line number="389" hits="2" branch="False" />
            <line number="390" hits="2" branch="False" />
            <line number="391" hits="2" branch="False" />
            <line number="392" hits="2" branch="True" condition-coverage="50% (1/2)">
              <conditions>
                <condition number="1552" type="jump" coverage="50%" />
              </conditions>
            </line>
            <line number="393" hits="8" branch="True" condition-coverage="100% (2/2)">
              <conditions>
                <condition number="1687" type="jump" coverage="100%" />
              </conditions>
            </line>
            <line number="395" hits="2" branch="False" />
            <line number="396" hits="2" branch="False" />
            <line number="397" hits="2" branch="False" />
            <line number="399" hits="2" branch="False" />
          </lines>
        </class>
        <class name="LineupWorker.LineupWorkerService/&lt;ExecuteAsync&gt;d__16" filename="Worker.cs" line-rate="0.862" branch-rate="0.625" complexity="8">
          <methods>
            <method name="MoveNext" signature="()" line-rate="0.862" branch-rate="0.625" complexity="8">
              <lines>
                <line number="85" hits="4" branch="True" condition-coverage="100% (2/2)">
                  <conditions>
                    <condition number="178" type="jump" coverage="100%" />
                  </conditions>
                </line>
                <line number="87" hits="1" branch="False" />
                <line number="88" hits="1" branch="False" />
                <line number="91" hits="3" branch="False" />
                <line number="96" hits="3" branch="False" />
                <line number="97" hits="3" branch="False" />
                <line number="98" hits="3" branch="False" />
                <line number="99" hits="3" branch="False" />
                <line number="103" hits="3" branch="False" />
                <line number="104" hits="3" branch="False" />
                <line number="107" hits="3" branch="False" />
                <line number="108" hits="3" branch="False" />
                <line number="109" hits="3" branch="False" />
                <line number="111" hits="3" branch="False" />
                <line number="117" hits="3" branch="False" />
                <line number="120" hits="3" branch="False" />
                <line number="125" hits="3" branch="False" />
                <line number="129" hits="3" branch="True" condition-coverage="50% (1/2)">
                  <conditions>
                    <condition number="493" type="jump" coverage="50%" />
                  </conditions>
                </line>
                <line number="130" hits="3" branch="False" />
                <line number="131" hits="3" branch="False" />
                <line number="132" hits="3" branch="False" />
                <line number="133" hits="3" branch="False" />
                <line number="135" hits="3" branch="False" />
                <line number="139" hits="3" branch="True" condition-coverage="50% (1/2)">
                  <conditions>
                    <condition number="648" type="jump" coverage="50%" />
                  </conditions>
                </line>
                <line number="141" hits="0" branch="False" />
                <line number="142" hits="0" branch="False" />
                <line number="144" hits="6" branch="False" />
                <line number="145" hits="0" branch="True" condition-coverage="50% (1/2)">
                  <conditions>
                    <condition number="929" type="jump" coverage="50%" />
                  </conditions>
                </line>
                <line number="147" hits="0" branch="False" />
              </lines>
            </method>
          </methods>
          <lines>
            <line number="85" hits="4" branch="True" condition-coverage="100% (2/2)">
              <conditions>
                <condition number="178" type="jump" coverage="100%" />
              </conditions>
            </line>
            <line number="87" hits="1" branch="False" />
            <line number="88" hits="1" branch="False" />
            <line number="91" hits="3" branch="False" />
            <line number="96" hits="3" branch="False" />
            <line number="97" hits="3" branch="False" />
            <line number="98" hits="3" branch="False" />
            <line number="99" hits="3" branch="False" />
            <line number="103" hits="3" branch="False" />
            <line number="104" hits="3" branch="False" />
            <line number="107" hits="3" branch="False" />
            <line number="108" hits="3" branch="False" />
            <line number="109" hits="3" branch="False" />
            <line number="111" hits="3" branch="False" />
            <line number="117" hits="3" branch="False" />
            <line number="120" hits="3" branch="False" />
            <line number="125" hits="3" branch="False" />
            <line number="129" hits="3" branch="True" condition-coverage="50% (1/2)">
              <conditions>
                <condition number="493" type="jump" coverage="50%" />
              </conditions>
            </line>
            <line number="130" hits="3" branch="False" />
            <line number="131" hits="3" branch="False" />
            <line number="132" hits="3" branch="False" />
            <line number="133" hits="3" branch="False" />
            <line number="135" hits="3" branch="False" />
            <line number="139" hits="3" branch="True" condition-coverage="50% (1/2)">
              <conditions>
                <condition number="648" type="jump" coverage="50%" />
              </conditions>
            </line>
            <line number="141" hits="0" branch="False" />
            <line number="142" hits="0" branch="False" />
            <line number="144" hits="6" branch="False" />
            <line number="145" hits="0" branch="True" condition-coverage="50% (1/2)">
              <conditions>
                <condition number="929" type="jump" coverage="50%" />
              </conditions>
            </line>
            <line number="147" hits="0" branch="False" />
          </lines>
        </class>
        <class name="LineupWorker.LineupWorkerService/&lt;HandleLineupAsync&gt;d__19" filename="Worker.cs" line-rate="0.9743" branch-rate="0.8571" complexity="56">
          <methods>
            <method name="MoveNext" signature="()" line-rate="0.9743" branch-rate="0.8571" complexity="56">
              <lines>
                <line number="192" hits="39" branch="True" condition-coverage="50% (1/2)">
                  <conditions>
                    <condition number="75" type="jump" coverage="50%" />
                  </conditions>
                </line>
                <line number="193" hits="0" branch="False" />
                <line number="197" hits="39" branch="True" condition-coverage="100% (2/2)">
                  <conditions>
                    <condition number="121" type="jump" coverage="100%" />
                  </conditions>
                </line>
                <line number="199" hits="8" branch="False" />
                <line number="200" hits="3" branch="False" />
                <line number="201" hits="3" branch="False" />
                <line number="206" hits="31" branch="True" condition-coverage="100% (2/2)">
                  <conditions>
                    <condition number="273" type="jump" coverage="100%" />
                  </conditions>
                </line>
                <line number="207" hits="1" branch="False" />
                <line number="208" hits="30" branch="False" />
                <line number="209" hits="30" branch="False" />
                <line number="212" hits="33" branch="False" />
                <line number="214" hits="33" branch="False" />
                <line number="215" hits="33" branch="False" />
                <line number="216" hits="33" branch="False" />
                <line number="217" hits="33" branch="False" />
                <line number="221" hits="34" branch="False" />
                <line number="222" hits="34" branch="False" />
                <line number="223" hits="34" branch="True" condition-coverage="75% (3/4)">
                  <conditions>
                    <condition number="637" type="jump" coverage="100%" />
                    <condition number="723" type="jump" coverage="50%" />
                  </conditions>
                </line>
                <line number="224" hits="34" branch="False" />
                <line number="225" hits="34" branch="False" />
                <line number="226" hits="34" branch="False" />
                <line number="227" hits="34" branch="True" condition-coverage="50% (1/2)">
                  <conditions>
                    <condition number="762" type="jump" coverage="50%" />
                  </conditions>
                </line>
                <line number="228" hits="34" branch="True" condition-coverage="80% (8/10)">
                  <conditions>
                    <condition number="786" type="jump" coverage="100%" />
                    <condition number="806" type="jump" coverage="100%" />
                    <condition number="814" type="jump" coverage="50%" />
                    <condition number="832" type="jump" coverage="50%" />
                    <condition number="841" type="jump" coverage="100%" />
                  </conditions>
                </line>
                <line number="229" hits="34" branch="False" />
                <line number="230" hits="1" branch="False" />
                <line number="231" hits="33" branch="True" condition-coverage="75% (6/8)">
                  <conditions>
                    <condition number="861" type="jump" coverage="100%" />
                    <condition number="886" type="jump" coverage="50%" />
                    <condition number="895" type="jump" coverage="100%" />
                    <condition number="920" type="jump" coverage="50%" />
                  </conditions>
                </line>
                <line number="232" hits="33" branch="False" />
                <line number="233" hits="0" branch="False" />
                <line number="234" hits="33" branch="True" condition-coverage="100% (2/2)">
                  <conditions>
                    <condition number="954" type="jump" coverage="100%" />
                  </conditions>
                </line>
                <line number="235" hits="33" branch="True" condition-coverage="100% (2/2)">
                  <conditions>
                    <condition number="995" type="jump" coverage="100%" />
                  </conditions>
                </line>
                <line number="236" hits="33" branch="True" condition-coverage="100% (4/4)">
                  <conditions>
                    <condition number="1022" type="jump" coverage="100%" />
                    <condition number="1050" type="jump" coverage="100%" />
                  </conditions>
                </line>
                <line number="238" hits="6" branch="True" condition-coverage="100% (4/4)">
                  <conditions>
                    <condition number="1079" type="jump" coverage="100%" />
                    <condition number="1094" type="jump" coverage="100%" />
                  </conditions>
                </line>
                <line number="239" hits="6" branch="False" />
                <line number="240" hits="6" branch="True" condition-coverage="100% (2/2)">
                  <conditions>
                    <condition number="1136" type="jump" coverage="100%" />
                  </conditions>
                </line>
                <line number="242" hits="6" branch="False" />
                <line number="243" hits="6" branch="True" condition-coverage="100% (2/2)">
                  <conditions>
                    <condition number="1395" type="jump" coverage="100%" />
                  </conditions>
                </line>
                <line number="245" hits="6" branch="False" />
                <line number="246" hits="6" branch="False" />
                <line number="248" hits="27" branch="True" condition-coverage="100% (2/2)">
                  <conditions>
                    <condition number="1480" type="jump" coverage="100%" />
                  </conditions>
                </line>
                <line number="249" hits="27" branch="False" />
                <line number="250" hits="27" branch="True" condition-coverage="100% (2/2)">
                  <conditions>
                    <condition number="1546" type="jump" coverage="100%" />
                  </conditions>
                </line>
                <line number="251" hits="27" branch="False" />
                <line number="252" hits="27" branch="False" />
                <line number="253" hits="27" branch="False" />
                <line number="254" hits="27" branch="False" />
                <line number="255" hits="27" branch="False" />
                <line number="256" hits="27" branch="False" />
                <line number="257" hits="27" branch="False" />
                <line number="258" hits="27" branch="False" />
                <line number="259" hits="27" branch="False" />
                <line number="260" hits="27" branch="False" />
                <line number="263" hits="27" branch="True" condition-coverage="100% (2/2)">
                  <conditions>
                    <condition number="1894" type="jump" coverage="100%" />
                  </conditions>
                </line>
                <line number="264" hits="27" branch="False" />
                <line number="265" hits="27" branch="False" />
                <line number="266" hits="20" branch="True" condition-coverage="100% (2/2)">
                  <conditions>
                    <condition number="2055" type="jump" coverage="100%" />
                  </conditions>
                </line>
                <line number="267" hits="19" branch="True" condition-coverage="50% (1/2)">
                  <conditions>
                    <condition number="2077" type="jump" coverage="50%" />
                  </conditions>
                </line>
                <line number="271" hits="19" branch="False" />
                <line number="274" hits="19" branch="False" />
                <line number="275" hits="19" branch="False" />
                <line number="276" hits="19" branch="False" />
                <line number="277" hits="19" branch="False" />
                <line number="278" hits="19" branch="False" />
                <line number="279" hits="19" branch="False" />
                <line number="280" hits="19" branch="False" />
                <line number="281" hits="19" branch="False" />
                <line number="282" hits="19" branch="False" />
                <line number="283" hits="19" branch="False" />
                <line number="284" hits="19" branch="False" />
                <line number="285" hits="19" branch="False" />
                <line number="287" hits="19" branch="False" />
                <line number="289" hits="19" branch="False" />
                <line number="291" hits="19" branch="False" />
                <line number="292" hits="19" branch="False" />
                <line number="293" hits="19" branch="False" />
                <line number="294" hits="19" branch="False" />
                <line number="295" hits="19" branch="False" />
                <line number="296" hits="19" branch="False" />
                <line number="297" hits="25" branch="False" />
              </lines>
            </method>
          </methods>
          <lines>
            <line number="192" hits="39" branch="True" condition-coverage="50% (1/2)">
              <conditions>
                <condition number="75" type="jump" coverage="50%" />
              </conditions>
            </line>
            <line number="193" hits="0" branch="False" />
            <line number="197" hits="39" branch="True" condition-coverage="100% (2/2)">
              <conditions>
                <condition number="121" type="jump" coverage="100%" />
              </conditions>
            </line>
            <line number="199" hits="8" branch="False" />
            <line number="200" hits="3" branch="False" />
            <line number="201" hits="3" branch="False" />
            <line number="206" hits="31" branch="True" condition-coverage="100% (2/2)">
              <conditions>
                <condition number="273" type="jump" coverage="100%" />
              </conditions>
            </line>
            <line number="207" hits="1" branch="False" />
            <line number="208" hits="30" branch="False" />
            <line number="209" hits="30" branch="False" />
            <line number="212" hits="33" branch="False" />
            <line number="214" hits="33" branch="False" />
            <line number="215" hits="33" branch="False" />
            <line number="216" hits="33" branch="False" />
            <line number="217" hits="33" branch="False" />
            <line number="221" hits="34" branch="False" />
            <line number="222" hits="34" branch="False" />
            <line number="223" hits="34" branch="True" condition-coverage="75% (3/4)">
              <conditions>
                <condition number="637" type="jump" coverage="100%" />
                <condition number="723" type="jump" coverage="50%" />
              </conditions>
            </line>
            <line number="224" hits="34" branch="False" />
            <line number="225" hits="34" branch="False" />
            <line number="226" hits="34" branch="False" />
            <line number="227" hits="34" branch="True" condition-coverage="50% (1/2)">
              <conditions>
                <condition number="762" type="jump" coverage="50%" />
              </conditions>
            </line>
            <line number="228" hits="34" branch="True" condition-coverage="80% (8/10)">
              <conditions>
                <condition number="786" type="jump" coverage="100%" />
                <condition number="806" type="jump" coverage="100%" />
                <condition number="814" type="jump" coverage="50%" />
                <condition number="832" type="jump" coverage="50%" />
                <condition number="841" type="jump" coverage="100%" />
              </conditions>
            </line>
            <line number="229" hits="34" branch="False" />
            <line number="230" hits="1" branch="False" />
            <line number="231" hits="33" branch="True" condition-coverage="75% (6/8)">
              <conditions>
                <condition number="861" type="jump" coverage="100%" />
                <condition number="886" type="jump" coverage="50%" />
                <condition number="895" type="jump" coverage="100%" />
                <condition number="920" type="jump" coverage="50%" />
              </conditions>
            </line>
            <line number="232" hits="33" branch="False" />
            <line number="233" hits="0" branch="False" />
            <line number="234" hits="33" branch="True" condition-coverage="100% (2/2)">
              <conditions>
                <condition number="954" type="jump" coverage="100%" />
              </conditions>
            </line>
            <line number="235" hits="33" branch="True" condition-coverage="100% (2/2)">
              <conditions>
                <condition number="995" type="jump" coverage="100%" />
              </conditions>
            </line>
            <line number="236" hits="33" branch="True" condition-coverage="100% (4/4)">
              <conditions>
                <condition number="1022" type="jump" coverage="100%" />
                <condition number="1050" type="jump" coverage="100%" />
              </conditions>
            </line>
            <line number="238" hits="6" branch="True" condition-coverage="100% (4/4)">
              <conditions>
                <condition number="1079" type="jump" coverage="100%" />
                <condition number="1094" type="jump" coverage="100%" />
              </conditions>
            </line>
            <line number="239" hits="6" branch="False" />
            <line number="240" hits="6" branch="True" condition-coverage="100% (2/2)">
              <conditions>
                <condition number="1136" type="jump" coverage="100%" />
              </conditions>
            </line>
            <line number="242" hits="6" branch="False" />
            <line number="243" hits="6" branch="True" condition-coverage="100% (2/2)">
              <conditions>
                <condition number="1395" type="jump" coverage="100%" />
              </conditions>
            </line>
            <line number="245" hits="6" branch="False" />
            <line number="246" hits="6" branch="False" />
            <line number="248" hits="27" branch="True" condition-coverage="100% (2/2)">
              <conditions>
                <condition number="1480" type="jump" coverage="100%" />
              </conditions>
            </line>
            <line number="249" hits="27" branch="False" />
            <line number="250" hits="27" branch="True" condition-coverage="100% (2/2)">
              <conditions>
                <condition number="1546" type="jump" coverage="100%" />
              </conditions>
            </line>
            <line number="251" hits="27" branch="False" />
            <line number="252" hits="27" branch="False" />
            <line number="253" hits="27" branch="False" />
            <line number="254" hits="27" branch="False" />
            <line number="255" hits="27" branch="False" />
            <line number="256" hits="27" branch="False" />
            <line number="257" hits="27" branch="False" />
            <line number="258" hits="27" branch="False" />
            <line number="259" hits="27" branch="False" />
            <line number="260" hits="27" branch="False" />
            <line number="263" hits="27" branch="True" condition-coverage="100% (2/2)">
              <conditions>
                <condition number="1894" type="jump" coverage="100%" />
              </conditions>
            </line>
            <line number="264" hits="27" branch="False" />
            <line number="265" hits="27" branch="False" />
            <line number="266" hits="20" branch="True" condition-coverage="100% (2/2)">
              <conditions>
                <condition number="2055" type="jump" coverage="100%" />
              </conditions>
            </line>
            <line number="267" hits="19" branch="True" condition-coverage="50% (1/2)">
              <conditions>
                <condition number="2077" type="jump" coverage="50%" />
              </conditions>
            </line>
            <line number="271" hits="19" branch="False" />
            <line number="274" hits="19" branch="False" />
            <line number="275" hits="19" branch="False" />
            <line number="276" hits="19" branch="False" />
            <line number="277" hits="19" branch="False" />
            <line number="278" hits="19" branch="False" />
            <line number="279" hits="19" branch="False" />
            <line number="280" hits="19" branch="False" />
            <line number="281" hits="19" branch="False" />
            <line number="282" hits="19" branch="False" />
            <line number="283" hits="19" branch="False" />
            <line number="284" hits="19" branch="False" />
            <line number="285" hits="19" branch="False" />
            <line number="287" hits="19" branch="False" />
            <line number="289" hits="19" branch="False" />
            <line number="291" hits="19" branch="False" />
            <line number="292" hits="19" branch="False" />
            <line number="293" hits="19" branch="False" />
            <line number="294" hits="19" branch="False" />
            <line number="295" hits="19" branch="False" />
            <line number="296" hits="19" branch="False" />
            <line number="297" hits="25" branch="False" />
          </lines>
        </class>
        <class name="LineupWorker.LineupWorkerService/&lt;ProcessQueueAsync&gt;d__17" filename="Worker.cs" line-rate="0.9229999999999999" branch-rate="1" complexity="4">
          <methods>
            <method name="MoveNext" signature="()" line-rate="0.9229999999999999" branch-rate="1" complexity="4">
              <lines>
                <line number="157" hits="28" branch="True" condition-coverage="100% (2/2)">
                  <conditions>
                    <condition number="776" type="jump" coverage="100%" />
                  </conditions>
                </line>
                <line number="159" hits="22" branch="True" condition-coverage="100% (2/2)">
                  <conditions>
                    <condition number="657" type="jump" coverage="100%" />
                  </conditions>
                </line>
                <line number="163" hits="11" branch="False" />
                <line number="164" hits="5" branch="False" />
                <line number="166" hits="0" branch="False" />
                <line number="167" hits="6" branch="False" />
                <line number="169" hits="4" branch="False" />
                <line number="170" hits="4" branch="False" />
                <line number="172" hits="2" branch="False" />
                <line number="174" hits="2" branch="False" />
                <line number="175" hits="2" branch="False" />
                <line number="178" hits="7" branch="False" />
                <line number="179" hits="4" branch="False" />
              </lines>
            </method>
          </methods>
          <lines>
            <line number="157" hits="28" branch="True" condition-coverage="100% (2/2)">
              <conditions>
                <condition number="776" type="jump" coverage="100%" />
              </conditions>
            </line>
            <line number="159" hits="22" branch="True" condition-coverage="100% (2/2)">
              <conditions>
                <condition number="657" type="jump" coverage="100%" />
              </conditions>
            </line>
            <line number="163" hits="11" branch="False" />
            <line number="164" hits="5" branch="False" />
            <line number="166" hits="0" branch="False" />
            <line number="167" hits="6" branch="False" />
            <line number="169" hits="4" branch="False" />
            <line number="170" hits="4" branch="False" />
            <line number="172" hits="2" branch="False" />
            <line number="174" hits="2" branch="False" />
            <line number="175" hits="2" branch="False" />
            <line number="178" hits="7" branch="False" />
            <line number="179" hits="4" branch="False" />
          </lines>
        </class>
        <class name="LineupWorker.LineupWorkerService/&lt;SynchronizeWatchdogAsync&gt;d__20" filename="Worker.cs" line-rate="1" branch-rate="0.5" complexity="8">
          <methods>
            <method name="MoveNext" signature="()" line-rate="1" branch-rate="0.5" complexity="8">
              <lines>
                <line number="305" hits="6" branch="True" condition-coverage="50% (4/8)">
                  <conditions>
                    <condition number="122" type="jump" coverage="50%" />
                    <condition number="159" type="jump" coverage="50%" />
                    <condition number="197" type="jump" coverage="50%" />
                    <condition number="234" type="jump" coverage="50%" />
                  </conditions>
                </line>
                <line number="306" hits="6" branch="False" />
                <line number="307" hits="6" branch="False" />
                <line number="308" hits="6" branch="False" />
              </lines>
            </method>
          </methods>
          <lines>
            <line number="305" hits="6" branch="True" condition-coverage="50% (4/8)">
              <conditions>
                <condition number="122" type="jump" coverage="50%" />
                <condition number="159" type="jump" coverage="50%" />
                <condition number="197" type="jump" coverage="50%" />
                <condition number="234" type="jump" coverage="50%" />
              </conditions>
            </line>
            <line number="306" hits="6" branch="False" />
            <line number="307" hits="6" branch="False" />
            <line number="308" hits="6" branch="False" />
          </lines>
        </class>
        <class name="LineupWorker.LineupWorkerService/&lt;TimeoutWatchdogAsync&gt;d__21" filename="Worker.cs" line-rate="0.6666" branch-rate="0.625" complexity="8">
          <methods>
            <method name="MoveNext" signature="()" line-rate="0.6666" branch-rate="0.625" complexity="8">
              <lines>
                <line number="312" hits="4" branch="False" />
                <line number="313" hits="6" branch="True" condition-coverage="50% (1/2)">
                  <conditions>
                    <condition number="878" type="jump" coverage="50%" />
                  </conditions>
                </line>
                <line number="317" hits="6" branch="False" />
                <line number="318" hits="6" branch="True" condition-coverage="50% (1/2)">
                  <conditions>
                    <condition number="234" type="jump" coverage="50%" />
                  </conditions>
                </line>
                <line number="319" hits="6" branch="False" />
                <line number="320" hits="6" branch="False" />
                <line number="321" hits="6" branch="False" />
                <line number="322" hits="6" branch="False" />
                <line number="323" hits="16" branch="True" condition-coverage="100% (2/2)">
                  <conditions>
                    <condition number="586" type="jump" coverage="100%" />
                  </conditions>
                </line>
                <line number="325" hits="2" branch="False" />
                <line number="326" hits="2" branch="False" />
                <line number="327" hits="4" branch="False" />
                <line number="328" hits="0" branch="False" />
                <line number="330" hits="0" branch="False" />
                <line number="331" hits="0" branch="False" />
                <line number="332" hits="2" branch="False" />
                <line number="333" hits="6" branch="False" />
                <line number="334" hits="0" branch="False" />
                <line number="336" hits="0" branch="False" />
                <line number="337" hits="0" branch="False" />
                <line number="338" hits="0" branch="False" />
                <line number="341" hits="6" branch="True" condition-coverage="50% (1/2)">
                  <conditions>
                    <condition number="747" type="jump" coverage="50%" />
                  </conditions>
                </line>
                <line number="342" hits="6" branch="False" />
                <line number="344" hits="0" branch="False" />
              </lines>
            </method>
          </methods>
          <lines>
            <line number="312" hits="4" branch="False" />
            <line number="313" hits="6" branch="True" condition-coverage="50% (1/2)">
              <conditions>
                <condition number="878" type="jump" coverage="50%" />
              </conditions>
            </line>
            <line number="317" hits="6" branch="False" />
            <line number="318" hits="6" branch="True" condition-coverage="50% (1/2)">
              <conditions>
                <condition number="234" type="jump" coverage="50%" />
              </conditions>
            </line>
            <line number="319" hits="6" branch="False" />
            <line number="320" hits="6" branch="False" />
            <line number="321" hits="6" branch="False" />
            <line number="322" hits="6" branch="False" />
            <line number="323" hits="16" branch="True" condition-coverage="100% (2/2)">
              <conditions>
                <condition number="586" type="jump" coverage="100%" />
              </conditions>
            </line>
            <line number="325" hits="2" branch="False" />
            <line number="326" hits="2" branch="False" />
            <line number="327" hits="4" branch="False" />
            <line number="328" hits="0" branch="False" />
            <line number="330" hits="0" branch="False" />
            <line number="331" hits="0" branch="False" />
            <line number="332" hits="2" branch="False" />
            <line number="333" hits="6" branch="False" />
            <line number="334" hits="0" branch="False" />
            <line number="336" hits="0" branch="False" />
            <line number="337" hits="0" branch="False" />
            <line number="338" hits="0" branch="False" />
            <line number="341" hits="6" branch="True" condition-coverage="50% (1/2)">
              <conditions>
                <condition number="747" type="jump" coverage="50%" />
              </conditions>
            </line>
            <line number="342" hits="6" branch="False" />
            <line number="344" hits="0" branch="False" />
          </lines>
        </class>
        <class name="LineupWorker.LineupWorkerService/&lt;TriggerImmediateFallbackAsync&gt;d__23" filename="Worker.cs" line-rate="1" branch-rate="1" complexity="1">
          <methods>
            <method name="MoveNext" signature="()" line-rate="1" branch-rate="1" complexity="1">
              <lines>
                <line number="408" hits="2" branch="False" />
                <line number="409" hits="2" branch="False" />
                <line number="411" hits="2" branch="False" />
                <line number="412" hits="2" branch="False" />
                <line number="413" hits="2" branch="False" />
                <line number="414" hits="2" branch="False" />
                <line number="415" hits="2" branch="False" />
                <line number="416" hits="2" branch="False" />
                <line number="417" hits="2" branch="False" />
                <line number="418" hits="2" branch="False" />
                <line number="419" hits="2" branch="False" />
                <line number="420" hits="2" branch="False" />
                <line number="422" hits="2" branch="False" />
                <line number="423" hits="2" branch="False" />
                <line number="424" hits="2" branch="False" />
                <line number="425" hits="2" branch="False" />
                <line number="426" hits="2" branch="False" />
                <line number="427" hits="2" branch="False" />
                <line number="428" hits="2" branch="False" />
                <line number="429" hits="2" branch="False" />
                <line number="430" hits="2" branch="False" />
                <line number="431" hits="2" branch="False" />
                <line number="432" hits="2" branch="False" />
                <line number="433" hits="2" branch="False" />
                <line number="434" hits="2" branch="False" />
                <line number="435" hits="2" branch="False" />
              </lines>
            </method>
          </methods>
          <lines>
            <line number="408" hits="2" branch="False" />
            <line number="409" hits="2" branch="False" />
            <line number="411" hits="2" branch="False" />
            <line number="412" hits="2" branch="False" />
            <line number="413" hits="2" branch="False" />
            <line number="414" hits="2" branch="False" />
            <line number="415" hits="2" branch="False" />
            <line number="416" hits="2" branch="False" />
            <line number="417" hits="2" branch="False" />
            <line number="418" hits="2" branch="False" />
            <line number="419" hits="2" branch="False" />
            <line number="420" hits="2" branch="False" />
            <line number="422" hits="2" branch="False" />
            <line number="423" hits="2" branch="False" />
            <line number="424" hits="2" branch="False" />
            <line number="425" hits="2" branch="False" />
            <line number="426" hits="2" branch="False" />
            <line number="427" hits="2" branch="False" />
            <line number="428" hits="2" branch="False" />
            <line number="429" hits="2" branch="False" />
            <line number="430" hits="2" branch="False" />
            <line number="431" hits="2" branch="False" />
            <line number="432" hits="2" branch="False" />
            <line number="433" hits="2" branch="False" />
            <line number="434" hits="2" branch="False" />
            <line number="435" hits="2" branch="False" />
          </lines>
        </class>
        <class name="LineupWorker.Services.KernelRegistrationResult" filename="Services/KernelRedisProtocolV2.cs" line-rate="1" branch-rate="1" complexity="1">
          <methods>
            <method name="get_Status" signature="()" line-rate="1" branch-rate="1" complexity="1">
              <lines>
                <line number="264" hits="155" branch="False" />
              </lines>
            </method>
          </methods>
          <lines>
            <line number="264" hits="155" branch="False" />
          </lines>
        </class>
        <class name="LineupWorker.Services.LatencyAuditService" filename="Services/LatencyAuditService.cs" line-rate="0.9166" branch-rate="0.6875" complexity="16">
          <methods>
[...]
            <line number="71" hits="71" branch="False" />
            <line number="72" hits="71" branch="False" />
            <line number="73" hits="71" branch="False" />
            <line number="74" hits="71" branch="False" />
            <line number="75" hits="71" branch="False" />
            <line number="76" hits="71" branch="False" />
            <line number="77" hits="71" branch="False" />
            <line number="78" hits="33" branch="False" />
            <line number="79" hits="33" branch="False" />
            <line number="80" hits="33" branch="False" />
            <line number="51" hits="38" branch="False" />
            <line number="63" hits="38" branch="False" />
          </lines>
        </class>
        <class name="LineupWorker.Models.LineupEvent" filename="Models/LineupEvent.cs" line-rate="1" branch-rate="1" complexity="9">
          <methods>
            <method name="get_MatchId" signature="()" line-rate="1" branch-rate="1" complexity="1">
              <lines>
                <line number="5" hits="434" branch="False" />
              </lines>
            </method>
            <method name="get_HomeTeam" signature="()" line-rate="1" branch-rate="1" complexity="1">
              <lines>
                <line number="6" hits="174" branch="False" />
              </lines>
            </method>
            <method name="get_AwayTeam" signature="()" line-rate="1" branch-rate="1" complexity="1">
              <lines>
                <line number="7" hits="172" branch="False" />
              </lines>
            </method>
            <method name="get_Side" signature="()" line-rate="1" branch-rate="1" complexity="1">
              <lines>
                <line number="8" hits="266" branch="False" />
              </lines>
            </method>
            <method name="get_Starters" signature="()" line-rate="1" branch-rate="1" complexity="1">
              <lines>
                <line number="9" hits="416" branch="False" />
              </lines>
            </method>
            <method name="get_Subs" signature="()" line-rate="1" branch-rate="1" complexity="1">
              <lines>
                <line number="10" hits="364" branch="False" />
              </lines>
            </method>
            <method name="get_CapturedAt" signature="()" line-rate="1" branch-rate="1" complexity="1">
              <lines>
                <line number="11" hits="323" branch="False" />
              </lines>
            </method>
            <method name="get_ModelInputs" signature="()" line-rate="1" branch-rate="1" complexity="1">
              <lines>
                <line number="14" hits="124" branch="False" />
              </lines>
            </method>
            <method name=".ctor" signature="(System.String,System.String,System.String,System.String,System.String[],System.String[],System.DateTimeOffset)" line-rate="1" branch-rate="1" complexity="1">
              <lines>
                <line number="4" hits="48" branch="False" />
                <line number="12" hits="48" branch="False" />
              </lines>
            </method>
          </methods>
          <lines>
            <line number="5" hits="434" branch="False" />
            <line number="6" hits="174" branch="False" />
            <line number="7" hits="172" branch="False" />
            <line number="8" hits="266" branch="False" />
            <line number="9" hits="416" branch="False" />
            <line number="10" hits="364" branch="False" />
            <line number="11" hits="323" branch="False" />
            <line number="14" hits="124" branch="False" />
            <line number="4" hits="48" branch="False" />
            <line number="12" hits="48" branch="False" />
          </lines>
        </class>
        <class name="LineupWorker.Models.LineupState" filename="Models/LineupEvent.cs" line-rate="1" branch-rate="1" complexity="17">
          <methods>
            <method name="get_MatchId" signature="()" line-rate="1" branch-rate="1" complexity="1">
              <lines>
                <line number="19" hits="255" branch="False" />
              </lines>
            </method>
            <method name="get_DeltaVorpHome" signature="()" line-rate="1" branch-rate="1" complexity="1">
              <lines>
                <line number="20" hits="390" branch="False" />
              </lines>
            </method>
            <method name="get_DeltaVorpAway" signature="()" line-rate="1" branch-rate="1" complexity="1">
              <lines>
                <line number="21" hits="373" branch="False" />
              </lines>
            </method>
            <method name="get_HomeLineupComplete" signature="()" line-rate="1" branch-rate="1" complexity="1">
              <lines>
                <line number="22" hits="191" branch="False" />
              </lines>
            </method>
            <method name="get_AwayLineupComplete" signature="()" line-rate="1" branch-rate="1" complexity="1">
              <lines>
                <line number="23" hits="173" branch="False" />
              </lines>
            </method>
            <method name="get_LineupCapturedAt" signature="()" line-rate="1" branch-rate="1" complexity="1">
              <lines>
                <line number="25" hits="178" branch="False" />
              </lines>
            </method>
            <method name="get_ComputedAt" signature="()" line-rate="1" branch-rate="1" complexity="1">
              <lines>
                <line number="26" hits="142" branch="False" />
              </lines>
            </method>
            <method name="get_FallbackStrategy" signature="()" line-rate="1" branch-rate="1" complexity="1">
              <lines>
                <line number="27" hits="101" branch="False" />
              </lines>
            </method>
            <method name="get_HomeCapturedAt" signature="()" line-rate="1" branch-rate="1" complexity="1">
              <lines>
                <line number="32" hits="202" branch="False" />
              </lines>
            </method>
            <method name="get_AwayCapturedAt" signature="()" line-rate="1" branch-rate="1" complexity="1">
              <lines>
                <line number="33" hits="158" branch="False" />
              </lines>
            </method>
            <method name="get_HomeEventIdentity" signature="()" line-rate="1" branch-rate="1" complexity="1">
              <lines>
                <line number="34" hits="202" branch="False" />
              </lines>
            </method>
            <method name="get_AwayEventIdentity" signature="()" line-rate="1" branch-rate="1" complexity="1">
              <lines>
                <line number="35" hits="158" branch="False" />
              </lines>
            </method>
            <method name="get_WatchdogDeadlineUnixMs" signature="()" line-rate="1" branch-rate="1" complexity="1">
              <lines>
                <line number="38" hits="282" branch="False" />
              </lines>
            </method>
            <method name="get_ModelInputIdentity" signature="()" line-rate="1" branch-rate="1" complexity="1">
              <lines>
                <line number="39" hits="228" branch="False" />
              </lines>
            </method>
            <method name="get_HomeTeamIdentity" signature="()" line-rate="1" branch-rate="1" complexity="1">
              <lines>
                <line number="40" hits="225" branch="False" />
              </lines>
            </method>
            <method name="get_AwayTeamIdentity" signature="()" line-rate="1" branch-rate="1" complexity="1">
              <lines>
                <line number="41" hits="225" branch="False" />
              </lines>
            </method>
            <method name=".ctor" signature="(System.String,System.Double,System.Double,System.Boolean,System.Boolean,System.DateTimeOffset,System.DateTimeOffset,System.String)" line-rate="1" branch-rate="1" complexity="1">
              <lines>
                <line number="18" hits="123" branch="False" />
                <line number="24" hits="123" branch="False" />
                <line number="28" hits="123" branch="False" />
              </lines>
            </method>
          </methods>
          <lines>
            <line number="19" hits="255" branch="False" />
            <line number="20" hits="390" branch="False" />
            <line number="21" hits="373" branch="False" />
            <line number="22" hits="191" branch="False" />
            <line number="23" hits="173" branch="False" />
            <line number="25" hits="178" branch="False" />
            <line number="26" hits="142" branch="False" />
            <line number="27" hits="101" branch="False" />
            <line number="32" hits="202" branch="False" />
            <line number="33" hits="158" branch="False" />
            <line number="34" hits="202" branch="False" />
            <line number="35" hits="158" branch="False" />
            <line number="38" hits="282" branch="False" />
            <line number="39" hits="228" branch="False" />
            <line number="40" hits="225" branch="False" />
            <line number="41" hits="225" branch="False" />
            <line number="18" hits="123" branch="False" />
            <line number="24" hits="123" branch="False" />
            <line number="28" hits="123" branch="False" />
          </lines>
        </class>
        <class name="LineupWorker.Models.VarianceWideningSignal" filename="Models/LineupEvent.cs" line-rate="1" branch-rate="1" complexity="6">
          <methods>
            <method name="get_MatchId" signature="()" line-rate="1" branch-rate="1" complexity="1">
              <lines>
                <line number="46" hits="5" branch="False" />
              </lines>
            </method>
            <method name="get_Side" signature="()" line-rate="1" branch-rate="1" complexity="1">
              <lines>
                <line number="47" hits="8" branch="False" />
              </lines>
            </method>
            <method name="get_VarianceMultiplier" signature="()" line-rate="1" branch-rate="1" complexity="1">
              <lines>
                <line number="48" hits="4" branch="False" />
              </lines>
            </method>
            <method name="get_TitularidadeMatrix" signature="()" line-rate="1" branch-rate="1" complexity="1">
              <lines>
                <line number="49" hits="4" branch="False" />
              </lines>
            </method>
            <method name="get_IssuedAt" signature="()" line-rate="1" branch-rate="1" complexity="1">
              <lines>
                <line number="50" hits="4" branch="False" />
              </lines>
            </method>
            <method name=".ctor" signature="(System.String,System.String,System.Double,System.Double[],System.DateTimeOffset)" line-rate="1" branch-rate="1" complexity="1">
              <lines>
                <line number="45" hits="6" branch="False" />
                <line number="51" hits="6" branch="False" />
              </lines>
            </method>
          </methods>
          <lines>
            <line number="46" hits="5" branch="False" />
            <line number="47" hits="8" branch="False" />
            <line number="48" hits="4" branch="False" />
            <line number="49" hits="4" branch="False" />
            <line number="50" hits="4" branch="False" />
            <line number="45" hits="6" branch="False" />
            <line number="51" hits="6" branch="False" />
          </lines>
        </class>
        <class name="LineupWorker.Models.LineupModelInputs" filename="Models/LineupModelInputs.cs" line-rate="1" branch-rate="0.92" complexity="55">
          <methods>
            <method name="get_Version" signature="()" line-rate="1" branch-rate="1" complexity="1">
              <lines>
                <line number="10" hits="57" branch="False" />
              </lines>
            </method>
            <method name="get_EloHome" signature="()" line-rate="1" branch-rate="1" complexity="1">
              <lines>
                <line number="11" hits="60" branch="False" />
              </lines>
            </method>
            <method name="get_LearnedThrough" signature="()" line-rate="1" branch-rate="1" complexity="1">
              <lines>
                <line number="12" hits="48" branch="False" />
              </lines>
            </method>
            <method name="get_Positions" signature="()" line-rate="1" branch-rate="1" complexity="1">
              <lines>
                <line number="13" hits="87" branch="False" />
              </lines>
            </method>
            <method name="Clock" signature="(System.String)" line-rate="1" branch-rate="1" complexity="6">
              <lines>
                <line number="17" hits="22" branch="True" condition-coverage="100% (6/6)">
                  <conditions>
                    <condition number="1" type="jump" coverage="100%" />
                    <condition number="14" type="jump" coverage="100%" />
                    <condition number="30" type="jump" coverage="100%" />
                  </conditions>
                </line>
                <line number="18" hits="22" branch="False" />
                <line number="19" hits="1" branch="False" />
                <line number="20" hits="21" branch="False" />
              </lines>
            </method>
            <method name="Validate" signature="(LineupWorker.Models.LineupEvent,System.DateTimeOffset,System.String)" line-rate="1" branch-rate="1" complexity="34">
              <lines>
                <line number="25" hits="8" branch="True" condition-coverage="100% (20/20)">
                  <conditions>
                    <condition number="11" type="jump" coverage="100%" />
                    <condition number="33" type="jump" coverage="100%" />
                    <condition number="52" type="jump" coverage="100%" />
                    <condition number="71" type="jump" coverage="100%" />
                    <condition number="84" type="jump" coverage="100%" />
                    <condition number="97" type="jump" coverage="100%" />
                    <condition number="114" type="jump" coverage="100%" />
                    <condition number="131" type="jump" coverage="100%" />
                    <condition number="139" type="jump" coverage="100%" />
                    <condition number="153" type="jump" coverage="100%" />
                  </conditions>
                </line>
                <line number="26" hits="8" branch="False" />
                <line number="27" hits="8" branch="False" />
                <line number="28" hits="2" branch="False" />
                <line number="29" hits="6" branch="False" />
                <line number="30" hits="6" branch="False" />
                <line number="31" hits="5" branch="False" />
                <line number="32" hits="5" branch="False" />
                <line number="33" hits="5" branch="True" condition-coverage="100% (10/10)">
                  <conditions>
                    <condition number="221" type="jump" coverage="100%" />
                    <condition number="230" type="jump" coverage="100%" />
                    <condition number="239" type="jump" coverage="100%" />
                    <condition number="248" type="jump" coverage="100%" />
                    <condition number="262" type="jump" coverage="100%" />
                  </conditions>
                </line>
                <line number="34" hits="1" branch="False" />
                <line number="35" hits="38" branch="True" condition-coverage="100% (4/4)">
                  <conditions>
                    <condition number="281" type="jump" coverage="100%" />
                    <condition number="306" type="jump" coverage="100%" />
                  </conditions>
                </line>
                <line number="36" hits="38" branch="False" />
                <line number="37" hits="1" branch="False" />
                <line number="38" hits="69" branch="False" />
                <line number="39" hits="3" branch="False" />
              </lines>
            </method>
            <method name=".ctor" signature="(System.String,System.String,System.String,System.String,System.Double,System.Double,System.String,System.String,System.String,System.String,System.String,System.Collections.Generic.IReadOnlyDictionary`2&lt;System.String,System.String&gt;)" line-rate="1" branch-rate="1" complexity="1">
              <lines>
                <line number="9" hits="3" branch="False" />
              </lines>
            </method>
          </methods>
          <lines>
            <line number="10" hits="57" branch="False" />
            <line number="11" hits="60" branch="False" />
            <line number="12" hits="48" branch="False" />
            <line number="13" hits="87" branch="False" />
            <line number="17" hits="22" branch="True" condition-coverage="100% (6/6)">
              <conditions>
                <condition number="1" type="jump" coverage="100%" />
                <condition number="14" type="jump" coverage="100%" />
                <condition number="30" type="jump" coverage="100%" />
              </conditions>
            </line>
            <line number="18" hits="22" branch="False" />
            <line number="19" hits="1" branch="False" />
            <line number="20" hits="21" branch="False" />
            <line number="25" hits="8" branch="True" condition-coverage="100% (20/20)">
              <conditions>
                <condition number="11" type="jump" coverage="100%" />
                <condition number="33" type="jump" coverage="100%" />
                <condition number="52" type="jump" coverage="100%" />
                <condition number="71" type="jump" coverage="100%" />
                <condition number="84" type="jump" coverage="100%" />
                <condition number="97" type="jump" coverage="100%" />
                <condition number="114" type="jump" coverage="100%" />
                <condition number="131" type="jump" coverage="100%" />
                <condition number="139" type="jump" coverage="100%" />
                <condition number="153" type="jump" coverage="100%" />
              </conditions>
            </line>
            <line number="26" hits="8" branch="False" />
            <line number="27" hits="8" branch="False" />
            <line number="28" hits="2" branch="False" />
            <line number="29" hits="6" branch="False" />
            <line number="30" hits="6" branch="False" />
            <line number="31" hits="5" branch="False" />
            <line number="32" hits="5" branch="False" />
            <line number="33" hits="5" branch="True" condition-coverage="100% (10/10)">
              <conditions>
                <condition number="221" type="jump" coverage="100%" />
                <condition number="230" type="jump" coverage="100%" />
                <condition number="239" type="jump" coverage="100%" />
                <condition number="248" type="jump" coverage="100%" />
                <condition number="262" type="jump" coverage="100%" />
              </conditions>
            </line>
            <line number="34" hits="1" branch="False" />
            <line number="35" hits="38" branch="True" condition-coverage="100% (4/4)">
              <conditions>
                <condition number="281" type="jump" coverage="100%" />
                <condition number="306" type="jump" coverage="100%" />
              </conditions>
            </line>
            <line number="36" hits="38" branch="False" />
            <line number="37" hits="1" branch="False" />
            <line number="38" hits="69" branch="False" />
            <line number="39" hits="3" branch="False" />
            <line number="9" hits="3" branch="False" />
          </lines>
        </class>
      </classes>
    </package>
  </packages>
</coverage>