<?xml version="1.0" encoding="utf-8"?><testsuites name="pytest tests"><testsuite name="pytest" errors="0" failures="0" skipped="0" tests="119" time="27.490" timestamp="2026-09-10T13:35:23.881936-03:00" hostname="Leo"><testcase classname="tests.test_closeout_integrity" name="test_score_cannot_be_truncated_or_boolean[True]" time="6.079" /><testcase classname="tests.test_closeout_integrity" name="test_score_cannot_be_truncated_or_boolean[1.9_0]" time="0.034" /><testcase classname="tests.test_closeout_integrity" name="test_score_cannot_be_truncated_or_boolean[1.9_1]" time="0.037" /><testcase classname="tests.test_closeout_integrity" name="test_score_cannot_be_truncated_or_boolean[inf]" time="0.037" /><testcase classname="tests.test_closeout_integrity" name="test_half_time_requires_two_integer_counts[ht0]" time="0.037" /><testcase classname="tests.test_closeout_integrity" name="test_half_time_requires_two_integer_counts[ht1]" time="0.046" /><testcase classname="tests.test_closeout_integrity" name="test_half_time_requires_two_integer_counts[ht2]" time="0.037" /><testcase classname="tests.test_closeout_integrity" name="test_half_time_requires_two_integer_counts[ht3]" time="0.030" /><testcase classname="tests.test_closeout_integrity" name="test_summary_rejects_duplicate_settlement" time="0.080" /><testcase classname="tests.test_closeout_integrity" name="test_summary_rejects_orphan_and_changed_amount" time="0.096" /><testcase classname="tests.test_closeout_integrity" name="test_imported_duplicate_bet_id_is_rejected" time="0.054" /><testcase classname="tests.test_closeout_integrity" name="test_malformed_json_journal_refused[{&quot;kind&quot;:&quot;bet&quot;,&quot;stake&quot;:NaN}]" time="0.019" /><testcase classname="tests.test_closeout_integrity" name="test_malformed_json_journal_refused[{&quot;kind&quot;:&quot;bet&quot;,&quot;kind&quot;:&quot;settlement&quot;}]" time="0.015" /><testcase classname="tests.test_closeout_integrity" name="test_last_unusable_state_must_not_resurrect_price[changes0]" time="0.002" /><testcase classname="tests.test_closeout_integrity" name="test_last_unusable_state_must_not_resurrect_price[changes1]" time="0.003" /><testcase classname="tests.test_closeout_integrity" name="test_last_unusable_state_must_not_resurrect_price[changes2]" time="0.005" /><testcase classname="tests.test_closeout_integrity" name="test_closing_conflicting_latest_tie_abstains" time="0.002" /><testcase classname="tests.test_closeout_integrity" name="test_closing_cannot_mix_event_source_or_contract[changes0]" time="0.002" /><testcase classname="tests.test_closeout_integrity" name="test_closing_cannot_mix_event_source_or_contract[changes1]" time="0.004" /><testcase classname="tests.test_closeout_integrity" name="test_closing_cannot_mix_event_source_or_contract[changes2]" time="0.002" /><testcase classname="tests.test_closeout_integrity" name="test_closing_cannot_mix_event_source_or_contract[changes3]" time="0.002" /><testcase classname="tests.test_closeout_integrity" name="test_curated_clock_cannot_follow_receipt[observed_at]" time="0.081" /><testcase classname="tests.test_closeout_integrity" name="test_curated_clock_cannot_follow_receipt[published_at]" time="0.063" /><testcase classname="tests.test_closeout_integrity" name="test_readiness_rejects_coerced_or_blank_input[changes0]" time="0.008" /><testcase classname="tests.test_closeout_integrity" name="test_readiness_rejects_coerced_or_blank_input[changes1]" time="0.002" /><testcase classname="tests.test_closeout_integrity" name="test_readiness_rejects_coerced_or_blank_input[changes2]" time="0.002" /><testcase classname="tests.test_closeout_integrity" name="test_readiness_rejects_coerced_or_blank_input[changes3]" time="0.003" /><testcase classname="tests.test_closeout_integrity" name="test_readiness_rejects_coerced_or_blank_input[changes4]" time="0.005" /><testcase classname="tests.test_closeout_integrity" name="test_declarations_do_not_certify_prospective_evidence" time="0.004" /><testcase classname="tests.test_closeout_integrity" name="test_inconsistent_chronology_blocks_contract[changes0]" time="0.002" /><testcase classname="tests.test_closeout_integrity" name="test_inconsistent_chronology_blocks_contract[changes1]" time="0.003" /><testcase classname="tests.test_closeout_integrity" name="test_inconsistent_chronology_blocks_contract[changes2]" time="0.002" /><testcase classname="tests.test_closeout_integrity" name="test_inconsistent_chronology_blocks_contract[changes3]" time="0.002" /><testcase classname="tests.test_bet_log" name="test_add_grava_linha_aberta" time="0.031" /><testcase classname="tests.test_bet_log" name="test_add_rejeita_mercado_e_odd_invalidos" time="0.008" /><testcase classname="tests.test_bet_log" name="test_settle_rejeita_placar_negativo" time="0.019" /><testcase classname="tests.test_bet_log" name="test_settle_ganha_perde_e_nao_duplica" time="0.118" /><testcase classname="tests.test_bet_log" name="test_settle_casa_por_conjunto_de_times" time="0.044" /><testcase classname="tests.test_bet_log" name="test_settle_periodo_exige_ht_e_fecha_com_ht" time="0.129" /><testcase classname="tests.test_bet_log" name="test_summary_separa_validado_de_informativo" time="0.094" /><testcase classname="tests.test_bet_log" name="test_summary_roi" time="0.097" /><testcase classname="tests.test_bet_log" name="test_banca_saldo_exposicao_e_drawdown" time="0.123" /><testcase classname="tests.test_bet_log" name="test_banca_deposito_saque_e_reinit" time="0.054" /><testcase classname="tests.test_bet_log" name="test_kickoff_marca_aposta_tardia" time="0.063" /><testcase classname="tests.test_bet_log" name="test_aviso_de_bilhete_duplicado_aberto" time="0.091" /><testcase classname="tests.test_bet_log" name="test_settle_rejeita_ht_maior_que_final" time="0.013" /><testcase classname="tests.test_bet_log" name="test_list_bets_casa_aberta_e_fechada" time="0.184" /><testcase classname="tests.test_bet_log" name="test_banca_none_sem_init" time="0.010" /><testcase classname="tests.test_bet_log" name="test_settle_confronto_repetido_exige_match_date_para_desambiguar" time="0.074" /><testcase classname="tests.test_bet_log" name="test_settle_idempotente_sobrevive_a_reordenacao_do_arquivo" time="0.078" /><testcase classname="tests.test_bet_log" name="test_settle_placar_none_levanta_valueerror_claro" time="0.022" /><testcase classname="tests.test_bet_log" name="test_add_bet_naive_vs_aware_nao_crasha" time="0.019" /><testcase classname="tests.test_bet_log" name="test_capital_gate_status_avisa_sem_trial_comprovada" time="0.046" /><testcase classname="tests.test_bet_log" name="test_capital_gate_status_silencioso_com_trial_comprovada" time="0.035" /><testcase classname="tests.test_bet_log" name="test_capital_gate_status_ignora_mercado_fora_do_gate" time="0.013" /><testcase classname="tests.test_bet_log" name="test_capital_gate_status_falha_fechado_sem_trials_json" time="0.011" /><testcase classname="tests.test_bet_id" name="test_bet_id_unico_e_presente" time="0.036" /><testcase classname="tests.test_bet_id" name="test_bet_id_injetavel_e_carimbado_no_settlement" time="0.076" /><testcase classname="tests.test_bet_id" name="test_aposta_legada_sem_bet_id_liquida_normal" time="0.041" /><testcase classname="tests.test_completion_ledger" name="test_invalid_bet_cannot_enter_journal[changes0]" time="0.014" /><testcase classname="tests.test_completion_ledger" name="test_invalid_bet_cannot_enter_journal[changes1]" time="0.017" /><testcase classname="tests.test_completion_ledger" name="test_invalid_bet_cannot_enter_journal[changes2]" time="0.009" /><testcase classname="tests.test_completion_ledger" name="test_invalid_bet_cannot_enter_journal[changes3]" time="0.012" /><testcase classname="tests.test_completion_ledger" name="test_invalid_bet_cannot_enter_journal[changes4]" time="0.014" /><testcase classname="tests.test_completion_ledger" name="test_invalid_bet_cannot_enter_journal[changes5]" time="0.013" /><testcase classname="tests.test_completion_ledger" name="test_stable_bet_id_survives_line_reordering_in_list_and_bank" time="0.096" /><testcase classname="tests.test_completion_ledger" name="test_duplicate_bet_id_is_rejected_before_append" time="0.029" /><testcase classname="tests.test_completion_ledger" name="test_invalid_half_time_each_side_rejected_before_any_settlement" time="0.027" /><testcase classname="tests.test_info_stake_cap" name="test_sem_env_var_nada_muda" time="0.016" /><testcase classname="tests.test_info_stake_cap" name="test_teto_bloqueia_informativa_acima" time="0.009" /><testcase classname="tests.test_info_stake_cap" name="test_teto_permite_informativa_dentro" time="0.016" /><testcase classname="tests.test_info_stake_cap" name="test_mercado_validado_ignora_teto" time="0.018" /><testcase classname="tests.test_pit_backfill" name="test_raw_is_write_once_hashable_and_tamper_detected" time="0.044" /><testcase classname="tests.test_pit_backfill" name="test_curated_store_has_provenance_and_never_touches_live" time="0.064" /><testcase classname="tests.test_pit_backfill" name="test_entity_resolution_rejects_ambiguous_case" time="0.002" /><testcase classname="tests.test_pit_backfill" name="test_closing_requires_valid_pre_kickoff_quote_and_versions_definition" time="0.002" /><testcase classname="tests.test_pit_backfill" name="test_curated_odds_rejects_future_capture_and_preserves_all_clocks" time="0.060" /><testcase classname="tests.test_pit_backfill" name="test_pit_rejects_future_and_evaluation_view_is_temporal" time="0.069" /><testcase classname="tests.test_pit_backfill" name="test_walk_forward_holdout_and_cluster_gate_never_enable_capital" time="0.011" /><testcase classname="tests.test_completion_pit_contracts" name="test_charter_is_part_of_observation_identity" time="0.037" /><testcase classname="tests.test_completion_pit_contracts" name="test_same_payload_changed_event_clock_is_a_conflict" time="0.037" /><testcase classname="tests.test_completion_pit_contracts" name="test_legacy_schema_is_refused_without_modifying_its_bytes" time="0.033" /><testcase classname="tests.test_completion_pit_contracts" name="test_sql_decision_uses_utc_not_lexical_offset" time="0.002" /><testcase classname="tests.test_completion_pit_contracts" name="test_club_concentration_uses_club_appearances_denominator" time="0.002" /><testcase classname="tests.test_completion_pit_contracts" name="test_bootstrap_rejects_nonfinite_and_boolean_results[inf]" time="0.002" /><testcase classname="tests.test_completion_pit_contracts" name="test_bootstrap_rejects_nonfinite_and_boolean_results[-inf]" time="0.002" /><testcase classname="tests.test_completion_pit_contracts" name="test_bootstrap_rejects_nonfinite_and_boolean_results[True]" time="0.002" /><testcase classname="tests.test_completion_pit_contracts" name="test_ou_rejects_unimplemented_line_contract[nan]" time="0.004" /><testcase classname="tests.test_completion_pit_contracts" name="test_ou_rejects_unimplemented_line_contract[inf]" time="0.002" /><testcase classname="tests.test_completion_pit_contracts" name="test_ou_rejects_unimplemented_line_contract[True]" time="0.002" /><testcase classname="tests.test_completion_pit_contracts" name="test_ou_rejects_unimplemented_line_contract[2.25]" time="0.002" /><testcase classname="tests.test_prediction_protocol" name="test_pre_match_ready_with_explicit_probable_lineup" time="0.002" /><testcase classname="tests.test_prediction_protocol" name="test_pre_match_fails_closed[changes0-POST_KICKOFF_PRE_MATCH]" time="0.002" /><testcase classname="tests.test_prediction_protocol" name="test_pre_match_fails_closed[changes1-FUTURE_DATA_CUTOFF]" time="0.002" /><testcase classname="tests.test_prediction_protocol" name="test_pre_match_fails_closed[changes2-TRAINING_MATCH_NOT_PRIOR]" time="0.002" /><testcase classname="tests.test_prediction_protocol" name="test_pre_match_fails_closed[changes3-RESULT_NOT_AVAILABLE]" time="0.002" /><testcase classname="tests.test_prediction_protocol" name="test_pre_match_fails_closed[changes4-INCOMPLETE_CURRENT_HISTORY]" time="0.004" /><testcase classname="tests.test_prediction_protocol" name="test_pre_match_fails_closed[changes5-FUTURE_LINEUP]" time="0.002" /><testcase classname="tests.test_prediction_protocol" name="test_pre_match_fails_closed[changes6-FUTURE_ODDS]" time="0.004" /><testcase classname="tests.test_prediction_protocol" name="test_pre_match_fails_closed[changes7-LINEUP_STATUS_UNKNOWN]" time="0.002" /><testcase classname="tests.test_prediction_protocol" name="test_pre_match_fails_closed[changes8-CAPITAL_BLOCKED]" time="0.002" /><testcase classname="tests.test_prediction_protocol" name="test_live_requires_state_and_rejects_unvalidated_features" time="0.002" /><testcase classname="tests.test_prediction_protocol" name="test_live_ready_with_point_in_time_state" time="0.002" /><testcase classname="tests.test_prediction_protocol" name="test_retrospective_is_never_designated_official" time="0.002" /><testcase classname="tests.test_prediction_protocol" name="test_naive_datetime_is_rejected" time="0.008" /><testcase classname="tests.test_prediction_protocol" name="test_readiness_cli_exit_code[changes0-0]" time="0.061" /><testcase classname="tests.test_prediction_protocol" name="test_readiness_cli_exit_code[changes1-2]" time="0.022" /><testcase classname="tests.test_completion_math_consumer" name="test_total_negative_binomial_is_sum_of_two_team_distributions" time="0.017" /><testcase classname="tests.test_completion_math_consumer" name="test_market_pricer_rejects_invalid_probability_measures[grid0]" time="0.006" /><testcase classname="tests.test_completion_math_consumer" name="test_market_pricer_rejects_invalid_probability_measures[grid1]" time="0.005" /><testcase classname="tests.test_completion_math_consumer" name="test_market_pricer_rejects_invalid_probability_measures[grid2]" time="0.006" /><testcase classname="tests.test_completion_math_consumer" name="test_market_pricer_rejects_invalid_probability_measures[grid3]" time="0.011" /><testcase classname="tests.test_completion_math_consumer" name="test_handicap_rejects_unsupported_or_invalid_lines[nan]" time="0.002" /><testcase classname="tests.test_completion_math_consumer" name="test_handicap_rejects_unsupported_or_invalid_lines[inf]" time="0.010" /><testcase classname="tests.test_completion_math_consumer" name="test_handicap_rejects_unsupported_or_invalid_lines[0.3]" time="0.005" /><testcase classname="tests.test_completion_math_consumer" name="test_handicap_rejects_unsupported_or_invalid_lines[True]" time="0.019" /><testcase classname="tests.test_completion_math_consumer" name="test_prediction_protocol_rejects_negative_live_score" time="0.005" /><testcase classname="tests.test_completion_math_consumer" name="test_full_prediction_cli_cannot_succeed_after_audit_log_failure[False]" time="0.075" /><testcase classname="tests.test_completion_math_consumer" name="test_full_prediction_cli_cannot_succeed_after_audit_log_failure[True]" time="0.008" /></testsuite></testsuites>